{"/home/travis/build/npmtest/node-npmtest-protobufjs/test.js":{"path":"/home/travis/build/npmtest/node-npmtest-protobufjs/test.js","s":{"1":2,"2":2,"3":2,"4":2,"5":2,"6":2,"7":2,"8":1,"9":2,"10":2,"11":1,"12":1,"13":1,"14":1,"15":2,"16":2,"17":2,"18":2,"19":1,"20":1,"21":2,"22":2,"23":2,"24":1,"25":1,"26":1,"27":1,"28":1,"29":1,"30":1,"31":1,"32":1,"33":1,"34":1,"35":1,"36":1,"37":2,"38":2,"39":1,"40":2,"41":2,"42":1,"43":2,"44":2,"45":1,"46":2,"47":2,"48":1,"49":1,"50":1,"51":1,"52":1},"b":{"1":[2,1,1,1],"2":[1,1,1,1],"3":[1,1],"4":[1,1],"5":[1,1],"6":[1,1],"7":[1,1],"8":[1,1],"9":[1,1,1],"10":[1,1],"11":[1,1],"12":[1,1],"13":[1,1],"14":[1,1],"15":[1,1],"16":[1,1]},"f":{"1":2,"2":2,"3":2,"4":2,"5":2,"6":1,"7":1,"8":2,"9":2,"10":2,"11":2,"12":1},"fnMap":{"1":{"name":"(anonymous_1)","line":12,"loc":{"start":{"line":12,"column":1},"end":{"line":12,"column":13}}},"2":{"name":"(anonymous_2)","line":19,"loc":{"start":{"line":19,"column":5},"end":{"line":19,"column":17}}},"3":{"name":"(anonymous_3)","line":23,"loc":{"start":{"line":23,"column":24},"end":{"line":23,"column":36}}},"4":{"name":"(anonymous_4)","line":61,"loc":{"start":{"line":61,"column":5},"end":{"line":61,"column":17}}},"5":{"name":"(anonymous_5)","line":82,"loc":{"start":{"line":82,"column":5},"end":{"line":82,"column":17}}},"6":{"name":"(anonymous_6)","line":102,"loc":{"start":{"line":102,"column":83},"end":{"line":105,"column":10}},"skip":true},"7":{"name":"(anonymous_7)","line":113,"loc":{"start":{"line":113,"column":77},"end":{"line":116,"column":10}},"skip":true},"8":{"name":"(anonymous_8)","line":129,"loc":{"start":{"line":129,"column":12},"end":{"line":129,"column":40}},"skip":true},"9":{"name":"(anonymous_9)","line":137,"loc":{"start":{"line":137,"column":77},"end":{"line":140,"column":10}},"skip":true},"10":{"name":"(anonymous_10)","line":148,"loc":{"start":{"line":148,"column":83},"end":{"line":151,"column":10}},"skip":true},"11":{"name":"(anonymous_11)","line":159,"loc":{"start":{"line":159,"column":79},"end":{"line":162,"column":10}},"skip":true},"12":{"name":"(anonymous_12)","line":170,"loc":{"start":{"line":170,"column":75},"end":{"line":173,"column":10}},"skip":true}},"statementMap":{"1":{"start":{"line":12,"column":0},"end":{"line":185,"column":5}},"2":{"start":{"line":14,"column":4},"end":{"line":14,"column":14}},"3":{"start":{"line":19,"column":4},"end":{"line":56,"column":9}},"4":{"start":{"line":21,"column":8},"end":{"line":21,"column":19}},"5":{"start":{"line":23,"column":8},"end":{"line":35,"column":13}},"6":{"start":{"line":24,"column":12},"end":{"line":34,"column":13}},"7":{"start":{"line":25,"column":16},"end":{"line":28,"column":30}},"8":{"start":{"line":30,"column":16},"end":{"line":33,"column":27}},"9":{"start":{"line":37,"column":8},"end":{"line":39,"column":21}},"10":{"start":{"line":40,"column":8},"end":{"line":53,"column":9}},"11":{"start":{"line":43,"column":12},"end":{"line":46,"column":14}},"12":{"start":{"line":47,"column":12},"end":{"line":47,"column":18}},"13":{"start":{"line":50,"column":12},"end":{"line":51,"column":46}},"14":{"start":{"line":52,"column":12},"end":{"line":52,"column":18}},"15":{"start":{"line":55,"column":8},"end":{"line":55,"column":35}},"16":{"start":{"line":61,"column":4},"end":{"line":63,"column":9}},"17":{"start":{"line":62,"column":8},"end":{"line":62,"column":15}},"18":{"start":{"line":64,"column":4},"end":{"line":77,"column":5}},"19":{"start":{"line":70,"column":8},"end":{"line":70,"column":14}},"20":{"start":{"line":76,"column":8},"end":{"line":76,"column":14}},"21":{"start":{"line":82,"column":4},"end":{"line":84,"column":9}},"22":{"start":{"line":83,"column":8},"end":{"line":83,"column":15}},"23":{"start":{"line":85,"column":4},"end":{"line":184,"column":5}},"24":{"start":{"line":92,"column":8},"end":{"line":94,"column":63}},"25":{"start":{"line":95,"column":8},"end":{"line":95,"column":14}},"26":{"start":{"line":102,"column":8},"end":{"line":111,"column":10},"skip":true},"27":{"start":{"line":109,"column":12},"end":{"line":109,"column":55},"skip":true},"28":{"start":{"line":110,"column":12},"end":{"line":110,"column":48},"skip":true},"29":{"start":{"line":113,"column":8},"end":{"line":126,"column":10},"skip":true},"30":{"start":{"line":120,"column":12},"end":{"line":120,"column":76},"skip":true},"31":{"start":{"line":121,"column":12},"end":{"line":121,"column":73},"skip":true},"32":{"start":{"line":122,"column":12},"end":{"line":122,"column":74},"skip":true},"33":{"start":{"line":123,"column":12},"end":{"line":123,"column":79},"skip":true},"34":{"start":{"line":124,"column":12},"end":{"line":124,"column":25},"skip":true},"35":{"start":{"line":125,"column":12},"end":{"line":125,"column":45},"skip":true},"36":{"start":{"line":128,"column":8},"end":{"line":135,"column":14},"skip":true},"37":{"start":{"line":133,"column":16},"end":{"line":133,"column":29},"skip":true},"38":{"start":{"line":134,"column":16},"end":{"line":134,"column":55},"skip":true},"39":{"start":{"line":137,"column":8},"end":{"line":146,"column":10},"skip":true},"40":{"start":{"line":144,"column":12},"end":{"line":144,"column":25},"skip":true},"41":{"start":{"line":145,"column":12},"end":{"line":145,"column":45},"skip":true},"42":{"start":{"line":148,"column":8},"end":{"line":157,"column":10},"skip":true},"43":{"start":{"line":155,"column":12},"end":{"line":155,"column":25},"skip":true},"44":{"start":{"line":156,"column":12},"end":{"line":156,"column":48},"skip":true},"45":{"start":{"line":159,"column":8},"end":{"line":168,"column":10},"skip":true},"46":{"start":{"line":166,"column":12},"end":{"line":166,"column":25},"skip":true},"47":{"start":{"line":167,"column":12},"end":{"line":167,"column":46},"skip":true},"48":{"start":{"line":170,"column":8},"end":{"line":179,"column":10},"skip":true},"49":{"start":{"line":177,"column":12},"end":{"line":177,"column":94},"skip":true},"50":{"start":{"line":178,"column":12},"end":{"line":178,"column":48},"skip":true},"51":{"start":{"line":182,"column":8},"end":{"line":182,"column":35},"skip":true},"52":{"start":{"line":183,"column":8},"end":{"line":183,"column":14},"skip":true}},"branchMap":{"1":{"line":25,"type":"binary-expr","locations":[{"start":{"line":25,"column":23},"end":{"line":25,"column":62}},{"start":{"line":26,"column":20},"end":{"line":26,"column":70}},{"start":{"line":27,"column":20},"end":{"line":27,"column":71}},{"start":{"line":28,"column":20},"end":{"line":28,"column":29}}]},"2":{"line":30,"type":"binary-expr","locations":[{"start":{"line":30,"column":23},"end":{"line":30,"column":37}},{"start":{"line":31,"column":20},"end":{"line":31,"column":61}},{"start":{"line":32,"column":20},"end":{"line":32,"column":70}},{"start":{"line":33,"column":20},"end":{"line":33,"column":26}}]},"3":{"line":37,"type":"cond-expr","locations":[{"start":{"line":38,"column":14},"end":{"line":38,"column":20}},{"start":{"line":39,"column":14},"end":{"line":39,"column":20}}]},"4":{"line":40,"type":"switch","locations":[{"start":{"line":42,"column":8},"end":{"line":47,"column":18}},{"start":{"line":49,"column":8},"end":{"line":52,"column":18}}]},"5":{"line":44,"type":"binary-expr","locations":[{"start":{"line":44,"column":16},"end":{"line":44,"column":44}},{"start":{"line":44,"column":48},"end":{"line":44,"column":66}}]},"6":{"line":50,"type":"binary-expr","locations":[{"start":{"line":50,"column":21},"end":{"line":50,"column":49}},{"start":{"line":50,"column":53},"end":{"line":50,"column":72}}]},"7":{"line":64,"type":"switch","locations":[{"start":{"line":69,"column":4},"end":{"line":70,"column":14}},{"start":{"line":75,"column":4},"end":{"line":76,"column":14}}]},"8":{"line":85,"type":"switch","locations":[{"start":{"line":90,"column":4},"end":{"line":95,"column":14}},{"start":{"line":101,"column":4},"end":{"line":183,"column":14},"skip":true}]},"9":{"line":92,"type":"binary-expr","locations":[{"start":{"line":92,"column":18},"end":{"line":92,"column":32}},{"start":{"line":93,"column":12},"end":{"line":93,"column":53}},{"start":{"line":94,"column":12},"end":{"line":94,"column":61}}]},"10":{"line":102,"type":"binary-expr","locations":[{"start":{"line":102,"column":45},"end":{"line":102,"column":79},"skip":true},{"start":{"line":102,"column":83},"end":{"line":111,"column":9},"skip":true}]},"11":{"line":113,"type":"binary-expr","locations":[{"start":{"line":113,"column":42},"end":{"line":113,"column":73},"skip":true},{"start":{"line":113,"column":77},"end":{"line":126,"column":9},"skip":true}]},"12":{"line":128,"type":"binary-expr","locations":[{"start":{"line":128,"column":48},"end":{"line":128,"column":85},"skip":true},{"start":{"line":129,"column":12},"end":{"line":135,"column":13},"skip":true}]},"13":{"line":137,"type":"binary-expr","locations":[{"start":{"line":137,"column":42},"end":{"line":137,"column":73},"skip":true},{"start":{"line":137,"column":77},"end":{"line":146,"column":9},"skip":true}]},"14":{"line":148,"type":"binary-expr","locations":[{"start":{"line":148,"column":45},"end":{"line":148,"column":79},"skip":true},{"start":{"line":148,"column":83},"end":{"line":157,"column":9},"skip":true}]},"15":{"line":159,"type":"binary-expr","locations":[{"start":{"line":159,"column":43},"end":{"line":159,"column":75},"skip":true},{"start":{"line":159,"column":79},"end":{"line":168,"column":9},"skip":true}]},"16":{"line":170,"type":"binary-expr","locations":[{"start":{"line":170,"column":41},"end":{"line":170,"column":71},"skip":true},{"start":{"line":170,"column":75},"end":{"line":179,"column":9},"skip":true}]}},"code":["/* istanbul instrument in package npmtest_protobufjs */","/*jslint","    bitwise: true,","    browser: true,","    maxerr: 8,","    maxlen: 96,","    node: true,","    nomen: true,","    regexp: true,","    stupid: true","*/","(function () {","    'use strict';","    var local;","","","","    // run shared js-env code - pre-init","    (function () {","        // init local","        local = {};","        // init modeJs","        local.modeJs = (function () {","            try {","                return typeof navigator.userAgent === 'string' &&","                    typeof document.querySelector('body') === 'object' &&","                    typeof XMLHttpRequest.prototype.open === 'function' &&","                    'browser';","            } catch (errorCaughtBrowser) {","                return module.exports &&","                    typeof process.versions.node === 'string' &&","                    typeof require('http').createServer === 'function' &&","                    'node';","            }","        }());","        // init global","        local.global = local.modeJs === 'browser'","            ? window","            : global;","        switch (local.modeJs) {","        // re-init local from window.local","        case 'browser':","            local = local.global.utility2.objectSetDefault(","                local.global.utility2_rollup || local.global.local,","                local.global.utility2","            );","            break;","        // re-init local from example.js","        case 'node':","            local = (local.global.utility2_rollup || require('utility2'))","                .requireExampleJsFromReadme();","            break;","        }","        // export local","        local.global.local = local;","    }());","","","","    // run shared js-env code - function","    (function () {","        return;","    }());","    switch (local.modeJs) {","","","","    // run browser js-env code - function","    case 'browser':","        break;","","","","    // run node js-env code - function","    case 'node':","        break;","    }","","","","    // run shared js-env code - post-init","    (function () {","        return;","    }());","    switch (local.modeJs) {","","","","    // run browser js-env code - post-init","    case 'browser':","        // run tests","        local.nop(local.modeTest &&","            document.querySelector('#testRunButton1') &&","            document.querySelector('#testRunButton1').click());","        break;","","","","    // run node js-env code - post-init","    /* istanbul ignore next */","    case 'node':","        local.testCase_buildApidoc_default = local.testCase_buildApidoc_default || function (","            options,","            onError","        ) {","        /*","         * this function will test buildApidoc's default handling-behavior-behavior","         */","            options = { modulePathList: module.paths };","            local.buildApidoc(options, onError);","        };","","        local.testCase_buildApp_default = local.testCase_buildApp_default || function (","            options,","            onError","        ) {","        /*","         * this function will test buildApp's default handling-behavior-behavior","         */","            local.testCase_buildReadme_default(options, local.onErrorThrow);","            local.testCase_buildLib_default(options, local.onErrorThrow);","            local.testCase_buildTest_default(options, local.onErrorThrow);","            local.testCase_buildCustomOrg_default(options, local.onErrorThrow);","            options = [];","            local.buildApp(options, onError);","        };","","        local.testCase_buildCustomOrg_default = local.testCase_buildCustomOrg_default ||","            function (options, onError) {","            /*","             * this function will test buildCustomOrg's default handling-behavior","             */","                options = {};","                local.buildCustomOrg(options, onError);","            };","","        local.testCase_buildLib_default = local.testCase_buildLib_default || function (","            options,","            onError","        ) {","        /*","         * this function will test buildLib's default handling-behavior","         */","            options = {};","            local.buildLib(options, onError);","        };","","        local.testCase_buildReadme_default = local.testCase_buildReadme_default || function (","            options,","            onError","        ) {","        /*","         * this function will test buildReadme's default handling-behavior-behavior","         */","            options = {};","            local.buildReadme(options, onError);","        };","","        local.testCase_buildTest_default = local.testCase_buildTest_default || function (","            options,","            onError","        ) {","        /*","         * this function will test buildTest's default handling-behavior","         */","            options = {};","            local.buildTest(options, onError);","        };","","        local.testCase_webpage_default = local.testCase_webpage_default || function (","            options,","            onError","        ) {","        /*","         * this function will test webpage's default handling-behavior","         */","            options = { modeCoverageMerge: true, url: local.serverLocalHost + '?modeTest=1' };","            local.browserTest(options, onError);","        };","","        // run test-server","        local.testRunServer(local);","        break;","    }","}());",""],"l":{"12":2,"14":2,"19":2,"21":2,"23":2,"24":2,"25":2,"30":1,"37":2,"40":2,"43":1,"47":1,"50":1,"52":1,"55":2,"61":2,"62":2,"64":2,"70":1,"76":1,"82":2,"83":2,"85":2,"92":1,"95":1,"102":1,"109":1,"110":1,"113":1,"120":1,"121":1,"122":1,"123":1,"124":1,"125":1,"128":1,"133":2,"134":2,"137":1,"144":2,"145":2,"148":1,"155":2,"156":2,"159":1,"166":2,"167":2,"170":1,"177":1,"178":1,"182":1,"183":1}},"/home/travis/build/npmtest/node-npmtest-protobufjs/lib.npmtest_protobufjs.js":{"path":"/home/travis/build/npmtest/node-npmtest-protobufjs/lib.npmtest_protobufjs.js","s":{"1":2,"2":2,"3":2,"4":2,"5":2,"6":2,"7":2,"8":1,"9":2,"10":2,"11":2,"12":2,"13":1,"14":1,"15":1,"16":1},"b":{"1":[2,1,1,1],"2":[1,1,1,1],"3":[1,1],"4":[2,2],"5":[1,1]},"f":{"1":2,"2":2,"3":2},"fnMap":{"1":{"name":"(anonymous_1)","line":12,"loc":{"start":{"line":12,"column":1},"end":{"line":12,"column":13}}},"2":{"name":"(anonymous_2)","line":19,"loc":{"start":{"line":19,"column":5},"end":{"line":19,"column":17}}},"3":{"name":"(anonymous_3)","line":23,"loc":{"start":{"line":23,"column":24},"end":{"line":23,"column":36}}}},"statementMap":{"1":{"start":{"line":12,"column":0},"end":{"line":53,"column":5}},"2":{"start":{"line":14,"column":4},"end":{"line":14,"column":14}},"3":{"start":{"line":19,"column":4},"end":{"line":52,"column":9}},"4":{"start":{"line":21,"column":8},"end":{"line":21,"column":19}},"5":{"start":{"line":23,"column":8},"end":{"line":35,"column":13}},"6":{"start":{"line":24,"column":12},"end":{"line":34,"column":13}},"7":{"start":{"line":25,"column":16},"end":{"line":28,"column":30}},"8":{"start":{"line":30,"column":16},"end":{"line":33,"column":27}},"9":{"start":{"line":37,"column":8},"end":{"line":39,"column":21}},"10":{"start":{"line":41,"column":8},"end":{"line":41,"column":54}},"11":{"start":{"line":43,"column":8},"end":{"line":43,"column":55}},"12":{"start":{"line":45,"column":8},"end":{"line":51,"column":9}},"13":{"start":{"line":46,"column":12},"end":{"line":46,"column":61}},"14":{"start":{"line":48,"column":12},"end":{"line":48,"column":35}},"15":{"start":{"line":49,"column":12},"end":{"line":49,"column":49}},"16":{"start":{"line":50,"column":12},"end":{"line":50,"column":43}}},"branchMap":{"1":{"line":25,"type":"binary-expr","locations":[{"start":{"line":25,"column":23},"end":{"line":25,"column":62}},{"start":{"line":26,"column":20},"end":{"line":26,"column":70}},{"start":{"line":27,"column":20},"end":{"line":27,"column":71}},{"start":{"line":28,"column":20},"end":{"line":28,"column":29}}]},"2":{"line":30,"type":"binary-expr","locations":[{"start":{"line":30,"column":23},"end":{"line":30,"column":37}},{"start":{"line":31,"column":20},"end":{"line":31,"column":61}},{"start":{"line":32,"column":20},"end":{"line":32,"column":70}},{"start":{"line":33,"column":20},"end":{"line":33,"column":26}}]},"3":{"line":37,"type":"cond-expr","locations":[{"start":{"line":38,"column":14},"end":{"line":38,"column":20}},{"start":{"line":39,"column":14},"end":{"line":39,"column":20}}]},"4":{"line":41,"type":"binary-expr","locations":[{"start":{"line":41,"column":16},"end":{"line":41,"column":44}},{"start":{"line":41,"column":48},"end":{"line":41,"column":53}}]},"5":{"line":45,"type":"if","locations":[{"start":{"line":45,"column":8},"end":{"line":45,"column":8}},{"start":{"line":45,"column":8},"end":{"line":45,"column":8}}]}},"code":["/* istanbul instrument in package npmtest_protobufjs */","/*jslint","    bitwise: true,","    browser: true,","    maxerr: 8,","    maxlen: 96,","    node: true,","    nomen: true,","    regexp: true,","    stupid: true","*/","(function () {","    'use strict';","    var local;","","","","    // run shared js-env code - pre-init","    (function () {","        // init local","        local = {};","        // init modeJs","        local.modeJs = (function () {","            try {","                return typeof navigator.userAgent === 'string' &&","                    typeof document.querySelector('body') === 'object' &&","                    typeof XMLHttpRequest.prototype.open === 'function' &&","                    'browser';","            } catch (errorCaughtBrowser) {","                return module.exports &&","                    typeof process.versions.node === 'string' &&","                    typeof require('http').createServer === 'function' &&","                    'node';","            }","        }());","        // init global","        local.global = local.modeJs === 'browser'","            ? window","            : global;","        // init utility2_rollup","        local = local.global.utility2_rollup || local;","        // init lib","        local.local = local.npmtest_protobufjs = local;","        // init exports","        if (local.modeJs === 'browser') {","            local.global.utility2_npmtest_protobufjs = local;","        } else {","            module.exports = local;","            module.exports.__dirname = __dirname;","            module.exports.module = module;","        }","    }());","}());",""],"l":{"12":2,"14":2,"19":2,"21":2,"23":2,"24":2,"25":2,"30":1,"37":2,"41":2,"43":2,"45":2,"46":1,"48":1,"49":1,"50":1}},"/home/travis/build/npmtest/node-npmtest-protobufjs/example.js":{"path":"/home/travis/build/npmtest/node-npmtest-protobufjs/example.js","s":{"1":2,"2":2,"3":2,"4":2,"5":2,"6":2,"7":2,"8":1,"9":2,"10":2,"11":2,"12":2,"13":1,"14":2,"15":2,"16":2,"17":2,"18":2,"19":0,"20":2,"21":1,"22":1,"23":1,"24":1,"25":1,"26":0,"27":0,"28":1,"29":1,"30":2,"31":0,"32":0,"33":0,"34":1,"35":2,"36":2,"37":2,"38":2,"39":2,"40":2,"41":0,"42":2,"43":2,"44":2,"45":1,"46":3,"47":1,"48":1,"49":1,"50":1,"51":1,"52":1,"53":1,"54":1,"55":1,"56":1,"57":0,"58":1,"59":6,"60":6,"61":1,"62":2,"63":0,"64":2,"65":1,"66":1,"67":0,"68":0,"69":0,"70":0,"71":0,"72":0,"73":0,"74":0,"75":0,"76":0,"77":0,"78":0,"79":0,"80":0,"81":0,"82":0,"83":0},"b":{"1":[2,1,1,1],"2":[1,1,1,1],"3":[1,1],"4":[2,2],"5":[1,1],"6":[1,1],"7":[2,0],"8":[2,1,1,1,1,1],"9":[0,2,0],"10":[1,1],"11":[2,1,1],"12":[1,0],"13":[0,2],"14":[2,0,0,0,0,0,0],"15":[0,2],"16":[2,0],"17":[1,1],"18":[0,1],"19":[1,2,0,2],"20":[1,0],"21":[1,1],"22":[0,0],"23":[0,0],"24":[0,0],"25":[0,0],"26":[0,0],"27":[0,0],"28":[0,0]},"f":{"1":2,"2":2,"3":2,"4":2,"5":2,"6":2,"7":2,"8":2,"9":3,"10":1,"11":6,"12":0},"fnMap":{"1":{"name":"(anonymous_1)","line":26,"loc":{"start":{"line":26,"column":1},"end":{"line":26,"column":13}}},"2":{"name":"(anonymous_2)","line":33,"loc":{"start":{"line":33,"column":5},"end":{"line":33,"column":17}}},"3":{"name":"(anonymous_3)","line":37,"loc":{"start":{"line":37,"column":24},"end":{"line":37,"column":36}}},"4":{"name":"(anonymous_4)","line":69,"loc":{"start":{"line":69,"column":31},"end":{"line":69,"column":48}},"skip":true},"5":{"name":"(anonymous_5)","line":78,"loc":{"start":{"line":78,"column":26},"end":{"line":78,"column":45}},"skip":true},"6":{"name":"(anonymous_6)","line":123,"loc":{"start":{"line":123,"column":33},"end":{"line":123,"column":48}},"skip":true},"7":{"name":"(anonymous_7)","line":125,"loc":{"start":{"line":125,"column":27},"end":{"line":125,"column":39}},"skip":true},"8":{"name":"(anonymous_8)","line":133,"loc":{"start":{"line":133,"column":59},"end":{"line":133,"column":74}},"skip":true},"9":{"name":"(anonymous_9)","line":143,"loc":{"start":{"line":143,"column":45},"end":{"line":143,"column":62}},"skip":true},"10":{"name":"(anonymous_10)","line":144,"loc":{"start":{"line":144,"column":73},"end":{"line":144,"column":92}},"skip":true},"11":{"name":"(anonymous_11)","line":272,"loc":{"start":{"line":272,"column":51},"end":{"line":272,"column":77}},"skip":true},"12":{"name":"(anonymous_12)","line":314,"loc":{"start":{"line":314,"column":32},"end":{"line":314,"column":61}},"skip":true}},"statementMap":{"1":{"start":{"line":26,"column":0},"end":{"line":325,"column":5}},"2":{"start":{"line":28,"column":4},"end":{"line":28,"column":14}},"3":{"start":{"line":33,"column":4},"end":{"line":60,"column":9}},"4":{"start":{"line":35,"column":8},"end":{"line":35,"column":19}},"5":{"start":{"line":37,"column":8},"end":{"line":49,"column":13}},"6":{"start":{"line":38,"column":12},"end":{"line":48,"column":13}},"7":{"start":{"line":39,"column":16},"end":{"line":42,"column":30}},"8":{"start":{"line":44,"column":16},"end":{"line":47,"column":27}},"9":{"start":{"line":51,"column":8},"end":{"line":53,"column":21}},"10":{"start":{"line":55,"column":8},"end":{"line":57,"column":45}},"11":{"start":{"line":59,"column":8},"end":{"line":59,"column":35}},"12":{"start":{"line":61,"column":4},"end":{"line":324,"column":5}},"13":{"start":{"line":69,"column":8},"end":{"line":121,"column":10},"skip":true},"14":{"start":{"line":70,"column":12},"end":{"line":88,"column":13},"skip":true},"15":{"start":{"line":76,"column":16},"end":{"line":87,"column":19},"skip":true},"16":{"start":{"line":79,"column":20},"end":{"line":86,"column":21},"skip":true},"17":{"start":{"line":82,"column":24},"end":{"line":82,"column":43},"skip":true},"18":{"start":{"line":83,"column":24},"end":{"line":83,"column":30},"skip":true},"19":{"start":{"line":85,"column":24},"end":{"line":85,"column":49},"skip":true},"20":{"start":{"line":89,"column":12},"end":{"line":107,"column":13},"skip":true},"21":{"start":{"line":92,"column":16},"end":{"line":102,"column":17},"skip":true},"22":{"start":{"line":93,"column":20},"end":{"line":93,"column":86},"skip":true},"23":{"start":{"line":94,"column":20},"end":{"line":95,"column":45},"skip":true},"24":{"start":{"line":96,"column":20},"end":{"line":96,"column":42},"skip":true},"25":{"start":{"line":97,"column":20},"end":{"line":97,"column":48},"skip":true},"26":{"start":{"line":100,"column":20},"end":{"line":100,"column":85},"skip":true},"27":{"start":{"line":101,"column":20},"end":{"line":101,"column":96},"skip":true},"28":{"start":{"line":103,"column":16},"end":{"line":103,"column":22},"skip":true},"29":{"start":{"line":106,"column":16},"end":{"line":106,"column":22},"skip":true},"30":{"start":{"line":108,"column":12},"end":{"line":120,"column":13},"skip":true},"31":{"start":{"line":114,"column":16},"end":{"line":119,"column":17},"skip":true},"32":{"start":{"line":116,"column":20},"end":{"line":116,"column":78},"skip":true},"33":{"start":{"line":118,"column":20},"end":{"line":118,"column":53},"skip":true},"34":{"start":{"line":123,"column":8},"end":{"line":141,"column":11},"skip":true},"35":{"start":{"line":124,"column":12},"end":{"line":124,"column":54},"skip":true},"36":{"start":{"line":125,"column":12},"end":{"line":140,"column":14},"skip":true},"37":{"start":{"line":126,"column":16},"end":{"line":126,"column":28},"skip":true},"38":{"start":{"line":127,"column":16},"end":{"line":127,"column":69},"skip":true},"39":{"start":{"line":128,"column":16},"end":{"line":128,"column":75},"skip":true},"40":{"start":{"line":129,"column":16},"end":{"line":131,"column":17},"skip":true},"41":{"start":{"line":130,"column":20},"end":{"line":130,"column":27},"skip":true},"42":{"start":{"line":133,"column":16},"end":{"line":137,"column":36},"skip":true},"43":{"start":{"line":134,"column":20},"end":{"line":136,"column":55},"skip":true},"44":{"start":{"line":139,"column":16},"end":{"line":139,"column":57},"skip":true},"45":{"start":{"line":143,"column":8},"end":{"line":147,"column":11},"skip":true},"46":{"start":{"line":144,"column":12},"end":{"line":146,"column":15},"skip":true},"47":{"start":{"line":145,"column":16},"end":{"line":145,"column":70},"skip":true},"48":{"start":{"line":149,"column":8},"end":{"line":149,"column":31},"skip":true},"49":{"start":{"line":150,"column":8},"end":{"line":150,"column":14},"skip":true},"50":{"start":{"line":158,"column":8},"end":{"line":158,"column":31},"skip":true},"51":{"start":{"line":160,"column":8},"end":{"line":160,"column":33},"skip":true},"52":{"start":{"line":161,"column":8},"end":{"line":161,"column":37},"skip":true},"53":{"start":{"line":162,"column":8},"end":{"line":162,"column":35},"skip":true},"54":{"start":{"line":164,"column":8},"end":{"line":164,"column":50},"skip":true},"55":{"start":{"line":166,"column":8},"end":{"line":256,"column":2},"skip":true},"56":{"start":{"line":258,"column":8},"end":{"line":286,"column":9},"skip":true},"57":{"start":{"line":259,"column":12},"end":{"line":269,"column":14},"skip":true},"58":{"start":{"line":271,"column":12},"end":{"line":285,"column":19},"skip":true},"59":{"start":{"line":274,"column":20},"end":{"line":274,"column":35},"skip":true},"60":{"start":{"line":275,"column":20},"end":{"line":284,"column":21},"skip":true},"61":{"start":{"line":277,"column":24},"end":{"line":277,"column":64},"skip":true},"62":{"start":{"line":279,"column":24},"end":{"line":279,"column":40},"skip":true},"63":{"start":{"line":281,"column":24},"end":{"line":281,"column":40},"skip":true},"64":{"start":{"line":283,"column":24},"end":{"line":283,"column":39},"skip":true},"65":{"start":{"line":288,"column":8},"end":{"line":290,"column":9},"skip":true},"66":{"start":{"line":289,"column":12},"end":{"line":289,"column":18},"skip":true},"67":{"start":{"line":291,"column":8},"end":{"line":293,"column":54},"skip":true},"68":{"start":{"line":294,"column":8},"end":{"line":301,"column":37},"skip":true},"69":{"start":{"line":302,"column":8},"end":{"line":302,"column":82},"skip":true},"70":{"start":{"line":305,"column":8},"end":{"line":307,"column":9},"skip":true},"71":{"start":{"line":306,"column":12},"end":{"line":306,"column":82},"skip":true},"72":{"start":{"line":309,"column":8},"end":{"line":311,"column":9},"skip":true},"73":{"start":{"line":310,"column":12},"end":{"line":310,"column":18},"skip":true},"74":{"start":{"line":312,"column":8},"end":{"line":312,"column":54},"skip":true},"75":{"start":{"line":313,"column":8},"end":{"line":313,"column":69},"skip":true},"76":{"start":{"line":314,"column":8},"end":{"line":322,"column":36},"skip":true},"77":{"start":{"line":315,"column":12},"end":{"line":315,"column":61},"skip":true},"78":{"start":{"line":316,"column":12},"end":{"line":319,"column":13},"skip":true},"79":{"start":{"line":317,"column":16},"end":{"line":317,"column":75},"skip":true},"80":{"start":{"line":318,"column":16},"end":{"line":318,"column":23},"skip":true},"81":{"start":{"line":320,"column":12},"end":{"line":320,"column":38},"skip":true},"82":{"start":{"line":321,"column":12},"end":{"line":321,"column":27},"skip":true},"83":{"start":{"line":323,"column":8},"end":{"line":323,"column":14},"skip":true}},"branchMap":{"1":{"line":39,"type":"binary-expr","locations":[{"start":{"line":39,"column":23},"end":{"line":39,"column":62}},{"start":{"line":40,"column":20},"end":{"line":40,"column":70}},{"start":{"line":41,"column":20},"end":{"line":41,"column":71}},{"start":{"line":42,"column":20},"end":{"line":42,"column":29}}]},"2":{"line":44,"type":"binary-expr","locations":[{"start":{"line":44,"column":23},"end":{"line":44,"column":37}},{"start":{"line":45,"column":20},"end":{"line":45,"column":61}},{"start":{"line":46,"column":20},"end":{"line":46,"column":70}},{"start":{"line":47,"column":20},"end":{"line":47,"column":26}}]},"3":{"line":51,"type":"cond-expr","locations":[{"start":{"line":52,"column":14},"end":{"line":52,"column":20}},{"start":{"line":53,"column":14},"end":{"line":53,"column":20}}]},"4":{"line":55,"type":"binary-expr","locations":[{"start":{"line":55,"column":16},"end":{"line":55,"column":44}},{"start":{"line":55,"column":49},"end":{"line":57,"column":43}}]},"5":{"line":55,"type":"cond-expr","locations":[{"start":{"line":56,"column":14},"end":{"line":56,"column":54}},{"start":{"line":57,"column":14},"end":{"line":57,"column":43}}]},"6":{"line":61,"type":"switch","locations":[{"start":{"line":68,"column":4},"end":{"line":150,"column":14},"skip":true},{"start":{"line":156,"column":4},"end":{"line":323,"column":14},"skip":true}]},"7":{"line":70,"type":"if","locations":[{"start":{"line":70,"column":12},"end":{"line":70,"column":12},"skip":true},{"start":{"line":70,"column":12},"end":{"line":70,"column":12},"skip":true}]},"8":{"line":70,"type":"binary-expr","locations":[{"start":{"line":70,"column":16},"end":{"line":70,"column":22},"skip":true},{"start":{"line":70,"column":27},"end":{"line":70,"column":32},"skip":true},{"start":{"line":71,"column":20},"end":{"line":71,"column":39},"skip":true},{"start":{"line":72,"column":20},"end":{"line":72,"column":49},"skip":true},{"start":{"line":73,"column":20},"end":{"line":73,"column":58},"skip":true},{"start":{"line":74,"column":20},"end":{"line":74,"column":69},"skip":true}]},"9":{"line":79,"type":"switch","locations":[{"start":{"line":80,"column":20},"end":{"line":80,"column":33},"skip":true},{"start":{"line":81,"column":20},"end":{"line":83,"column":30},"skip":true},{"start":{"line":84,"column":20},"end":{"line":85,"column":49},"skip":true}]},"10":{"line":89,"type":"switch","locations":[{"start":{"line":90,"column":12},"end":{"line":103,"column":22},"skip":true},{"start":{"line":105,"column":12},"end":{"line":106,"column":22},"skip":true}]},"11":{"line":89,"type":"binary-expr","locations":[{"start":{"line":89,"column":20},"end":{"line":89,"column":25},"skip":true},{"start":{"line":89,"column":29},"end":{"line":89,"column":48},"skip":true},{"start":{"line":89,"column":52},"end":{"line":89,"column":74},"skip":true}]},"12":{"line":92,"type":"if","locations":[{"start":{"line":92,"column":16},"end":{"line":92,"column":16},"skip":true},{"start":{"line":92,"column":16},"end":{"line":92,"column":16},"skip":true}]},"13":{"line":108,"type":"if","locations":[{"start":{"line":108,"column":12},"end":{"line":108,"column":12},"skip":true},{"start":{"line":108,"column":12},"end":{"line":108,"column":12},"skip":true}]},"14":{"line":108,"type":"binary-expr","locations":[{"start":{"line":108,"column":16},"end":{"line":108,"column":61},"skip":true},{"start":{"line":108,"column":66},"end":{"line":108,"column":72},"skip":true},{"start":{"line":108,"column":77},"end":{"line":108,"column":82},"skip":true},{"start":{"line":109,"column":20},"end":{"line":109,"column":39},"skip":true},{"start":{"line":110,"column":20},"end":{"line":110,"column":49},"skip":true},{"start":{"line":111,"column":20},"end":{"line":111,"column":58},"skip":true},{"start":{"line":112,"column":20},"end":{"line":112,"column":68},"skip":true}]},"15":{"line":129,"type":"if","locations":[{"start":{"line":129,"column":16},"end":{"line":129,"column":16},"skip":true},{"start":{"line":129,"column":16},"end":{"line":129,"column":16},"skip":true}]},"16":{"line":134,"type":"cond-expr","locations":[{"start":{"line":135,"column":26},"end":{"line":135,"column":29},"skip":true},{"start":{"line":136,"column":26},"end":{"line":136,"column":54},"skip":true}]},"17":{"line":164,"type":"binary-expr","locations":[{"start":{"line":164,"column":27},"end":{"line":164,"column":43},"skip":true},{"start":{"line":164,"column":47},"end":{"line":164,"column":49},"skip":true}]},"18":{"line":258,"type":"if","locations":[{"start":{"line":258,"column":8},"end":{"line":258,"column":8},"skip":true},{"start":{"line":258,"column":8},"end":{"line":258,"column":8},"skip":true}]},"19":{"line":275,"type":"switch","locations":[{"start":{"line":276,"column":20},"end":{"line":277,"column":64},"skip":true},{"start":{"line":278,"column":20},"end":{"line":279,"column":40},"skip":true},{"start":{"line":280,"column":20},"end":{"line":281,"column":40},"skip":true},{"start":{"line":282,"column":20},"end":{"line":283,"column":39},"skip":true}]},"20":{"line":288,"type":"if","locations":[{"start":{"line":288,"column":8},"end":{"line":288,"column":8},"skip":true},{"start":{"line":288,"column":8},"end":{"line":288,"column":8},"skip":true}]},"21":{"line":288,"type":"binary-expr","locations":[{"start":{"line":288,"column":12},"end":{"line":288,"column":40},"skip":true},{"start":{"line":288,"column":44},"end":{"line":288,"column":67},"skip":true}]},"22":{"line":292,"type":"binary-expr","locations":[{"start":{"line":292,"column":12},"end":{"line":292,"column":50},"skip":true},{"start":{"line":293,"column":12},"end":{"line":293,"column":53},"skip":true}]},"23":{"line":295,"type":"binary-expr","locations":[{"start":{"line":295,"column":12},"end":{"line":295,"column":68},"skip":true},{"start":{"line":296,"column":12},"end":{"line":301,"column":36},"skip":true}]},"24":{"line":302,"type":"binary-expr","locations":[{"start":{"line":302,"column":43},"end":{"line":302,"column":75},"skip":true},{"start":{"line":302,"column":79},"end":{"line":302,"column":81},"skip":true}]},"25":{"line":305,"type":"if","locations":[{"start":{"line":305,"column":8},"end":{"line":305,"column":8},"skip":true},{"start":{"line":305,"column":8},"end":{"line":305,"column":8},"skip":true}]},"26":{"line":309,"type":"if","locations":[{"start":{"line":309,"column":8},"end":{"line":309,"column":8},"skip":true},{"start":{"line":309,"column":8},"end":{"line":309,"column":8},"skip":true}]},"27":{"line":312,"type":"binary-expr","locations":[{"start":{"line":312,"column":27},"end":{"line":312,"column":43},"skip":true},{"start":{"line":312,"column":47},"end":{"line":312,"column":53},"skip":true}]},"28":{"line":316,"type":"if","locations":[{"start":{"line":316,"column":12},"end":{"line":316,"column":12},"skip":true},{"start":{"line":316,"column":12},"end":{"line":316,"column":12},"skip":true}]}},"code":["/*","example.js","","quickstart example","","instruction","    1. save this script as example.js","    2. run the shell command:","        $ npm install npmtest-protobufjs && PORT=8081 node example.js","    3. play with the browser-demo on http://127.0.0.1:8081","*/","","","","/* istanbul instrument in package npmtest_protobufjs */","/*jslint","    bitwise: true,","    browser: true,","    maxerr: 8,","    maxlen: 96,","    node: true,","    nomen: true,","    regexp: true,","    stupid: true","*/","(function () {","    'use strict';","    var local;","","","","    // run shared js-env code - pre-init","    (function () {","        // init local","        local = {};","        // init modeJs","        local.modeJs = (function () {","            try {","                return typeof navigator.userAgent === 'string' &&","                    typeof document.querySelector('body') === 'object' &&","                    typeof XMLHttpRequest.prototype.open === 'function' &&","                    'browser';","            } catch (errorCaughtBrowser) {","                return module.exports &&","                    typeof process.versions.node === 'string' &&","                    typeof require('http').createServer === 'function' &&","                    'node';","            }","        }());","        // init global","        local.global = local.modeJs === 'browser'","            ? window","            : global;","        // init utility2_rollup","        local = local.global.utility2_rollup || (local.modeJs === 'browser'","            ? local.global.utility2_npmtest_protobufjs","            : global.utility2_moduleExports);","        // export local","        local.global.local = local;","    }());","    switch (local.modeJs) {","","","","    // post-init","    // run browser js-env code - post-init","    /* istanbul ignore next */","    case 'browser':","        local.testRunBrowser = function (event) {","            if (!event || (event &&","                    event.currentTarget &&","                    event.currentTarget.className &&","                    event.currentTarget.className.includes &&","                    event.currentTarget.className.includes('onreset'))) {","                // reset output","                Array.from(","                    document.querySelectorAll('body > .resettable')","                ).forEach(function (element) {","                    switch (element.tagName) {","                    case 'INPUT':","                    case 'TEXTAREA':","                        element.value = '';","                        break;","                    default:","                        element.textContent = '';","                    }","                });","            }","            switch (event && event.currentTarget && event.currentTarget.id) {","            case 'testRunButton1':","                // show tests","                if (document.querySelector('#testReportDiv1').style.display === 'none') {","                    document.querySelector('#testReportDiv1').style.display = 'block';","                    document.querySelector('#testRunButton1').textContent =","                        'hide internal test';","                    local.modeTest = true;","                    local.testRunDefault(local);","                // hide tests","                } else {","                    document.querySelector('#testReportDiv1').style.display = 'none';","                    document.querySelector('#testRunButton1').textContent = 'run internal test';","                }","                break;","            // custom-case","            default:","                break;","            }","            if (document.querySelector('#inputTextareaEval1') && (!event || (event &&","                    event.currentTarget &&","                    event.currentTarget.className &&","                    event.currentTarget.className.includes &&","                    event.currentTarget.className.includes('oneval')))) {","                // try to eval input-code","                try {","                    /*jslint evil: true*/","                    eval(document.querySelector('#inputTextareaEval1').value);","                } catch (errorCaught) {","                    console.error(errorCaught.stack);","                }","            }","        };","        // log stderr and stdout to #outputTextareaStdout1","        ['error', 'log'].forEach(function (key) {","            console[key + '_original'] = console[key];","            console[key] = function () {","                var element;","                console[key + '_original'].apply(console, arguments);","                element = document.querySelector('#outputTextareaStdout1');","                if (!element) {","                    return;","                }","                // append text to #outputTextareaStdout1","                element.value += Array.from(arguments).map(function (arg) {","                    return typeof arg === 'string'","                        ? arg","                        : JSON.stringify(arg, null, 4);","                }).join(' ') + '\\n';","                // scroll textarea to bottom","                element.scrollTop = element.scrollHeight;","            };","        });","        // init event-handling","        ['change', 'click', 'keyup'].forEach(function (event) {","            Array.from(document.querySelectorAll('.on' + event)).forEach(function (element) {","                element.addEventListener(event, local.testRunBrowser);","            });","        });","        // run tests","        local.testRunBrowser();","        break;","","","","    // run node js-env code - post-init","    /* istanbul ignore next */","    case 'node':","        // export local","        module.exports = local;","        // require modules","        local.fs = require('fs');","        local.http = require('http');","        local.url = require('url');","        // init assets","        local.assetsDict = local.assetsDict || {};","        /* jslint-ignore-begin */","        local.assetsDict['/assets.index.template.html'] = '\\","<!doctype html>\\n\\","<html lang=\"en\">\\n\\","<head>\\n\\","<meta charset=\"UTF-8\">\\n\\","<meta name=\"viewport\" content=\"width=device-width, initial-scale=1\">\\n\\","<title>{{env.npm_package_name}} (v{{env.npm_package_version}})</title>\\n\\","<style>\\n\\","/*csslint\\n\\","    box-sizing: false,\\n\\","    universal-selector: false\\n\\","*/\\n\\","* {\\n\\","    box-sizing: border-box;\\n\\","}\\n\\","body {\\n\\","    background: #dde;\\n\\","    font-family: Arial, Helvetica, sans-serif;\\n\\","    margin: 2rem;\\n\\","}\\n\\","body > * {\\n\\","    margin-bottom: 1rem;\\n\\","}\\n\\",".utility2FooterDiv {\\n\\","    margin-top: 20px;\\n\\","    text-align: center;\\n\\","}\\n\\","</style>\\n\\","<style>\\n\\","/*csslint\\n\\","*/\\n\\","textarea {\\n\\","    font-family: monospace;\\n\\","    height: 10rem;\\n\\","    width: 100%;\\n\\","}\\n\\","textarea[readonly] {\\n\\","    background: #ddd;\\n\\","}\\n\\","</style>\\n\\","</head>\\n\\","<body>\\n\\","<!-- utility2-comment\\n\\","<div id=\"ajaxProgressDiv1\" style=\"background: #d00; height: 2px; left: 0; margin: 0; padding: 0; position: fixed; top: 0; transition: background 0.5s, width 1.5s; width: 25%;\"></div>\\n\\","utility2-comment -->\\n\\","<h1>\\n\\","<!-- utility2-comment\\n\\","    <a\\n\\","        {{#if env.npm_package_homepage}}\\n\\","        href=\"{{env.npm_package_homepage}}\"\\n\\","        {{/if env.npm_package_homepage}}\\n\\","        target=\"_blank\"\\n\\","    >\\n\\","utility2-comment -->\\n\\","        {{env.npm_package_name}} (v{{env.npm_package_version}})\\n\\","<!-- utility2-comment\\n\\","    </a>\\n\\","utility2-comment -->\\n\\","</h1>\\n\\","<h3>{{env.npm_package_description}}</h3>\\n\\","<!-- utility2-comment\\n\\","<h4><a download href=\"assets.app.js\">download standalone app</a></h4>\\n\\","<button class=\"onclick onreset\" id=\"testRunButton1\">run internal test</button><br>\\n\\","<div id=\"testReportDiv1\" style=\"display: none;\"></div>\\n\\","utility2-comment -->\\n\\","\\n\\","\\n\\","\\n\\","<label>stderr and stdout</label>\\n\\","<textarea class=\"resettable\" id=\"outputTextareaStdout1\" readonly></textarea>\\n\\","<!-- utility2-comment\\n\\","{{#if isRollup}}\\n\\","<script src=\"assets.app.js\"></script>\\n\\","{{#unless isRollup}}\\n\\","utility2-comment -->\\n\\","<script src=\"assets.utility2.rollup.js\"></script>\\n\\","<script src=\"jsonp.utility2._stateInit?callback=window.utility2._stateInit\"></script>\\n\\","<script src=\"assets.npmtest_protobufjs.rollup.js\"></script>\\n\\","<script src=\"assets.example.js\"></script>\\n\\","<script src=\"assets.test.js\"></script>\\n\\","<!-- utility2-comment\\n\\","{{/if isRollup}}\\n\\","utility2-comment -->\\n\\","<div class=\"utility2FooterDiv\">\\n\\","    [ this app was created with\\n\\","    <a href=\"https://github.com/kaizhu256/node-utility2\" target=\"_blank\">utility2</a>\\n\\","    ]\\n\\","</div>\\n\\","</body>\\n\\","</html>\\n\\","';","        /* jslint-ignore-end */","        if (local.templateRender) {","            local.assetsDict['/'] = local.templateRender(","                local.assetsDict['/assets.index.template.html'],","                {","                    env: local.objectSetDefault(local.env, {","                        npm_package_description: 'the greatest app in the world!',","                        npm_package_name: 'my-app',","                        npm_package_nameAlias: 'my_app',","                        npm_package_version: '0.0.1'","                    })","                }","            );","        } else {","            local.assetsDict['/'] = local.assetsDict['/assets.index.template.html']","                .replace((/\\{\\{env\\.(\\w+?)\\}\\}/g), function (match0, match1) {","                    // jslint-hack","                    String(match0);","                    switch (match1) {","                    case 'npm_package_description':","                        return 'the greatest app in the world!';","                    case 'npm_package_name':","                        return 'my-app';","                    case 'npm_package_nameAlias':","                        return 'my_app';","                    case 'npm_package_version':","                        return '0.0.1';","                    }","                });","        }","        // run the cli","        if (local.global.utility2_rollup || module !== require.main) {","            break;","        }","        local.assetsDict['/assets.example.js'] =","            local.assetsDict['/assets.example.js'] ||","            local.fs.readFileSync(__filename, 'utf8');","        local.assetsDict['/assets.npmtest_protobufjs.rollup.js'] =","            local.assetsDict['/assets.npmtest_protobufjs.rollup.js'] ||","            local.fs.readFileSync(","                // buildCustomOrg-hack","                local.npmtest_protobufjs.__dirname +","                    '/lib.npmtest_protobufjs.js',","                'utf8'","            ).replace((/^#!/), '//');","        local.assetsDict['/favicon.ico'] = local.assetsDict['/favicon.ico'] || '';","        // if $npm_config_timeout_exit exists,","        // then exit this process after $npm_config_timeout_exit ms","        if (Number(process.env.npm_config_timeout_exit)) {","            setTimeout(process.exit, Number(process.env.npm_config_timeout_exit));","        }","        // start server","        if (local.global.utility2_serverHttp1) {","            break;","        }","        process.env.PORT = process.env.PORT || '8081';","        console.error('server starting on port ' + process.env.PORT);","        local.http.createServer(function (request, response) {","            request.urlParsed = local.url.parse(request.url);","            if (local.assetsDict[request.urlParsed.pathname] !== undefined) {","                response.end(local.assetsDict[request.urlParsed.pathname]);","                return;","            }","            response.statusCode = 404;","            response.end();","        }).listen(process.env.PORT);","        break;","    }","}());",""],"l":{"26":2,"28":2,"33":2,"35":2,"37":2,"38":2,"39":2,"44":1,"51":2,"55":2,"59":2,"61":2,"69":1,"70":2,"76":2,"79":2,"82":2,"83":2,"85":1,"89":2,"92":1,"93":1,"94":1,"96":1,"97":1,"100":1,"101":1,"103":1,"106":1,"108":2,"114":1,"116":1,"118":1,"123":1,"124":2,"125":2,"126":2,"127":2,"128":2,"129":2,"130":1,"133":2,"134":2,"139":2,"143":1,"144":3,"145":1,"149":1,"150":1,"158":1,"160":1,"161":1,"162":1,"164":1,"166":1,"258":1,"259":1,"271":1,"274":6,"275":6,"277":1,"279":2,"281":1,"283":2,"288":1,"289":1,"291":1,"294":1,"302":1,"305":1,"306":1,"309":1,"310":1,"312":1,"313":1,"314":1,"315":1,"316":1,"317":1,"318":1,"320":1,"321":1,"323":1}},"/home/travis/build/npmtest/node-npmtest-protobufjs/protobufjs/index.js":{"path":"/home/travis/build/npmtest/node-npmtest-protobufjs/protobufjs/index.js","s":{"1":1},"b":{},"f":{},"fnMap":{},"statementMap":{"1":{"start":{"line":4,"column":0},"end":{"line":4,"column":40}}},"branchMap":{},"code":["// full library entry point.","","\"use strict\";","module.exports = require(\"./src/index\");",""],"l":{"4":1}},"/home/travis/build/npmtest/node-npmtest-protobufjs/protobufjs/src/index.js":{"path":"/home/travis/build/npmtest/node-npmtest-protobufjs/protobufjs/src/index.js","s":{"1":1,"2":1,"3":1,"4":1,"5":1,"6":1},"b":{},"f":{},"fnMap":{},"statementMap":{"1":{"start":{"line":2,"column":0},"end":{"line":2,"column":57}},"2":{"start":{"line":4,"column":0},"end":{"line":4,"column":24}},"3":{"start":{"line":7,"column":0},"end":{"line":7,"column":50}},"4":{"start":{"line":8,"column":0},"end":{"line":8,"column":47}},"5":{"start":{"line":9,"column":0},"end":{"line":9,"column":48}},"6":{"start":{"line":12,"column":0},"end":{"line":12,"column":73}}},"branchMap":{},"code":["\"use strict\";","var protobuf = module.exports = require(\"./index-light\");","","protobuf.build = \"full\";","","// Parser","protobuf.tokenize         = require(\"./tokenize\");","protobuf.parse            = require(\"./parse\");","protobuf.common           = require(\"./common\");","","// Configure parser","protobuf.Root._configure(protobuf.Type, protobuf.parse, protobuf.common);",""],"l":{"2":1,"4":1,"7":1,"8":1,"9":1,"12":1}},"/home/travis/build/npmtest/node-npmtest-protobufjs/protobufjs/src/index-light.js":{"path":"/home/travis/build/npmtest/node-npmtest-protobufjs/protobufjs/src/index-light.js","s":{"1":1,"2":1,"3":1,"4":0,"5":0,"6":0,"7":0,"8":0,"9":0,"10":1,"11":1,"12":0,"13":0,"14":0,"15":1,"16":1,"17":1,"18":1,"19":1,"20":1,"21":1,"22":1,"23":1,"24":1,"25":1,"26":1,"27":1,"28":1,"29":1,"30":1,"31":1,"32":1,"33":1,"34":1,"35":1,"36":1},"b":{"1":[0,0],"2":[0,0],"3":[0,0]},"f":{"1":0,"2":0},"fnMap":{"1":{"name":"load","line":23,"loc":{"start":{"line":23,"column":0},"end":{"line":23,"column":40}}},"2":{"name":"loadSync","line":66,"loc":{"start":{"line":66,"column":0},"end":{"line":66,"column":34}}}},"statementMap":{"1":{"start":{"line":2,"column":0},"end":{"line":2,"column":59}},"2":{"start":{"line":4,"column":0},"end":{"line":4,"column":25}},"3":{"start":{"line":23,"column":0},"end":{"line":30,"column":1}},"4":{"start":{"line":24,"column":4},"end":{"line":28,"column":35}},"5":{"start":{"line":25,"column":8},"end":{"line":25,"column":24}},"6":{"start":{"line":26,"column":8},"end":{"line":26,"column":35}},"7":{"start":{"line":27,"column":11},"end":{"line":28,"column":35}},"8":{"start":{"line":28,"column":8},"end":{"line":28,"column":35}},"9":{"start":{"line":29,"column":4},"end":{"line":29,"column":41}},"10":{"start":{"line":56,"column":0},"end":{"line":56,"column":21}},"11":{"start":{"line":66,"column":0},"end":{"line":70,"column":1}},"12":{"start":{"line":67,"column":4},"end":{"line":68,"column":35}},"13":{"start":{"line":68,"column":8},"end":{"line":68,"column":35}},"14":{"start":{"line":69,"column":4},"end":{"line":69,"column":35}},"15":{"start":{"line":72,"column":0},"end":{"line":72,"column":29}},"16":{"start":{"line":75,"column":0},"end":{"line":75,"column":49}},"17":{"start":{"line":76,"column":0},"end":{"line":76,"column":49}},"18":{"start":{"line":77,"column":0},"end":{"line":77,"column":50}},"19":{"start":{"line":78,"column":0},"end":{"line":78,"column":51}},"20":{"start":{"line":81,"column":0},"end":{"line":81,"column":48}},"21":{"start":{"line":82,"column":0},"end":{"line":82,"column":51}},"22":{"start":{"line":83,"column":0},"end":{"line":83,"column":46}},"23":{"start":{"line":84,"column":0},"end":{"line":84,"column":46}},"24":{"start":{"line":85,"column":0},"end":{"line":85,"column":46}},"25":{"start":{"line":86,"column":0},"end":{"line":86,"column":47}},"26":{"start":{"line":87,"column":0},"end":{"line":87,"column":47}},"27":{"start":{"line":88,"column":0},"end":{"line":88,"column":50}},"28":{"start":{"line":89,"column":0},"end":{"line":89,"column":49}},"29":{"start":{"line":90,"column":0},"end":{"line":90,"column":48}},"30":{"start":{"line":93,"column":0},"end":{"line":93,"column":47}},"31":{"start":{"line":94,"column":0},"end":{"line":94,"column":49}},"32":{"start":{"line":97,"column":0},"end":{"line":97,"column":47}},"33":{"start":{"line":98,"column":0},"end":{"line":98,"column":46}},"34":{"start":{"line":101,"column":0},"end":{"line":101,"column":52}},"35":{"start":{"line":102,"column":0},"end":{"line":102,"column":63}},"36":{"start":{"line":103,"column":0},"end":{"line":103,"column":40}}},"branchMap":{"1":{"line":24,"type":"if","locations":[{"start":{"line":24,"column":4},"end":{"line":24,"column":4}},{"start":{"line":24,"column":4},"end":{"line":24,"column":4}}]},"2":{"line":27,"type":"if","locations":[{"start":{"line":27,"column":11},"end":{"line":27,"column":11}},{"start":{"line":27,"column":11},"end":{"line":27,"column":11}}]},"3":{"line":67,"type":"if","locations":[{"start":{"line":67,"column":4},"end":{"line":67,"column":4}},{"start":{"line":67,"column":4},"end":{"line":67,"column":4}}]}},"code":["\"use strict\";","var protobuf = module.exports = require(\"./index-minimal\");","","protobuf.build = \"light\";","","/**"," * A node-style callback as used by {@link load} and {@link Root#load}."," * @typedef LoadCallback"," * @type {function}"," * @param {?Error} error Error, if any, otherwise `null`"," * @param {Root} [root] Root, if there hasn't been an error"," * @returns {undefined}"," */","","/**"," * Loads one or multiple .proto or preprocessed .json files into a common root namespace and calls the callback."," * @param {string|string[]} filename One or multiple files to load"," * @param {Root} root Root namespace, defaults to create a new one if omitted."," * @param {LoadCallback} callback Callback function"," * @returns {undefined}"," * @see {@link Root#load}"," */","function load(filename, root, callback) {","    if (typeof root === \"function\") {","        callback = root;","        root = new protobuf.Root();","    } else if (!root)","        root = new protobuf.Root();","    return root.load(filename, callback);","}","","/**"," * Loads one or multiple .proto or preprocessed .json files into a common root namespace and calls the callback."," * @name load"," * @function"," * @param {string|string[]} filename One or multiple files to load"," * @param {LoadCallback} callback Callback function"," * @returns {undefined}"," * @see {@link Root#load}"," * @variation 2"," */","// function load(filename:string, callback:LoadCallback):undefined","","/**"," * Loads one or multiple .proto or preprocessed .json files into a common root namespace and returns a promise."," * @name load"," * @function"," * @param {string|string[]} filename One or multiple files to load"," * @param {Root} [root] Root namespace, defaults to create a new one if omitted."," * @returns {Promise<Root>} Promise"," * @see {@link Root#load}"," * @variation 3"," */","// function load(filename:string, [root:Root]):Promise<Root>","","protobuf.load = load;","","/**"," * Synchronously loads one or multiple .proto or preprocessed .json files into a common root namespace (node only)."," * @param {string|string[]} filename One or multiple files to load"," * @param {Root} [root] Root namespace, defaults to create a new one if omitted."," * @returns {Root} Root namespace"," * @throws {Error} If synchronous fetching is not supported (i.e. in browsers) or if a file's syntax is invalid"," * @see {@link Root#loadSync}"," */","function loadSync(filename, root) {","    if (!root)","        root = new protobuf.Root();","    return root.loadSync(filename);","}","","protobuf.loadSync = loadSync;","","// Serialization","protobuf.encoder          = require(\"./encoder\");","protobuf.decoder          = require(\"./decoder\");","protobuf.verifier         = require(\"./verifier\");","protobuf.converter        = require(\"./converter\");","","// Reflection","protobuf.ReflectionObject = require(\"./object\");","protobuf.Namespace        = require(\"./namespace\");","protobuf.Root             = require(\"./root\");","protobuf.Enum             = require(\"./enum\");","protobuf.Type             = require(\"./type\");","protobuf.Field            = require(\"./field\");","protobuf.OneOf            = require(\"./oneof\");","protobuf.MapField         = require(\"./mapfield\");","protobuf.Service          = require(\"./service\");","protobuf.Method           = require(\"./method\");","","// Runtime","protobuf.Class            = require(\"./class\");","protobuf.Message          = require(\"./message\");","","// Utility","protobuf.types            = require(\"./types\");","protobuf.util             = require(\"./util\");","","// Configure reflection","protobuf.ReflectionObject._configure(protobuf.Root);","protobuf.Namespace._configure(protobuf.Type, protobuf.Service);","protobuf.Root._configure(protobuf.Type);",""],"l":{"2":1,"4":1,"23":1,"24":0,"25":0,"26":0,"27":0,"28":0,"29":0,"56":1,"66":1,"67":0,"68":0,"69":0,"72":1,"75":1,"76":1,"77":1,"78":1,"81":1,"82":1,"83":1,"84":1,"85":1,"86":1,"87":1,"88":1,"89":1,"90":1,"93":1,"94":1,"97":1,"98":1,"101":1,"102":1,"103":1}},"/home/travis/build/npmtest/node-npmtest-protobufjs/protobufjs/src/index-minimal.js":{"path":"/home/travis/build/npmtest/node-npmtest-protobufjs/protobufjs/src/index-minimal.js","s":{"1":1,"2":1,"3":1,"4":1,"5":1,"6":1,"7":1,"8":1,"9":1,"10":1,"11":1,"12":1,"13":1,"14":1,"15":1},"b":{},"f":{"1":1},"fnMap":{"1":{"name":"configure","line":45,"loc":{"start":{"line":45,"column":0},"end":{"line":45,"column":21}},"skip":true}},"statementMap":{"1":{"start":{"line":2,"column":0},"end":{"line":2,"column":23}},"2":{"start":{"line":10,"column":0},"end":{"line":10,"column":27}},"3":{"start":{"line":27,"column":0},"end":{"line":27,"column":20}},"4":{"start":{"line":30,"column":0},"end":{"line":30,"column":44}},"5":{"start":{"line":31,"column":0},"end":{"line":31,"column":51}},"6":{"start":{"line":32,"column":0},"end":{"line":32,"column":44}},"7":{"start":{"line":33,"column":0},"end":{"line":33,"column":51}},"8":{"start":{"line":36,"column":0},"end":{"line":36,"column":50}},"9":{"start":{"line":37,"column":0},"end":{"line":37,"column":41}},"10":{"start":{"line":38,"column":0},"end":{"line":38,"column":34}},"11":{"start":{"line":45,"column":0},"end":{"line":48,"column":1},"skip":true},"12":{"start":{"line":46,"column":4},"end":{"line":46,"column":54},"skip":true},"13":{"start":{"line":47,"column":4},"end":{"line":47,"column":31},"skip":true},"14":{"start":{"line":51,"column":0},"end":{"line":51,"column":50}},"15":{"start":{"line":52,"column":0},"end":{"line":52,"column":12}}},"branchMap":{},"code":["\"use strict\";","var protobuf = exports;","","/**"," * Build type, one of `\"full\"`, `\"light\"` or `\"minimal\"`."," * @name build"," * @type {string}"," * @const"," */","protobuf.build = \"minimal\";","","/**"," * Named roots."," * This is where pbjs stores generated structures (the option `-r, --root` specifies a name)."," * Can also be used manually to make roots available accross modules."," * @name roots"," * @type {Object.<string,Root>}"," * @example"," * // pbjs -r myroot -o compiled.js ..."," *"," * // in another module:"," * require(\"./compiled.js\");"," *"," * // in any subsequent module:"," * var root = protobuf.roots[\"myroot\"];"," */","protobuf.roots = {};","","// Serialization","protobuf.Writer       = require(\"./writer\");","protobuf.BufferWriter = require(\"./writer_buffer\");","protobuf.Reader       = require(\"./reader\");","protobuf.BufferReader = require(\"./reader_buffer\");","","// Utility","protobuf.util         = require(\"./util/minimal\");","protobuf.rpc          = require(\"./rpc\");","protobuf.configure    = configure;","","/* istanbul ignore next */","/**"," * Reconfigures the library according to the environment."," * @returns {undefined}"," */","function configure() {","    protobuf.Reader._configure(protobuf.BufferReader);","    protobuf.util._configure();","}","","// Configure serialization","protobuf.Writer._configure(protobuf.BufferWriter);","configure();",""],"l":{"2":1,"10":1,"27":1,"30":1,"31":1,"32":1,"33":1,"36":1,"37":1,"38":1,"45":1,"46":1,"47":1,"51":1,"52":1}},"/home/travis/build/npmtest/node-npmtest-protobufjs/protobufjs/src/writer.js":{"path":"/home/travis/build/npmtest/node-npmtest-protobufjs/protobufjs/src/writer.js","s":{"1":1,"2":1,"3":1,"4":1,"5":1,"6":0,"7":0,"8":0,"9":0,"10":1,"11":1,"12":0,"13":0,"14":0,"15":0,"16":1,"17":0,"18":0,"19":0,"20":0,"21":1,"22":0,"23":0,"24":0,"25":1,"26":0,"27":1,"28":1,"29":1,"30":0,"31":0,"32":0,"33":1,"34":0,"35":1,"36":0,"37":0,"38":0,"39":0,"40":1,"41":0,"42":0,"43":0,"44":1,"45":1,"46":1,"47":0,"48":0,"49":1,"50":0,"51":1,"52":0,"53":1,"54":0,"55":0,"56":0,"57":0,"58":0,"59":0,"60":0,"61":0,"62":1,"63":0,"64":0,"65":1,"66":1,"67":0,"68":0,"69":1,"70":0,"71":1,"72":0,"73":0,"74":0,"75":0,"76":1,"77":0,"78":1,"79":1,"80":0,"81":0,"82":1,"83":1,"84":0,"85":1,"86":0,"87":1,"88":0,"89":0,"90":0,"91":1,"92":0,"93":0,"94":0,"95":0,"96":0,"97":0,"98":0,"99":0,"100":1,"101":0,"102":0,"103":1,"104":0,"105":0,"106":0,"107":0,"108":1,"109":0,"110":0,"111":0,"112":0,"113":0,"114":0,"115":0,"116":0,"117":1,"118":0,"119":0,"120":0,"121":0,"122":0,"123":0,"124":0,"125":1,"126":0,"127":0,"128":0,"129":0,"130":0,"131":0,"132":1,"133":1},"b":{"1":[1,0],"2":[1,0],"3":[0,0],"4":[0,0],"5":[0,0],"6":[0,0],"7":[0,0],"8":[0,0],"9":[1,0],"10":[0,0],"11":[0,0],"12":[0,0],"13":[0,0],"14":[0,0]},"f":{"1":0,"2":0,"3":0,"4":0,"5":0,"6":0,"7":0,"8":0,"9":0,"10":0,"11":0,"12":0,"13":0,"14":0,"15":0,"16":0,"17":0,"18":0,"19":0,"20":0,"21":0,"22":0,"23":0,"24":0,"25":0,"26":0,"27":0,"28":0,"29":0,"30":0,"31":0,"32":0,"33":1},"fnMap":{"1":{"name":"Op","line":21,"loc":{"start":{"line":21,"column":0},"end":{"line":21,"column":26}}},"2":{"name":"noop","line":49,"loc":{"start":{"line":49,"column":0},"end":{"line":49,"column":16}},"skip":true},"3":{"name":"State","line":60,"loc":{"start":{"line":60,"column":0},"end":{"line":60,"column":23}}},"4":{"name":"Writer","line":92,"loc":{"start":{"line":92,"column":0},"end":{"line":92,"column":18}}},"5":{"name":"create_buffer_setup","line":131,"loc":{"start":{"line":131,"column":6},"end":{"line":131,"column":37}}},"6":{"name":"create_buffer","line":132,"loc":{"start":{"line":132,"column":32},"end":{"line":132,"column":57}}},"7":{"name":"create_array","line":137,"loc":{"start":{"line":137,"column":6},"end":{"line":137,"column":30}},"skip":true},"8":{"name":"alloc","line":146,"loc":{"start":{"line":146,"column":15},"end":{"line":146,"column":36}}},"9":{"name":"push","line":162,"loc":{"start":{"line":162,"column":24},"end":{"line":162,"column":52}}},"10":{"name":"writeByte","line":168,"loc":{"start":{"line":168,"column":0},"end":{"line":168,"column":34}}},"11":{"name":"writeVarint32","line":172,"loc":{"start":{"line":172,"column":0},"end":{"line":172,"column":38}}},"12":{"name":"VarintOp","line":189,"loc":{"start":{"line":189,"column":0},"end":{"line":189,"column":28}}},"13":{"name":"write_uint32","line":203,"loc":{"start":{"line":203,"column":26},"end":{"line":203,"column":55}}},"14":{"name":"write_int32","line":223,"loc":{"start":{"line":223,"column":25},"end":{"line":223,"column":53}}},"15":{"name":"write_sint32","line":234,"loc":{"start":{"line":234,"column":26},"end":{"line":234,"column":55}}},"16":{"name":"writeVarint64","line":238,"loc":{"start":{"line":238,"column":0},"end":{"line":238,"column":38}}},"17":{"name":"write_uint64","line":257,"loc":{"start":{"line":257,"column":26},"end":{"line":257,"column":55}}},"18":{"name":"write_sint64","line":277,"loc":{"start":{"line":277,"column":26},"end":{"line":277,"column":55}}},"19":{"name":"write_bool","line":287,"loc":{"start":{"line":287,"column":24},"end":{"line":287,"column":51}}},"20":{"name":"writeFixed32","line":291,"loc":{"start":{"line":291,"column":0},"end":{"line":291,"column":37}}},"21":{"name":"write_fixed32","line":303,"loc":{"start":{"line":303,"column":27},"end":{"line":303,"column":57}}},"22":{"name":"write_fixed64","line":321,"loc":{"start":{"line":321,"column":27},"end":{"line":321,"column":57}}},"23":{"name":"write_float","line":341,"loc":{"start":{"line":341,"column":25},"end":{"line":341,"column":53}}},"24":{"name":"write_double","line":351,"loc":{"start":{"line":351,"column":26},"end":{"line":351,"column":55}}},"25":{"name":"writeBytes_set","line":356,"loc":{"start":{"line":356,"column":6},"end":{"line":356,"column":45}}},"26":{"name":"writeBytes_for","line":360,"loc":{"start":{"line":360,"column":6},"end":{"line":360,"column":45}},"skip":true},"27":{"name":"write_bytes","line":370,"loc":{"start":{"line":370,"column":25},"end":{"line":370,"column":53}}},"28":{"name":"write_string","line":387,"loc":{"start":{"line":387,"column":26},"end":{"line":387,"column":55}}},"29":{"name":"fork","line":399,"loc":{"start":{"line":399,"column":24},"end":{"line":399,"column":40}}},"30":{"name":"reset","line":410,"loc":{"start":{"line":410,"column":25},"end":{"line":410,"column":42}}},"31":{"name":"ldelim","line":427,"loc":{"start":{"line":427,"column":26},"end":{"line":427,"column":44}}},"32":{"name":"finish","line":444,"loc":{"start":{"line":444,"column":26},"end":{"line":444,"column":44}}},"33":{"name":"(anonymous_33)","line":457,"loc":{"start":{"line":457,"column":20},"end":{"line":457,"column":44}}}},"statementMap":{"1":{"start":{"line":2,"column":0},"end":{"line":2,"column":24}},"2":{"start":{"line":4,"column":0},"end":{"line":4,"column":42}},"3":{"start":{"line":6,"column":0},"end":{"line":6,"column":17}},"4":{"start":{"line":8,"column":0},"end":{"line":10,"column":26}},"5":{"start":{"line":21,"column":0},"end":{"line":46,"column":1}},"6":{"start":{"line":27,"column":4},"end":{"line":27,"column":17}},"7":{"start":{"line":33,"column":4},"end":{"line":33,"column":19}},"8":{"start":{"line":39,"column":4},"end":{"line":39,"column":26}},"9":{"start":{"line":45,"column":4},"end":{"line":45,"column":19}},"10":{"start":{"line":49,"column":0},"end":{"line":49,"column":18},"skip":true},"11":{"start":{"line":60,"column":0},"end":{"line":85,"column":1}},"12":{"start":{"line":66,"column":4},"end":{"line":66,"column":28}},"13":{"start":{"line":72,"column":4},"end":{"line":72,"column":28}},"14":{"start":{"line":78,"column":4},"end":{"line":78,"column":26}},"15":{"start":{"line":84,"column":4},"end":{"line":84,"column":30}},"16":{"start":{"line":92,"column":0},"end":{"line":123,"column":1}},"17":{"start":{"line":98,"column":4},"end":{"line":98,"column":17}},"18":{"start":{"line":104,"column":4},"end":{"line":104,"column":35}},"19":{"start":{"line":110,"column":4},"end":{"line":110,"column":26}},"20":{"start":{"line":116,"column":4},"end":{"line":116,"column":23}},"21":{"start":{"line":130,"column":0},"end":{"line":139,"column":6}},"22":{"start":{"line":132,"column":8},"end":{"line":134,"column":13}},"23":{"start":{"line":133,"column":12},"end":{"line":133,"column":38}},"24":{"start":{"line":138,"column":8},"end":{"line":138,"column":28},"skip":true},"25":{"start":{"line":146,"column":0},"end":{"line":148,"column":2}},"26":{"start":{"line":147,"column":4},"end":{"line":147,"column":32}},"27":{"start":{"line":152,"column":0},"end":{"line":153,"column":74}},"28":{"start":{"line":153,"column":4},"end":{"line":153,"column":74}},"29":{"start":{"line":162,"column":0},"end":{"line":166,"column":2}},"30":{"start":{"line":163,"column":4},"end":{"line":163,"column":54}},"31":{"start":{"line":164,"column":4},"end":{"line":164,"column":20}},"32":{"start":{"line":165,"column":4},"end":{"line":165,"column":16}},"33":{"start":{"line":168,"column":0},"end":{"line":170,"column":1}},"34":{"start":{"line":169,"column":4},"end":{"line":169,"column":25}},"35":{"start":{"line":172,"column":0},"end":{"line":178,"column":1}},"36":{"start":{"line":173,"column":4},"end":{"line":176,"column":5}},"37":{"start":{"line":174,"column":8},"end":{"line":174,"column":37}},"38":{"start":{"line":175,"column":8},"end":{"line":175,"column":19}},"39":{"start":{"line":177,"column":4},"end":{"line":177,"column":19}},"40":{"start":{"line":189,"column":0},"end":{"line":193,"column":1}},"41":{"start":{"line":190,"column":4},"end":{"line":190,"column":19}},"42":{"start":{"line":191,"column":4},"end":{"line":191,"column":26}},"43":{"start":{"line":192,"column":4},"end":{"line":192,"column":19}},"44":{"start":{"line":195,"column":0},"end":{"line":195,"column":49}},"45":{"start":{"line":196,"column":0},"end":{"line":196,"column":38}},"46":{"start":{"line":203,"column":0},"end":{"line":215,"column":2}},"47":{"start":{"line":206,"column":4},"end":{"line":213,"column":16}},"48":{"start":{"line":214,"column":4},"end":{"line":214,"column":16}},"49":{"start":{"line":223,"column":0},"end":{"line":227,"column":2}},"50":{"start":{"line":224,"column":4},"end":{"line":226,"column":29}},"51":{"start":{"line":234,"column":0},"end":{"line":236,"column":2}},"52":{"start":{"line":235,"column":4},"end":{"line":235,"column":57}},"53":{"start":{"line":238,"column":0},"end":{"line":249,"column":1}},"54":{"start":{"line":239,"column":4},"end":{"line":243,"column":5}},"55":{"start":{"line":240,"column":8},"end":{"line":240,"column":40}},"56":{"start":{"line":241,"column":8},"end":{"line":241,"column":53}},"57":{"start":{"line":242,"column":8},"end":{"line":242,"column":22}},"58":{"start":{"line":244,"column":4},"end":{"line":247,"column":5}},"59":{"start":{"line":245,"column":8},"end":{"line":245,"column":40}},"60":{"start":{"line":246,"column":8},"end":{"line":246,"column":30}},"61":{"start":{"line":248,"column":4},"end":{"line":248,"column":24}},"62":{"start":{"line":257,"column":0},"end":{"line":260,"column":2}},"63":{"start":{"line":258,"column":4},"end":{"line":258,"column":36}},"64":{"start":{"line":259,"column":4},"end":{"line":259,"column":57}},"65":{"start":{"line":269,"column":0},"end":{"line":269,"column":49}},"66":{"start":{"line":277,"column":0},"end":{"line":280,"column":2}},"67":{"start":{"line":278,"column":4},"end":{"line":278,"column":47}},"68":{"start":{"line":279,"column":4},"end":{"line":279,"column":57}},"69":{"start":{"line":287,"column":0},"end":{"line":289,"column":2}},"70":{"start":{"line":288,"column":4},"end":{"line":288,"column":50}},"71":{"start":{"line":291,"column":0},"end":{"line":296,"column":1}},"72":{"start":{"line":292,"column":4},"end":{"line":292,"column":38}},"73":{"start":{"line":293,"column":4},"end":{"line":293,"column":38}},"74":{"start":{"line":294,"column":4},"end":{"line":294,"column":38}},"75":{"start":{"line":295,"column":4},"end":{"line":295,"column":31}},"76":{"start":{"line":303,"column":0},"end":{"line":305,"column":2}},"77":{"start":{"line":304,"column":4},"end":{"line":304,"column":51}},"78":{"start":{"line":313,"column":0},"end":{"line":313,"column":53}},"79":{"start":{"line":321,"column":0},"end":{"line":324,"column":2}},"80":{"start":{"line":322,"column":4},"end":{"line":322,"column":36}},"81":{"start":{"line":323,"column":4},"end":{"line":323,"column":78}},"82":{"start":{"line":333,"column":0},"end":{"line":333,"column":53}},"83":{"start":{"line":341,"column":0},"end":{"line":343,"column":2}},"84":{"start":{"line":342,"column":4},"end":{"line":342,"column":56}},"85":{"start":{"line":351,"column":0},"end":{"line":353,"column":2}},"86":{"start":{"line":352,"column":4},"end":{"line":352,"column":57}},"87":{"start":{"line":355,"column":0},"end":{"line":363,"column":6}},"88":{"start":{"line":357,"column":8},"end":{"line":357,"column":26}},"89":{"start":{"line":361,"column":8},"end":{"line":362,"column":34},"skip":true},"90":{"start":{"line":362,"column":12},"end":{"line":362,"column":34},"skip":true},"91":{"start":{"line":370,"column":0},"end":{"line":380,"column":2}},"92":{"start":{"line":371,"column":4},"end":{"line":371,"column":33}},"93":{"start":{"line":372,"column":4},"end":{"line":373,"column":42}},"94":{"start":{"line":373,"column":8},"end":{"line":373,"column":42}},"95":{"start":{"line":374,"column":4},"end":{"line":378,"column":5}},"96":{"start":{"line":375,"column":8},"end":{"line":375,"column":59}},"97":{"start":{"line":376,"column":8},"end":{"line":376,"column":37}},"98":{"start":{"line":377,"column":8},"end":{"line":377,"column":20}},"99":{"start":{"line":379,"column":4},"end":{"line":379,"column":57}},"100":{"start":{"line":387,"column":0},"end":{"line":392,"column":2}},"101":{"start":{"line":388,"column":4},"end":{"line":388,"column":33}},"102":{"start":{"line":389,"column":4},"end":{"line":391,"column":37}},"103":{"start":{"line":399,"column":0},"end":{"line":404,"column":2}},"104":{"start":{"line":400,"column":4},"end":{"line":400,"column":34}},"105":{"start":{"line":401,"column":4},"end":{"line":401,"column":47}},"106":{"start":{"line":402,"column":4},"end":{"line":402,"column":17}},"107":{"start":{"line":403,"column":4},"end":{"line":403,"column":16}},"108":{"start":{"line":410,"column":0},"end":{"line":421,"column":2}},"109":{"start":{"line":411,"column":4},"end":{"line":419,"column":5}},"110":{"start":{"line":412,"column":8},"end":{"line":412,"column":39}},"111":{"start":{"line":413,"column":8},"end":{"line":413,"column":39}},"112":{"start":{"line":414,"column":8},"end":{"line":414,"column":38}},"113":{"start":{"line":415,"column":8},"end":{"line":415,"column":39}},"114":{"start":{"line":417,"column":8},"end":{"line":417,"column":51}},"115":{"start":{"line":418,"column":8},"end":{"line":418,"column":22}},"116":{"start":{"line":420,"column":4},"end":{"line":420,"column":16}},"117":{"start":{"line":427,"column":0},"end":{"line":438,"column":2}},"118":{"start":{"line":428,"column":4},"end":{"line":430,"column":24}},"119":{"start":{"line":431,"column":4},"end":{"line":431,"column":29}},"120":{"start":{"line":432,"column":4},"end":{"line":436,"column":5}},"121":{"start":{"line":433,"column":8},"end":{"line":433,"column":35}},"122":{"start":{"line":434,"column":8},"end":{"line":434,"column":25}},"123":{"start":{"line":435,"column":8},"end":{"line":435,"column":24}},"124":{"start":{"line":437,"column":4},"end":{"line":437,"column":16}},"125":{"start":{"line":444,"column":0},"end":{"line":455,"column":2}},"126":{"start":{"line":445,"column":4},"end":{"line":447,"column":17}},"127":{"start":{"line":448,"column":4},"end":{"line":452,"column":5}},"128":{"start":{"line":449,"column":8},"end":{"line":449,"column":36}},"129":{"start":{"line":450,"column":8},"end":{"line":450,"column":24}},"130":{"start":{"line":451,"column":8},"end":{"line":451,"column":25}},"131":{"start":{"line":454,"column":4},"end":{"line":454,"column":15}},"132":{"start":{"line":457,"column":0},"end":{"line":459,"column":2}},"133":{"start":{"line":458,"column":4},"end":{"line":458,"column":33}}},"branchMap":{"1":{"line":130,"type":"cond-expr","locations":[{"start":{"line":131,"column":6},"end":{"line":135,"column":5}},{"start":{"line":137,"column":6},"end":{"line":139,"column":5},"skip":true}]},"2":{"line":152,"type":"if","locations":[{"start":{"line":152,"column":0},"end":{"line":152,"column":0}},{"start":{"line":152,"column":0},"end":{"line":152,"column":0},"skip":true}]},"3":{"line":207,"type":"cond-expr","locations":[{"start":{"line":208,"column":30},"end":{"line":208,"column":31}},{"start":{"line":209,"column":10},"end":{"line":212,"column":31}}]},"4":{"line":209,"type":"cond-expr","locations":[{"start":{"line":209,"column":30},"end":{"line":209,"column":31}},{"start":{"line":210,"column":10},"end":{"line":212,"column":31}}]},"5":{"line":210,"type":"cond-expr","locations":[{"start":{"line":210,"column":30},"end":{"line":210,"column":31}},{"start":{"line":211,"column":10},"end":{"line":212,"column":31}}]},"6":{"line":211,"type":"cond-expr","locations":[{"start":{"line":211,"column":30},"end":{"line":211,"column":31}},{"start":{"line":212,"column":30},"end":{"line":212,"column":31}}]},"7":{"line":224,"type":"cond-expr","locations":[{"start":{"line":225,"column":10},"end":{"line":225,"column":66}},{"start":{"line":226,"column":10},"end":{"line":226,"column":28}}]},"8":{"line":288,"type":"cond-expr","locations":[{"start":{"line":288,"column":43},"end":{"line":288,"column":44}},{"start":{"line":288,"column":47},"end":{"line":288,"column":48}}]},"9":{"line":355,"type":"cond-expr","locations":[{"start":{"line":356,"column":6},"end":{"line":358,"column":5}},{"start":{"line":360,"column":6},"end":{"line":363,"column":5},"skip":true}]},"10":{"line":372,"type":"if","locations":[{"start":{"line":372,"column":4},"end":{"line":372,"column":4}},{"start":{"line":372,"column":4},"end":{"line":372,"column":4}}]},"11":{"line":374,"type":"if","locations":[{"start":{"line":374,"column":4},"end":{"line":374,"column":4}},{"start":{"line":374,"column":4},"end":{"line":374,"column":4}}]},"12":{"line":389,"type":"cond-expr","locations":[{"start":{"line":390,"column":10},"end":{"line":390,"column":55}},{"start":{"line":391,"column":10},"end":{"line":391,"column":36}}]},"13":{"line":411,"type":"if","locations":[{"start":{"line":411,"column":4},"end":{"line":411,"column":4}},{"start":{"line":411,"column":4},"end":{"line":411,"column":4}}]},"14":{"line":432,"type":"if","locations":[{"start":{"line":432,"column":4},"end":{"line":432,"column":4}},{"start":{"line":432,"column":4},"end":{"line":432,"column":4}}]}},"code":["\"use strict\";","module.exports = Writer;","","var util      = require(\"./util/minimal\");","","var BufferWriter; // cyclic","","var LongBits  = util.LongBits,","    base64    = util.base64,","    utf8      = util.utf8;","","/**"," * Constructs a new writer operation instance."," * @classdesc Scheduled writer operation."," * @constructor"," * @param {function(*, Uint8Array, number)} fn Function to call"," * @param {number} len Value byte length"," * @param {*} val Value to write"," * @ignore"," */","function Op(fn, len, val) {","","    /**","     * Function to call.","     * @type {function(Uint8Array, number, *)}","     */","    this.fn = fn;","","    /**","     * Value byte length.","     * @type {number}","     */","    this.len = len;","","    /**","     * Next operation.","     * @type {Writer.Op|undefined}","     */","    this.next = undefined;","","    /**","     * Value to write.","     * @type {*}","     */","    this.val = val; // type varies","}","","/* istanbul ignore next */","function noop() {} // eslint-disable-line no-empty-function","","/**"," * Constructs a new writer state instance."," * @classdesc Copied writer state."," * @memberof Writer"," * @constructor"," * @param {Writer} writer Writer to copy state from"," * @private"," * @ignore"," */","function State(writer) {","","    /**","     * Current head.","     * @type {Writer.Op}","     */","    this.head = writer.head;","","    /**","     * Current tail.","     * @type {Write
[...]
             default:","                    throw illegal(token); // there are no groups with proto3 semantics","            }","        });","        parent.add(type)","              .add(field);","    }","","    function parseMapField(parent) {","        skip(\"<\");","        var keyType = next();","","        /* istanbul ignore if */","        if (types.mapKey[keyType] === undefined)","            throw illegal(keyType, \"type\");","","        skip(\",\");","        var valueType = next();","","        /* istanbul ignore if */","        if (!typeRefRe.test(valueType))","            throw illegal(valueType, \"type\");","","        skip(\">\");","        var name = next();","","        /* istanbul ignore if */","        if (!nameRe.test(name))","            throw illegal(name, \"name\");","","        skip(\"=\");","        var field = new MapField(applyCase(name), parseId(next()), keyType, valueType);","        ifBlock(field, function parseMapField_block(token) {","","            /* istanbul ignore else */","            if (token === \"option\") {","                parseOption(field, token);","                skip(\";\");","            } else","                throw illegal(token);","","        }, function parseMapField_line() {","            parseInlineOptions(field);","        });","        parent.add(field);","    }","","    function parseOneOf(parent, token) {","","        /* istanbul ignore if */","        if (!nameRe.test(token = next()))","            throw illegal(token, \"name\");","","        var oneof = new OneOf(applyCase(token));","        ifBlock(oneof, function parseOneOf_block(token) {","            if (token === \"option\") {","                parseOption(oneof, token);","                skip(\";\");","            } else {","                push(token);","                parseField(oneof, \"optional\");","            }","        });","        parent.add(oneof);","    }","","    function parseEnum(parent, token) {","","        /* istanbul ignore if */","        if (!nameRe.test(token = next()))","            throw illegal(token, \"name\");","","        var enm = new Enum(token);","        ifBlock(enm, function parseEnum_block(token) {","            if (token === \"option\") {","                parseOption(enm, token);","                skip(\";\");","            } else","                parseEnumValue(enm, token);","        });","        parent.add(enm);","    }","","    function parseEnumValue(parent, token) {","","        /* istanbul ignore if */","        if (!nameRe.test(token))","            throw illegal(token, \"name\");","","        skip(\"=\");","        var value = parseId(next(), true),","            dummy = {};","        ifBlock(dummy, function parseEnumValue_block(token) {","","            /* istanbul ignore else */","            if (token === \"option\") {","                parseOption(dummy, token); // skip","                skip(\";\");","            } else","                throw illegal(token);","","        }, function parseEnumValue_line() {","            parseInlineOptions(dummy); // skip","        });","        parent.add(token, value, dummy.comment);","    }","","    function parseOption(parent, token) {","        var isCustom = skip(\"(\", true);","","        /* istanbul ignore if */","        if (!typeRefRe.test(token = next()))","            throw illegal(token, \"name\");","","        var name = token;","        if (isCustom) {","            skip(\")\");","            name = \"(\" + name + \")\";","            token = peek();","            if (fqTypeRefRe.test(token)) {","                name += token;","                next();","            }","        }","        skip(\"=\");","        parseOptionValue(parent, name);","    }","","    function parseOptionValue(parent, name) {","        if (skip(\"{\", true)) { // { a: \"foo\" b { c: \"bar\" } }","            do {","                /* istanbul ignore if */","                if (!nameRe.test(token = next()))","                    throw illegal(token, \"name\");","","                if (peek() === \"{\")","                    parseOptionValue(parent, name + \".\" + token);","                else {","                    skip(\":\");","                    setOption(parent, name + \".\" + token, readValue(true));","                }","            } while (!skip(\"}\", true));","        } else","            setOption(parent, name, readValue(true));","        // Does not enforce a delimiter to be universal","    }","","    function setOption(parent, name, value) {","        if (parent.setOption)","            parent.setOption(name, value);","    }","","    function parseInlineOptions(parent) {","        if (skip(\"[\", true)) {","            do {","                parseOption(parent, \"option\");","            } while (skip(\",\", true));","            skip(\"]\");","        }","        return parent;","    }","","    function parseService(parent, token) {","","        /* istanbul ignore if */","        if (!nameRe.test(token = next()))","            throw illegal(token, \"service name\");","","        var service = new Service(token);","        ifBlock(service, function parseService_block(token) {","            if (parseCommon(service, token))","                return;","","            /* istanbul ignore else */","            if (token === \"rpc\")","                parseMethod(service, token);","            else","                throw illegal(token);","        });","        parent.add(service);","    }","","    function parseMethod(parent, token) {","        var type = token;","","        /* istanbul ignore if */","        if (!nameRe.test(token = next()))","            throw illegal(token, \"name\");","","        var name = token,","            requestType, requestStream,","            responseType, responseStream;","","        skip(\"(\");","        if (skip(\"stream\", true))","            requestStream = true;","","        /* istanbul ignore if */","        if (!typeRefRe.test(token = next()))","            throw illegal(token);","","        requestType = token;","        skip(\")\"); skip(\"returns\"); skip(\"(\");","        if (skip(\"stream\", true))","            responseStream = true;","","        /* istanbul ignore if */","        if (!typeRefRe.test(token = next()))","            throw illegal(token);","","        responseType = token;","        skip(\")\");","","        var method = new Method(name, type, requestType, responseType, requestStream, responseStream);","        ifBlock(method, function parseMethod_block(token) {","","            /* istanbul ignore else */","            if (token === \"option\") {","                parseOption(method, token);","                skip(\";\");","            } else","                throw illegal(token);","","        });","        parent.add(method);","    }","","    function parseExtension(parent, token) {","","        /* istanbul ignore if */","        if (!typeRefRe.test(token = next()))","            throw illegal(token, \"reference\");","","        var reference = token;","        ifBlock(null, function parseExtension_block(token) {","            switch (token) {","","                case \"required\":","                case \"repeated\":","                case \"optional\":","                    parseField(parent, token, reference);","                    break;","","                default:","                    /* istanbul ignore if */","                    if (!isProto3 || !typeRefRe.test(token))","                        throw illegal(token);","                    push(token);","                    parseField(parent, \"optional\", reference);","                    break;","            }","        });","    }","","    var token;","    while ((token = next()) !== null) {","        switch (token) {","","            case \"package\":","","                /* istanbul ignore if */","                if (!head)","                    throw illegal(token);","","                parsePackage();","                break;","","            case \"import\":","","                /* istanbul ignore if */","                if (!head)","                    throw illegal(token);","","                parseImport();","                break;","","            case \"syntax\":","","                /* istanbul ignore if */","                if (!head)","                    throw illegal(token);","","                parseSyntax();","                break;","","            case \"option\":","","                /* istanbul ignore if */","                if (!head)","                    throw illegal(token);","","                parseOption(ptr, token);","                skip(\";\");","                break;","","            default:","","                /* istanbul ignore else */","                if (parseCommon(ptr, token)) {","                    head = false;","                    continue;","                }","","                /* istanbul ignore next */","                throw illegal(token);","        }","    }","","    parse.filename = null;","    return {","        \"package\"     : pkg,","        \"imports\"     : imports,","         weakImports  : weakImports,","         syntax       : syntax,","         root         : root","    };","}","","/**"," * Parses the given .proto source and returns an object with the parsed contents."," * @name parse"," * @function"," * @param {string} source Source contents"," * @param {ParseOptions} [options] Parse options. Defaults to {@link parse.defaults} when omitted."," * @returns {ParserResult} Parser result"," * @property {string} filename=null Currently processing file name for error reporting, if known"," * @property {ParseOptions} defaults Default {@link ParseOptions}"," * @variation 2"," */",""],"l":{"2":1,"4":1,"5":1,"7":1,"19":1,"30":1,"32":1,"33":0,"35":0,"66":1,"68":0,"69":0,"70":0,"72":0,"73":0,"75":0,"82":0,"89":0,"91":0,"94":1,"95":1,"96":1,"97":1,"98":1,"101":1,"102":0,"104":0,"106":0,"107":1,"109":0,"110":0,"111":0,"113":0,"116":1,"117":0,"118":0,"121":0,"122":0,"124":0,"126":0,"128":0,"129":0,"133":0,"134":0,"137":1,"141":1,"142":0,"143":0,"144":0,"145":0,"147":0,"149":0,"152":1,"153":0,"154":0,"155":0,"156":0,"158":0,"160":0,"162":0,"164":0,"166":0,"167":0,"168":0,"169":0,"170":0,"171":0,"174":0,"175":0,"178":1,"181":1,"182":0,"184":0,"186":0,"190":0,"191":1,"193":0,"194":0,"195":0,"196":0,"199":0,"200":0,"203":1,"206":1,"209":0,"210":1,"212":0,"215":0,"216":1,"218":0,"219":0,"222":1,"223":0,"224":0,"225":0,"227":0,"228":0,"229":0,"231":0,"234":0,"235":0,"237":0,"238":0,"239":0,"242":1,"243":0,"244":0,"245":0,"248":0,"249":1,"251":0,"254":1,"255":0,"258":0,"259":0,"260":0,"263":0,"264":0,"267":0,"268":0,"271":0,"272":0,"275":0,"276":0,"278":0,"281":1,"282":0,"283":0,"284":0,"285":0,"287":0,"288":0,"289":0,"290":0,"291":0,"293":0,"294":0,"295":0,"296":0,"297":0,"301":1,"304":0,"305":1,"307":0,"308":0,"309":0,"310":0,"312":0,"315":0,"316":0,"321":0,"322":0,"325":0,"326":0,"329":0,"330":0,"333":0,"334":0,"338":0,"339":1,"341":0,"342":0,"343":0,"346":0,"349":1,"350":0,"351":0,"352":0,"353":0,"357":0,"358":1,"360":0,"363":0,"364":1,"366":0,"367":0,"369":0,"370":0,"373":0,"374":0,"375":0,"377":1,"380":0,"382":0,"388":0,"389":0,"392":1,"393":0,"396":0,"397":1,"399":0,"400":0,"401":0,"402":0,"403":0,"404":0,"405":0,"406":0,"407":0,"408":0,"409":0,"412":0,"413":0,"414":0,"419":0,"420":0,"424":1,"427":0,"431":1,"432":0,"433":0,"436":0,"437":1,"439":0,"440":0,"443":0,"444":1,"446":0,"447":0,"450":0,"451":1,"453":0,"454":0,"455":0,"458":0,"459":0,"460":0,"462":1,"465":0,"467":0,"470":1,"473":0,"474":1,"476":0,"477":0,"478":0,"479":0,"480":0,"482":0,"483":0,"486":0,"489":1,"492":0,"493":1,"495":0,"496":0,"497":0,"498":0,"499":0,"501":0,"503":0,"506":1,"509":0,"510":1,"512":0,"513":0,"515":0,"518":0,"519":0,"520":0,"522":1,"525":0,"527":0,"530":1,"531":0,"534":0,"535":1,"537":0,"538":0,"539":0,"540":0,"541":0,"542":0,"543":0,"544":0,"547":0,"548":0,"551":1,"552":0,"553":0,"555":0,"556":1,"558":0,"559":0,"561":0,"562":0,"566":0,"570":1,"571":0,"572":0,"575":1,"576":0,"577":0,"578":0,"580":0,"582":0,"585":1,"588":0,"589":1,"591":0,"592":0,"593":0,"594":0,"597":0,"598":0,"600":1,"602":0,"605":1,"606":0,"609":0,"610":1,"612":0,"616":0,"617":0,"618":0,"621":0,"622":1,"624":0,"625":0,"626":0,"627":0,"630":0,"631":1,"633":0,"634":0,"636":0,"637":0,"640":0,"641":0,"642":0,"644":1,"647":0,"650":1,"653":0,"654":1,"656":0,"657":0,"658":0,"663":0,"664":0,"668":0,"669":1,"670":0,"671":0,"672":0,"677":0,"678":0,"679":0,"684":0,"685":1,"687":0,"688":0,"693":0,"694":1,"696":0,"697":0,"702":0,"703":1,"705":0,"706":0,"711":0,"712":1,"714":0,"715":0,"716":0,"721":0,"722":0,"723":0,"727":1,"731":0,"732":0}},"/home/travis/build/npmtest/node-npmtest-protobufjs/protobufjs/src/common.js":{"path":"/home/travis/build/npmtest/node-npmtest-protobufjs/protobufjs/src/common.js","s":{"1":1,"2":1,"3":6,"4":6,"5":6,"6":6,"7":1,"8":1,"9":1,"10":1,"11":1,"12":1,"13":1,"14":1},"b":{"1":[6,0]},"f":{"1":6},"fnMap":{"1":{"name":"common","line":23,"loc":{"start":{"line":23,"column":0},"end":{"line":23,"column":28}}}},"statementMap":{"1":{"start":{"line":2,"column":0},"end":{"line":2,"column":24}},"2":{"start":{"line":23,"column":0},"end":{"line":29,"column":1}},"3":{"start":{"line":24,"column":4},"end":{"line":27,"column":5}},"4":{"start":{"line":25,"column":8},"end":{"line":25,"column":52}},"5":{"start":{"line":26,"column":8},"end":{"line":26,"column":82}},"6":{"start":{"line":28,"column":4},"end":{"line":28,"column":24}},"7":{"start":{"line":31,"column":0},"end":{"line":31,"column":23}},"8":{"start":{"line":43,"column":0},"end":{"line":56,"column":3}},"9":{"start":{"line":58,"column":0},"end":{"line":58,"column":13}},"10":{"start":{"line":60,"column":0},"end":{"line":73,"column":3}},"11":{"start":{"line":75,"column":0},"end":{"line":77,"column":3}},"12":{"start":{"line":79,"column":0},"end":{"line":83,"column":3}},"13":{"start":{"line":85,"column":0},"end":{"line":149,"column":3}},"14":{"start":{"line":151,"column":0},"end":{"line":224,"column":3}}},"branchMap":{"1":{"line":24,"type":"if","locations":[{"start":{"line":24,"column":4},"end":{"line":24,"column":4}},{"start":{"line":24,"column":4},"end":{"line":24,"column":4}}]}},"code":["\"use strict\";","module.exports = common;","","/**"," * Provides common type definitions."," * Can also be used to provide additional google types or your own custom types."," * @param {string} name Short name as in `google/protobuf/[name].proto` or full file name"," * @param {Object.<string,*>} json JSON definition within `google.protobuf` if a short name, otherwise the file's root definition"," * @returns {undefined}"," * @property {Object.<string,*>} google/protobuf/any.proto Any"," * @property {Object.<string,*>} google/protobuf/duration.proto Duration"," * @property {Object.<string,*>} google/protobuf/empty.proto Empty"," * @property {Object.<string,*>} google/protobuf/struct.proto Struct, Value, NullValue and ListValue"," * @property {Object.<string,*>} google/protobuf/timestamp.proto Timestamp"," * @property {Object.<string,*>} google/protobuf/wrappers.proto Wrappers"," * @example"," * // manually provides descriptor.proto (assumes google/protobuf/ namespace and .proto extension)"," * protobuf.common(\"descriptor\", descriptorJson);"," *"," * // manually provides a custom definition (uses my.foo namespace)"," * protobuf.common(\"my/foo/bar.proto\", myFooBarJson);"," */","function common(name, json) {","    if (!commonRe.test(name)) {","        name = \"google/protobuf/\" + name + \".proto\";","        json = { nested: { google: { nested: { protobuf: { nested: json } } } } };","    }","    common[name] = json;","}","","var commonRe = /\\/|\\./;","","// Not provided because of limited use (feel free to discuss or to provide yourself):","//","// google/protobuf/descriptor.proto","// google/protobuf/field_mask.proto","// google/protobuf/source_context.proto","// google/protobuf/type.proto","//","// Stripped and pre-parsed versions of these non-bundled files are instead available as part of","// the repository or package within the google/protobuf directory.","","common(\"any\", {","    Any: {","        fields: {","            type_url: {","                type: \"string\",","                id: 1","            },","            value: {","                type: \"bytes\",","                id: 2","            }","        }","    }","});","","var timeType;","","common(\"duration\", {","    Duration: timeType = {","        fields: {","            seconds: {","                type: \"int64\",","                id: 1","            },","            nanos: {","                type: \"int32\",","                id: 2","            }","        }","    }","});","","common(\"timestamp\", {","    Timestamp: timeType","});","","common(\"empty\", {","    Empty: {","        fields: {}","    }","});","","common(\"struct\", {","    Struct: {","        fields: {","            fields: {","                keyType: \"string\",","                type: \"Value\",","                id: 1","            }","        }","    },","    Value: {","        oneofs: {","            kind: {","                oneof: [","                    \"nullValue\",","                    \"numberValue\",","                    \"stringValue\",","                    \"boolValue\",","                    \"structValue\",","                    \"listValue\"","                ]","            }","        },","        fields: {","            nullValue: {","                type: \"NullValue\",","                id: 1","            },","            numberValue: {","                type: \"double\",","                id: 2","            },","            stringValue: {","                type: \"string\",","                id: 3","            },","            boolValue: {","                type: \"bool\",","                id: 4","            },","            structValue: {","                type: \"Struct\",","                id: 5","            },","            listValue: {","                type: \"ListValue\",","                id: 6","            }","        }","    },","    NullValue: {","        values: {","            NULL_VALUE: 0","        }","    },","    ListValue: {","        fields: {","            values: {","                rule: \"repeated\",","                type: \"Value\",","                id: 1","            }","        }","    }","});","","common(\"wrappers\", {","    DoubleValue: {","        fields: {","            value: {","                type: \"double\",","                id: 1","            }","        }","    },","    FloatValue: {","        fields: {","            value: {","                type: \"float\",","                id: 1","            }","        }","    },","    Int64Value: {","        fields: {","            value: {","                type: \"int64\",","                id: 1","            }","        }","    },","    UInt64Value: {","        fields: {","            value: {","                type: \"uint64\",","                id: 1","            }","        }","    },","    Int32Value: {","        fields: {","            value: {","                type: \"int32\",","                id: 1","            }","        }","    },","    UInt32Value: {","        fields: {","            value: {","                type: \"uint32\",","                id: 1","            }","        }","    },","    BoolValue: {","        fields: {","            value: {","                type: \"bool\",","                id: 1","            }","        }","    },","    StringValue: {","        fields: {","            value: {","                type: \"string\",","                id: 1","            }","        }","    },","    BytesValue: {","        fields: {","            value: {","                type: \"bytes\",","                id: 1","            }","        }","    }","});",""],"l":{"2":1,"23":1,"24":6,"25":6,"26":6,"28":6,"31":1,"43":1,"58":1,"60":1,"75":1,"79":1,"85":1,"151":1}}}