{"/home/travis/build/npmtest/node-npmtest-protobufjs/test.js":{"path":"/home/travis/build/npmtest/node-npmtest-protobufjs/test.js","s":{"1":2,"2":2,"3":2,"4":2,"5":2,"6":2,"7":2,"8":1,"9":2,"10":2,"11":1,"12":1,"13":1,"14":1,"15":2,"16":2,"17":2,"18":2,"19":1,"20":1,"21":2,"22":2,"23":2,"24":1,"25":1,"26":1,"27":1,"28":1,"29":1,"30":1,"31":1,"32":1,"33":1,"34":1,"35":1,"36":1,"37":1,"38":1,"39":2,"40":2,"41":1,"42":2,"43":2,"44":1,"45":2,"46":2,"47":1,"48":2,"49":2,"50":1,"51":1,"52":1,"53":1,"54":1},"b":{"1":[2,1,1,1],"2":[1,1,1,1],"3":[1,1],"4":[1,1],"5":[1,1],"6":[1,1],"7":[1,1],"8":[1,1],"9":[1,1],"10":[1,1,1],"11":[1,1],"12":[1,1],"13":[1,1],"14":[1,1],"15":[1,1],"16":[1,1],"17":[1,1]},"f":{"1":2,"2":2,"3":2,"4":2,"5":2,"6":1,"7":1,"8":1,"9":2,"10":2,"11":2,"12":2,"13":1},"fnMap":{"1":{"name":"(anonymous_1)","line":12,"loc":{"start":{"line":12,"column":1},"end":{"line":12,"column":13}}},"2":{"name":"(anonymous_2)","line":19,"loc":{"start":{"line":19,"column":5},"end":{"line":19,"column":17}}},"3":{"name":"(anonymous_3)","line":23,"loc":{"start":{"line":23,"column":24},"end":{"line":23,"column":36}}},"4":{"name":"(anonymous_4)","line":61,"loc":{"start":{"line":61,"column":5},"end":{"line":61,"column":17}}},"5":{"name":"(anonymous_5)","line":82,"loc":{"start":{"line":82,"column":5},"end":{"line":82,"column":17}}},"6":{"name":"(anonymous_6)","line":91,"loc":{"start":{"line":91,"column":77},"end":{"line":94,"column":10}}},"7":{"name":"(anonymous_7)","line":112,"loc":{"start":{"line":112,"column":83},"end":{"line":115,"column":10}},"skip":true},"8":{"name":"(anonymous_8)","line":123,"loc":{"start":{"line":123,"column":77},"end":{"line":126,"column":10}},"skip":true},"9":{"name":"(anonymous_9)","line":139,"loc":{"start":{"line":139,"column":12},"end":{"line":139,"column":40}},"skip":true},"10":{"name":"(anonymous_10)","line":147,"loc":{"start":{"line":147,"column":77},"end":{"line":150,"column":10}},"skip":true},"11":{"name":"(anonymous_11)","line":158,"loc":{"start":{"line":158,"column":83},"end":{"line":161,"column":10}},"skip":true},"12":{"name":"(anonymous_12)","line":169,"loc":{"start":{"line":169,"column":79},"end":{"line":172,"column":10}},"skip":true},"13":{"name":"(anonymous_13)","line":180,"loc":{"start":{"line":180,"column":75},"end":{"line":183,"column":10}},"skip":true}},"statementMap":{"1":{"start":{"line":12,"column":0},"end":{"line":195,"column":5}},"2":{"start":{"line":14,"column":4},"end":{"line":14,"column":14}},"3":{"start":{"line":19,"column":4},"end":{"line":56,"column":9}},"4":{"start":{"line":21,"column":8},"end":{"line":21,"column":19}},"5":{"start":{"line":23,"column":8},"end":{"line":35,"column":13}},"6":{"start":{"line":24,"column":12},"end":{"line":34,"column":13}},"7":{"start":{"line":25,"column":16},"end":{"line":28,"column":30}},"8":{"start":{"line":30,"column":16},"end":{"line":33,"column":27}},"9":{"start":{"line":37,"column":8},"end":{"line":39,"column":21}},"10":{"start":{"line":40,"column":8},"end":{"line":53,"column":9}},"11":{"start":{"line":43,"column":12},"end":{"line":46,"column":14}},"12":{"start":{"line":47,"column":12},"end":{"line":47,"column":18}},"13":{"start":{"line":50,"column":12},"end":{"line":51,"column":46}},"14":{"start":{"line":52,"column":12},"end":{"line":52,"column":18}},"15":{"start":{"line":55,"column":8},"end":{"line":55,"column":35}},"16":{"start":{"line":61,"column":4},"end":{"line":63,"column":9}},"17":{"start":{"line":62,"column":8},"end":{"line":62,"column":15}},"18":{"start":{"line":64,"column":4},"end":{"line":77,"column":5}},"19":{"start":{"line":70,"column":8},"end":{"line":70,"column":14}},"20":{"start":{"line":76,"column":8},"end":{"line":76,"column":14}},"21":{"start":{"line":82,"column":4},"end":{"line":84,"column":9}},"22":{"start":{"line":83,"column":8},"end":{"line":83,"column":15}},"23":{"start":{"line":85,"column":4},"end":{"line":194,"column":5}},"24":{"start":{"line":91,"column":8},"end":{"line":99,"column":10}},"25":{"start":{"line":98,"column":12},"end":{"line":98,"column":35}},"26":{"start":{"line":102,"column":8},"end":{"line":104,"column":63}},"27":{"start":{"line":105,"column":8},"end":{"line":105,"column":14}},"28":{"start":{"line":112,"column":8},"end":{"line":121,"column":10},"skip":true},"29":{"start":{"line":119,"column":12},"end":{"line":119,"column":55},"skip":true},"30":{"start":{"line":120,"column":12},"end":{"line":120,"column":48},"skip":true},"31":{"start":{"line":123,"column":8},"end":{"line":136,"column":10},"skip":true},"32":{"start":{"line":130,"column":12},"end":{"line":130,"column":76},"skip":true},"33":{"start":{"line":131,"column":12},"end":{"line":131,"column":73},"skip":true},"34":{"start":{"line":132,"column":12},"end":{"line":132,"column":74},"skip":true},"35":{"start":{"line":133,"column":12},"end":{"line":133,"column":79},"skip":true},"36":{"start":{"line":134,"column":12},"end":{"line":134,"column":25},"skip":true},"37":{"start":{"line":135,"column":12},"end":{"line":135,"column":45},"skip":true},"38":{"start":{"line":138,"column":8},"end":{"line":145,"column":14},"skip":true},"39":{"start":{"line":143,"column":16},"end":{"line":143,"column":29},"skip":true},"40":{"start":{"line":144,"column":16},"end":{"line":144,"column":55},"skip":true},"41":{"start":{"line":147,"column":8},"end":{"line":156,"column":10},"skip":true},"42":{"start":{"line":154,"column":12},"end":{"line":154,"column":25},"skip":true},"43":{"start":{"line":155,"column":12},"end":{"line":155,"column":45},"skip":true},"44":{"start":{"line":158,"column":8},"end":{"line":167,"column":10},"skip":true},"45":{"start":{"line":165,"column":12},"end":{"line":165,"column":25},"skip":true},"46":{"start":{"line":166,"column":12},"end":{"line":166,"column":48},"skip":true},"47":{"start":{"line":169,"column":8},"end":{"line":178,"column":10},"skip":true},"48":{"start":{"line":176,"column":12},"end":{"line":176,"column":25},"skip":true},"49":{"start":{"line":177,"column":12},"end":{"line":177,"column":46},"skip":true},"50":{"start":{"line":180,"column":8},"end":{"line":189,"column":10},"skip":true},"51":{"start":{"line":187,"column":12},"end":{"line":187,"column":94},"skip":true},"52":{"start":{"line":188,"column":12},"end":{"line":188,"column":48},"skip":true},"53":{"start":{"line":192,"column":8},"end":{"line":192,"column":35},"skip":true},"54":{"start":{"line":193,"column":8},"end":{"line":193,"column":14},"skip":true}},"branchMap":{"1":{"line":25,"type":"binary-expr","locations":[{"start":{"line":25,"column":23},"end":{"line":25,"column":62}},{"start":{"line":26,"column":20},"end":{"line":26,"column":70}},{"start":{"line":27,"column":20},"end":{"line":27,"column":71}},{"start":{"line":28,"column":20},"end":{"line":28,"column":29}}]},"2":{"line":30,"type":"binary-expr","locations":[{"start":{"line":30,"column":23},"end":{"line":30,"column":37}},{"start":{"line":31,"column":20},"end":{"line":31,"column":61}},{"start":{"line":32,"column":20},"end":{"line":32,"column":70}},{"start":{"line":33,"column":20},"end":{"line":33,"column":26}}]},"3":{"line":37,"type":"cond-expr","locations":[{"start":{"line":38,"column":14},"end":{"line":38,"column":20}},{"start":{"line":39,"column":14},"end":{"line":39,"column":20}}]},"4":{"line":40,"type":"switch","locations":[{"start":{"line":42,"column":8},"end":{"line":47,"column":18}},{"start":{"line":49,"column":8},"end":{"line":52,"column":18}}]},"5":{"line":44,"type":"binary-expr","locations":[{"start":{"line":44,"column":16},"end":{"line":44,"column":44}},{"start":{"line":44,"column":48},"end":{"line":44,"column":66}}]},"6":{"line":50,"type":"binary-expr","locations":[{"start":{"line":50,"column":21},"end":{"line":50,"column":49}},{"start":{"line":50,"column":53},"end":{"line":50,"column":72}}]},"7":{"line":64,"type":"switch","locations":[{"start":{"line":69,"column":4},"end":{"line":70,"column":14}},{"start":{"line":75,"column":4},"end":{"line":76,"column":14}}]},"8":{"line":85,"type":"switch","locations":[{"start":{"line":90,"column":4},"end":{"line":105,"column":14}},{"start":{"line":111,"column":4},"end":{"line":193,"column":14},"skip":true}]},"9":{"line":91,"type":"binary-expr","locations":[{"start":{"line":91,"column":42},"end":{"line":91,"column":73}},{"start":{"line":91,"column":77},"end":{"line":99,"column":9}}]},"10":{"line":102,"type":"binary-expr","locations":[{"start":{"line":102,"column":18},"end":{"line":102,"column":32}},{"start":{"line":103,"column":12},"end":{"line":103,"column":53}},{"start":{"line":104,"column":12},"end":{"line":104,"column":61}}]},"11":{"line":112,"type":"binary-expr","locations":[{"start":{"line":112,"column":45},"end":{"line":112,"column":79},"skip":true},{"start":{"line":112,"column":83},"end":{"line":121,"column":9},"skip":true}]},"12":{"line":123,"type":"binary-expr","locations":[{"start":{"line":123,"column":42},"end":{"line":123,"column":73},"skip":true},{"start":{"line":123,"column":77},"end":{"line":136,"column":9},"skip":true}]},"13":{"line":138,"type":"binary-expr","locations":[{"start":{"line":138,"column":48},"end":{"line":138,"column":85},"skip":true},{"start":{"line":139,"column":12},"end":{"line":145,"column":13},"skip":true}]},"14":{"line":147,"type":"binary-expr","locations":[{"start":{"line":147,"column":42},"end":{"line":147,"column":73},"skip":true},{"start":{"line":147,"column":77},"end":{"line":156,"column":9},"skip":true}]},"15":{"line":158,"type":"binary-expr","locations":[{"start":{"line":158,"column":45},"end":{"line":158,"column":79},"skip":true},{"start":{"line":158,"column":83},"end":{"line":167,"column":9},"skip":true}]},"16":{"line":169,"type":"binary-expr","locations":[{"start":{"line":169,"column":43},"end":{"line":169,"column":75},"skip":true},{"start":{"line":169,"column":79},"end":{"line":178,"column":9},"skip":true}]},"17":{"line":180,"type":"binary-expr","locations":[{"start":{"line":180,"column":41},"end":{"line":180,"column":71},"skip":true},{"start":{"line":180,"column":75},"end":{"line":189,"column":9},"skip":true}]}},"code":["/* istanbul instrument in package npmtest_protobufjs */","/*jslint","    bitwise: true,","    browser: true,","    maxerr: 8,","    maxlen: 96,","    node: true,","    nomen: true,","    regexp: true,","    stupid: true","*/","(function () {","    'use strict';","    var local;","","","","    // run shared js-env code - pre-init","    (function () {","        // init local","        local = {};","        // init modeJs","        local.modeJs = (function () {","            try {","                return typeof navigator.userAgent === 'string' &&","                    typeof document.querySelector('body') === 'object' &&","                    typeof XMLHttpRequest.prototype.open === 'function' &&","                    'browser';","            } catch (errorCaughtBrowser) {","                return module.exports &&","                    typeof process.versions.node === 'string' &&","                    typeof require('http').createServer === 'function' &&","                    'node';","            }","        }());","        // init global","        local.global = local.modeJs === 'browser'","            ? window","            : global;","        switch (local.modeJs) {","        // re-init local from window.local","        case 'browser':","            local = local.global.utility2.objectSetDefault(","                local.global.utility2_rollup || local.global.local,","                local.global.utility2","            );","            break;","        // re-init local from example.js","        case 'node':","            local = (local.global.utility2_rollup || require('utility2'))","                .requireExampleJsFromReadme();","            break;","        }","        // export local","        local.global.local = local;","    }());","","","","    // run shared js-env code - function","    (function () {","        return;","    }());","    switch (local.modeJs) {","","","","    // run browser js-env code - function","    case 'browser':","        break;","","","","    // run node js-env code - function","    case 'node':","        break;","    }","","","","    // run shared js-env code - post-init","    (function () {","        return;","    }());","    switch (local.modeJs) {","","","","    // run browser js-env code - post-init","    case 'browser':","        local.testCase_browser_nullCase = local.testCase_browser_nullCase || function (","            options,","            onError","        ) {","        /*","         * this function will test browsers's null-case handling-behavior-behavior","         */","            onError(null, options);","        };","","        // run tests","        local.nop(local.modeTest &&","            document.querySelector('#testRunButton1') &&","            document.querySelector('#testRunButton1').click());","        break;","","","","    // run node js-env code - post-init","    /* istanbul ignore next */","    case 'node':","        local.testCase_buildApidoc_default = local.testCase_buildApidoc_default || function (","            options,","            onError","        ) {","        /*","         * this function will test buildApidoc's default handling-behavior-behavior","         */","            options = { modulePathList: module.paths };","            local.buildApidoc(options, onError);","        };","","        local.testCase_buildApp_default = local.testCase_buildApp_default || function (","            options,","            onError","        ) {","        /*","         * this function will test buildApp's default handling-behavior-behavior","         */","            local.testCase_buildReadme_default(options, local.onErrorThrow);","            local.testCase_buildLib_default(options, local.onErrorThrow);","            local.testCase_buildTest_default(options, local.onErrorThrow);","            local.testCase_buildCustomOrg_default(options, local.onErrorThrow);","            options = [];","            local.buildApp(options, onError);","        };","","        local.testCase_buildCustomOrg_default = local.testCase_buildCustomOrg_default ||","            function (options, onError) {","            /*","             * this function will test buildCustomOrg's default handling-behavior","             */","                options = {};","                local.buildCustomOrg(options, onError);","            };","","        local.testCase_buildLib_default = local.testCase_buildLib_default || function (","            options,","            onError","        ) {","        /*","         * this function will test buildLib's default handling-behavior","         */","            options = {};","            local.buildLib(options, onError);","        };","","        local.testCase_buildReadme_default = local.testCase_buildReadme_default || function (","            options,","            onError","        ) {","        /*","         * this function will test buildReadme's default handling-behavior-behavior","         */","            options = {};","            local.buildReadme(options, onError);","        };","","        local.testCase_buildTest_default = local.testCase_buildTest_default || function (","            options,","            onError","        ) {","        /*","         * this function will test buildTest's default handling-behavior","         */","            options = {};","            local.buildTest(options, onError);","        };","","        local.testCase_webpage_default = local.testCase_webpage_default || function (","            options,","            onError","        ) {","        /*","         * this function will test webpage's default handling-behavior","         */","            options = { modeCoverageMerge: true, url: local.serverLocalHost + '?modeTest=1' };","            local.browserTest(options, onError);","        };","","        // run test-server","        local.testRunServer(local);","        break;","    }","}());",""],"l":{"12":2,"14":2,"19":2,"21":2,"23":2,"24":2,"25":2,"30":1,"37":2,"40":2,"43":1,"47":1,"50":1,"52":1,"55":2,"61":2,"62":2,"64":2,"70":1,"76":1,"82":2,"83":2,"85":2,"91":1,"98":1,"102":1,"105":1,"112":1,"119":1,"120":1,"123":1,"130":1,"131":1,"132":1,"133":1,"134":1,"135":1,"138":1,"143":2,"144":2,"147":1,"154":2,"155":2,"158":1,"165":2,"166":2,"169":1,"176":2,"177":2,"180":1,"187":1,"188":1,"192":1,"193":1}},"/home/travis/build/npmtest/node-npmtest-protobufjs/lib.npmtest_protobufjs.js":{"path":"/home/travis/build/npmtest/node-npmtest-protobufjs/lib.npmtest_protobufjs.js","s":{"1":2,"2":2,"3":2,"4":2,"5":2,"6":2,"7":2,"8":1,"9":2,"10":2,"11":2,"12":2,"13":1,"14":1,"15":1,"16":1},"b":{"1":[2,1,1,1],"2":[1,1,1,1],"3":[1,1],"4":[2,2],"5":[1,1]},"f":{"1":2,"2":2,"3":2},"fnMap":{"1":{"name":"(anonymous_1)","line":12,"loc":{"start":{"line":12,"column":1},"end":{"line":12,"column":13}}},"2":{"name":"(anonymous_2)","line":19,"loc":{"start":{"line":19,"column":5},"end":{"line":19,"column":17}}},"3":{"name":"(anonymous_3)","line":23,"loc":{"start":{"line":23,"column":24},"end":{"line":23,"column":36}}}},"statementMap":{"1":{"start":{"line":12,"column":0},"end":{"line":53,"column":5}},"2":{"start":{"line":14,"column":4},"end":{"line":14,"column":14}},"3":{"start":{"line":19,"column":4},"end":{"line":52,"column":9}},"4":{"start":{"line":21,"column":8},"end":{"line":21,"column":19}},"5":{"start":{"line":23,"column":8},"end":{"line":35,"column":13}},"6":{"start":{"line":24,"column":12},"end":{"line":34,"column":13}},"7":{"start":{"line":25,"column":16},"end":{"line":28,"column":30}},"8":{"start":{"line":30,"column":16},"end":{"line":33,"column":27}},"9":{"start":{"line":37,"column":8},"end":{"line":39,"column":21}},"10":{"start":{"line":41,"column":8},"end":{"line":41,"column":54}},"11":{"start":{"line":43,"column":8},"end":{"line":43,"column":55}},"12":{"start":{"line":45,"column":8},"end":{"line":51,"column":9}},"13":{"start":{"line":46,"column":12},"end":{"line":46,"column":61}},"14":{"start":{"line":48,"column":12},"end":{"line":48,"column":35}},"15":{"start":{"line":49,"column":12},"end":{"line":49,"column":49}},"16":{"start":{"line":50,"column":12},"end":{"line":50,"column":43}}},"branchMap":{"1":{"line":25,"type":"binary-expr","locations":[{"start":{"line":25,"column":23},"end":{"line":25,"column":62}},{"start":{"line":26,"column":20},"end":{"line":26,"column":70}},{"start":{"line":27,"column":20},"end":{"line":27,"column":71}},{"start":{"line":28,"column":20},"end":{"line":28,"column":29}}]},"2":{"line":30,"type":"binary-expr","locations":[{"start":{"line":30,"column":23},"end":{"line":30,"column":37}},{"start":{"line":31,"column":20},"end":{"line":31,"column":61}},{"start":{"line":32,"column":20},"end":{"line":32,"column":70}},{"start":{"line":33,"column":20},"end":{"line":33,"column":26}}]},"3":{"line":37,"type":"cond-expr","locations":[{"start":{"line":38,"column":14},"end":{"line":38,"column":20}},{"start":{"line":39,"column":14},"end":{"line":39,"column":20}}]},"4":{"line":41,"type":"binary-expr","locations":[{"start":{"line":41,"column":16},"end":{"line":41,"column":44}},{"start":{"line":41,"column":48},"end":{"line":41,"column":53}}]},"5":{"line":45,"type":"if","locations":[{"start":{"line":45,"column":8},"end":{"line":45,"column":8}},{"start":{"line":45,"column":8},"end":{"line":45,"column":8}}]}},"code":["/* istanbul instrument in package npmtest_protobufjs */","/*jslint","    bitwise: true,","    browser: true,","    maxerr: 8,","    maxlen: 96,","    node: true,","    nomen: true,","    regexp: true,","    stupid: true","*/","(function () {","    'use strict';","    var local;","","","","    // run shared js-env code - pre-init","    (function () {","        // init local","        local = {};","        // init modeJs","        local.modeJs = (function () {","            try {","                return typeof navigator.userAgent === 'string' &&","                    typeof document.querySelector('body') === 'object' &&","                    typeof XMLHttpRequest.prototype.open === 'function' &&","                    'browser';","            } catch (errorCaughtBrowser) {","                return module.exports &&","                    typeof process.versions.node === 'string' &&","                    typeof require('http').createServer === 'function' &&","                    'node';","            }","        }());","        // init global","        local.global = local.modeJs === 'browser'","            ? window","            : global;","        // init utility2_rollup","        local = local.global.utility2_rollup || local;","        // init lib","        local.local = local.npmtest_protobufjs = local;","        // init exports","        if (local.modeJs === 'browser') {","            local.global.utility2_npmtest_protobufjs = local;","        } else {","            module.exports = local;","            module.exports.__dirname = __dirname;","            module.exports.module = module;","        }","    }());","}());",""],"l":{"12":2,"14":2,"19":2,"21":2,"23":2,"24":2,"25":2,"30":1,"37":2,"41":2,"43":2,"45":2,"46":1,"48":1,"49":1,"50":1}},"/home/travis/build/npmtest/node-npmtest-protobufjs/example.js":{"path":"/home/travis/build/npmtest/node-npmtest-protobufjs/example.js","s":{"1":2,"2":2,"3":2,"4":2,"5":2,"6":2,"7":2,"8":1,"9":2,"10":2,"11":2,"12":2,"13":1,"14":2,"15":2,"16":2,"17":2,"18":2,"19":0,"20":2,"21":1,"22":1,"23":1,"24":1,"25":1,"26":0,"27":0,"28":1,"29":1,"30":2,"31":0,"32":0,"33":0,"34":1,"35":2,"36":2,"37":3,"38":3,"39":3,"40":3,"41":0,"42":3,"43":3,"44":3,"45":1,"46":3,"47":1,"48":1,"49":1,"50":1,"51":1,"52":1,"53":1,"54":1,"55":1,"56":1,"57":0,"58":1,"59":6,"60":6,"61":1,"62":2,"63":0,"64":2,"65":1,"66":1,"67":0,"68":0,"69":0,"70":0,"71":0,"72":0,"73":0,"74":0,"75":0,"76":0,"77":0,"78":0,"79":0,"80":0,"81":0,"82":0,"83":0},"b":{"1":[2,1,1,1],"2":[1,1,1,1],"3":[1,1],"4":[2,2],"5":[1,1],"6":[1,1],"7":[2,0],"8":[2,1,1,1,1,1],"9":[0,2,0],"10":[1,1],"11":[2,1,1],"12":[1,0],"13":[0,2],"14":[2,0,0,0,0,0,0],"15":[0,3],"16":[3,0],"17":[1,1],"18":[0,1],"19":[1,2,0,2],"20":[1,0],"21":[1,1],"22":[0,0],"23":[0,0],"24":[0,0],"25":[0,0],"26":[0,0],"27":[0,0],"28":[0,0]},"f":{"1":2,"2":2,"3":2,"4":2,"5":2,"6":2,"7":3,"8":3,"9":3,"10":1,"11":6,"12":0},"fnMap":{"1":{"name":"(anonymous_1)","line":26,"loc":{"start":{"line":26,"column":1},"end":{"line":26,"column":13}}},"2":{"name":"(anonymous_2)","line":33,"loc":{"start":{"line":33,"column":5},"end":{"line":33,"column":17}}},"3":{"name":"(anonymous_3)","line":37,"loc":{"start":{"line":37,"column":24},"end":{"line":37,"column":36}}},"4":{"name":"(anonymous_4)","line":69,"loc":{"start":{"line":69,"column":31},"end":{"line":69,"column":48}},"skip":true},"5":{"name":"(anonymous_5)","line":78,"loc":{"start":{"line":78,"column":26},"end":{"line":78,"column":45}},"skip":true},"6":{"name":"(anonymous_6)","line":123,"loc":{"start":{"line":123,"column":33},"end":{"line":123,"column":48}},"skip":true},"7":{"name":"(anonymous_7)","line":125,"loc":{"start":{"line":125,"column":27},"end":{"line":125,"column":39}},"skip":true},"8":{"name":"(anonymous_8)","line":133,"loc":{"start":{"line":133,"column":59},"end":{"line":133,"column":74}},"skip":true},"9":{"name":"(anonymous_9)","line":143,"loc":{"start":{"line":143,"column":45},"end":{"line":143,"column":62}},"skip":true},"10":{"name":"(anonymous_10)","line":144,"loc":{"start":{"line":144,"column":73},"end":{"line":144,"column":92}},"skip":true},"11":{"name":"(anonymous_11)","line":272,"loc":{"start":{"line":272,"column":51},"end":{"line":272,"column":77}},"skip":true},"12":{"name":"(anonymous_12)","line":315,"loc":{"start":{"line":315,"column":32},"end":{"line":315,"column":61}},"skip":true}},"statementMap":{"1":{"start":{"line":26,"column":0},"end":{"line":326,"column":5}},"2":{"start":{"line":28,"column":4},"end":{"line":28,"column":14}},"3":{"start":{"line":33,"column":4},"end":{"line":60,"column":9}},"4":{"start":{"line":35,"column":8},"end":{"line":35,"column":19}},"5":{"start":{"line":37,"column":8},"end":{"line":49,"column":13}},"6":{"start":{"line":38,"column":12},"end":{"line":48,"column":13}},"7":{"start":{"line":39,"column":16},"end":{"line":42,"column":30}},"8":{"start":{"line":44,"column":16},"end":{"line":47,"column":27}},"9":{"start":{"line":51,"column":8},"end":{"line":53,"column":21}},"10":{"start":{"line":55,"column":8},"end":{"line":57,"column":45}},"11":{"start":{"line":59,"column":8},"end":{"line":59,"column":35}},"12":{"start":{"line":61,"column":4},"end":{"line":325,"column":5}},"13":{"start":{"line":69,"column":8},"end":{"line":121,"column":10},"skip":true},"14":{"start":{"line":70,"column":12},"end":{"line":88,"column":13},"skip":true},"15":{"start":{"line":76,"column":16},"end":{"line":87,"column":19},"skip":true},"16":{"start":{"line":79,"column":20},"end":{"line":86,"column":21},"skip":true},"17":{"start":{"line":82,"column":24},"end":{"line":82,"column":43},"skip":true},"18":{"start":{"line":83,"column":24},"end":{"line":83,"column":30},"skip":true},"19":{"start":{"line":85,"column":24},"end":{"line":85,"column":49},"skip":true},"20":{"start":{"line":89,"column":12},"end":{"line":107,"column":13},"skip":true},"21":{"start":{"line":92,"column":16},"end":{"line":102,"column":17},"skip":true},"22":{"start":{"line":93,"column":20},"end":{"line":93,"column":86},"skip":true},"23":{"start":{"line":94,"column":20},"end":{"line":95,"column":45},"skip":true},"24":{"start":{"line":96,"column":20},"end":{"line":96,"column":42},"skip":true},"25":{"start":{"line":97,"column":20},"end":{"line":97,"column":48},"skip":true},"26":{"start":{"line":100,"column":20},"end":{"line":100,"column":85},"skip":true},"27":{"start":{"line":101,"column":20},"end":{"line":101,"column":96},"skip":true},"28":{"start":{"line":103,"column":16},"end":{"line":103,"column":22},"skip":true},"29":{"start":{"line":106,"column":16},"end":{"line":106,"column":22},"skip":true},"30":{"start":{"line":108,"column":12},"end":{"line":120,"column":13},"skip":true},"31":{"start":{"line":114,"column":16},"end":{"line":119,"column":17},"skip":true},"32":{"start":{"line":116,"column":20},"end":{"line":116,"column":78},"skip":true},"33":{"start":{"line":118,"column":20},"end":{"line":118,"column":47},"skip":true},"34":{"start":{"line":123,"column":8},"end":{"line":141,"column":11},"skip":true},"35":{"start":{"line":124,"column":12},"end":{"line":124,"column":54},"skip":true},"36":{"start":{"line":125,"column":12},"end":{"line":140,"column":14},"skip":true},"37":{"start":{"line":126,"column":16},"end":{"line":126,"column":28},"skip":true},"38":{"start":{"line":127,"column":16},"end":{"line":127,"column":69},"skip":true},"39":{"start":{"line":128,"column":16},"end":{"line":128,"column":75},"skip":true},"40":{"start":{"line":129,"column":16},"end":{"line":131,"column":17},"skip":true},"41":{"start":{"line":130,"column":20},"end":{"line":130,"column":27},"skip":true},"42":{"start":{"line":133,"column":16},"end":{"line":137,"column":36},"skip":true},"43":{"start":{"line":134,"column":20},"end":{"line":136,"column":55},"skip":true},"44":{"start":{"line":139,"column":16},"end":{"line":139,"column":57},"skip":true},"45":{"start":{"line":143,"column":8},"end":{"line":147,"column":11},"skip":true},"46":{"start":{"line":144,"column":12},"end":{"line":146,"column":15},"skip":true},"47":{"start":{"line":145,"column":16},"end":{"line":145,"column":70},"skip":true},"48":{"start":{"line":149,"column":8},"end":{"line":149,"column":31},"skip":true},"49":{"start":{"line":150,"column":8},"end":{"line":150,"column":14},"skip":true},"50":{"start":{"line":158,"column":8},"end":{"line":158,"column":31},"skip":true},"51":{"start":{"line":160,"column":8},"end":{"line":160,"column":33},"skip":true},"52":{"start":{"line":161,"column":8},"end":{"line":161,"column":37},"skip":true},"53":{"start":{"line":162,"column":8},"end":{"line":162,"column":35},"skip":true},"54":{"start":{"line":164,"column":8},"end":{"line":164,"column":50},"skip":true},"55":{"start":{"line":166,"column":8},"end":{"line":256,"column":2},"skip":true},"56":{"start":{"line":258,"column":8},"end":{"line":286,"column":9},"skip":true},"57":{"start":{"line":259,"column":12},"end":{"line":269,"column":14},"skip":true},"58":{"start":{"line":271,"column":12},"end":{"line":285,"column":19},"skip":true},"59":{"start":{"line":274,"column":20},"end":{"line":274,"column":35},"skip":true},"60":{"start":{"line":275,"column":20},"end":{"line":284,"column":21},"skip":true},"61":{"start":{"line":277,"column":24},"end":{"line":277,"column":64},"skip":true},"62":{"start":{"line":279,"column":24},"end":{"line":279,"column":40},"skip":true},"63":{"start":{"line":281,"column":24},"end":{"line":281,"column":40},"skip":true},"64":{"start":{"line":283,"column":24},"end":{"line":283,"column":39},"skip":true},"65":{"start":{"line":288,"column":8},"end":{"line":290,"column":9},"skip":true},"66":{"start":{"line":289,"column":12},"end":{"line":289,"column":18},"skip":true},"67":{"start":{"line":291,"column":8},"end":{"line":293,"column":54},"skip":true},"68":{"start":{"line":296,"column":8},"end":{"line":301,"column":37},"skip":true},"69":{"start":{"line":303,"column":8},"end":{"line":303,"column":82},"skip":true},"70":{"start":{"line":306,"column":8},"end":{"line":308,"column":9},"skip":true},"71":{"start":{"line":307,"column":12},"end":{"line":307,"column":82},"skip":true},"72":{"start":{"line":310,"column":8},"end":{"line":312,"column":9},"skip":true},"73":{"start":{"line":311,"column":12},"end":{"line":311,"column":18},"skip":true},"74":{"start":{"line":313,"column":8},"end":{"line":313,"column":54},"skip":true},"75":{"start":{"line":314,"column":8},"end":{"line":314,"column":69},"skip":true},"76":{"start":{"line":315,"column":8},"end":{"line":323,"column":36},"skip":true},"77":{"start":{"line":316,"column":12},"end":{"line":316,"column":61},"skip":true},"78":{"start":{"line":317,"column":12},"end":{"line":320,"column":13},"skip":true},"79":{"start":{"line":318,"column":16},"end":{"line":318,"column":75},"skip":true},"80":{"start":{"line":319,"column":16},"end":{"line":319,"column":23},"skip":true},"81":{"start":{"line":321,"column":12},"end":{"line":321,"column":38},"skip":true},"82":{"start":{"line":322,"column":12},"end":{"line":322,"column":27},"skip":true},"83":{"start":{"line":324,"column":8},"end":{"line":324,"column":14},"skip":true}},"branchMap":{"1":{"line":39,"type":"binary-expr","locations":[{"start":{"line":39,"column":23},"end":{"line":39,"column":62}},{"start":{"line":40,"column":20},"end":{"line":40,"column":70}},{"start":{"line":41,"column":20},"end":{"line":41,"column":71}},{"start":{"line":42,"column":20},"end":{"line":42,"column":29}}]},"2":{"line":44,"type":"binary-expr","locations":[{"start":{"line":44,"column":23},"end":{"line":44,"column":37}},{"start":{"line":45,"column":20},"end":{"line":45,"column":61}},{"start":{"line":46,"column":20},"end":{"line":46,"column":70}},{"start":{"line":47,"column":20},"end":{"line":47,"column":26}}]},"3":{"line":51,"type":"cond-expr","locations":[{"start":{"line":52,"column":14},"end":{"line":52,"column":20}},{"start":{"line":53,"column":14},"end":{"line":53,"column":20}}]},"4":{"line":55,"type":"binary-expr","locations":[{"start":{"line":55,"column":16},"end":{"line":55,"column":44}},{"start":{"line":55,"column":49},"end":{"line":57,"column":43}}]},"5":{"line":55,"type":"cond-expr","locations":[{"start":{"line":56,"column":14},"end":{"line":56,"column":54}},{"start":{"line":57,"column":14},"end":{"line":57,"column":43}}]},"6":{"line":61,"type":"switch","locations":[{"start":{"line":68,"column":4},"end":{"line":150,"column":14},"skip":true},{"start":{"line":156,"column":4},"end":{"line":324,"column":14},"skip":true}]},"7":{"line":70,"type":"if","locations":[{"start":{"line":70,"column":12},"end":{"line":70,"column":12},"skip":true},{"start":{"line":70,"column":12},"end":{"line":70,"column":12},"skip":true}]},"8":{"line":70,"type":"binary-expr","locations":[{"start":{"line":70,"column":16},"end":{"line":70,"column":22},"skip":true},{"start":{"line":70,"column":27},"end":{"line":70,"column":32},"skip":true},{"start":{"line":71,"column":20},"end":{"line":71,"column":39},"skip":true},{"start":{"line":72,"column":20},"end":{"line":72,"column":49},"skip":true},{"start":{"line":73,"column":20},"end":{"line":73,"column":58},"skip":true},{"start":{"line":74,"column":20},"end":{"line":74,"column":69},"skip":true}]},"9":{"line":79,"type":"switch","locations":[{"start":{"line":80,"column":20},"end":{"line":80,"column":33},"skip":true},{"start":{"line":81,"column":20},"end":{"line":83,"column":30},"skip":true},{"start":{"line":84,"column":20},"end":{"line":85,"column":49},"skip":true}]},"10":{"line":89,"type":"switch","locations":[{"start":{"line":90,"column":12},"end":{"line":103,"column":22},"skip":true},{"start":{"line":105,"column":12},"end":{"line":106,"column":22},"skip":true}]},"11":{"line":89,"type":"binary-expr","locations":[{"start":{"line":89,"column":20},"end":{"line":89,"column":25},"skip":true},{"start":{"line":89,"column":29},"end":{"line":89,"column":48},"skip":true},{"start":{"line":89,"column":52},"end":{"line":89,"column":74},"skip":true}]},"12":{"line":92,"type":"if","locations":[{"start":{"line":92,"column":16},"end":{"line":92,"column":16},"skip":true},{"start":{"line":92,"column":16},"end":{"line":92,"column":16},"skip":true}]},"13":{"line":108,"type":"if","locations":[{"start":{"line":108,"column":12},"end":{"line":108,"column":12},"skip":true},{"start":{"line":108,"column":12},"end":{"line":108,"column":12},"skip":true}]},"14":{"line":108,"type":"binary-expr","locations":[{"start":{"line":108,"column":16},"end":{"line":108,"column":61},"skip":true},{"start":{"line":108,"column":66},"end":{"line":108,"column":72},"skip":true},{"start":{"line":108,"column":77},"end":{"line":108,"column":82},"skip":true},{"start":{"line":109,"column":20},"end":{"line":109,"column":39},"skip":true},{"start":{"line":110,"column":20},"end":{"line":110,"column":49},"skip":true},{"start":{"line":111,"column":20},"end":{"line":111,"column":58},"skip":true},{"start":{"line":112,"column":20},"end":{"line":112,"column":68},"skip":true}]},"15":{"line":129,"type":"if","locations":[{"start":{"line":129,"column":16},"end":{"line":129,"column":16},"skip":true},{"start":{"line":129,"column":16},"end":{"line":129,"column":16},"skip":true}]},"16":{"line":134,"type":"cond-expr","locations":[{"start":{"line":135,"column":26},"end":{"line":135,"column":29},"skip":true},{"start":{"line":136,"column":26},"end":{"line":136,"column":54},"skip":true}]},"17":{"line":164,"type":"binary-expr","locations":[{"start":{"line":164,"column":27},"end":{"line":164,"column":43},"skip":true},{"start":{"line":164,"column":47},"end":{"line":164,"column":49},"skip":true}]},"18":{"line":258,"type":"if","locations":[{"start":{"line":258,"column":8},"end":{"line":258,"column":8},"skip":true},{"start":{"line":258,"column":8},"end":{"line":258,"column":8},"skip":true}]},"19":{"line":275,"type":"switch","locations":[{"start":{"line":276,"column":20},"end":{"line":277,"column":64},"skip":true},{"start":{"line":278,"column":20},"end":{"line":279,"column":40},"skip":true},{"start":{"line":280,"column":20},"end":{"line":281,"column":40},"skip":true},{"start":{"line":282,"column":20},"end":{"line":283,"column":39},"skip":true}]},"20":{"line":288,"type":"if","locations":[{"start":{"line":288,"column":8},"end":{"line":288,"column":8},"skip":true},{"start":{"line":288,"column":8},"end":{"line":288,"column":8},"skip":true}]},"21":{"line":288,"type":"binary-expr","locations":[{"start":{"line":288,"column":12},"end":{"line":288,"column":40},"skip":true},{"start":{"line":288,"column":44},"end":{"line":288,"column":67},"skip":true}]},"22":{"line":292,"type":"binary-expr","locations":[{"start":{"line":292,"column":12},"end":{"line":292,"column":50},"skip":true},{"start":{"line":293,"column":12},"end":{"line":293,"column":53},"skip":true}]},"23":{"line":297,"type":"binary-expr","locations":[{"start":{"line":297,"column":12},"end":{"line":297,"column":68},"skip":true},{"start":{"line":298,"column":12},"end":{"line":301,"column":36},"skip":true}]},"24":{"line":303,"type":"binary-expr","locations":[{"start":{"line":303,"column":43},"end":{"line":303,"column":75},"skip":true},{"start":{"line":303,"column":79},"end":{"line":303,"column":81},"skip":true}]},"25":{"line":306,"type":"if","locations":[{"start":{"line":306,"column":8},"end":{"line":306,"column":8},"skip":true},{"start":{"line":306,"column":8},"end":{"line":306,"column":8},"skip":true}]},"26":{"line":310,"type":"if","locations":[{"start":{"line":310,"column":8},"end":{"line":310,"column":8},"skip":true},{"start":{"line":310,"column":8},"end":{"line":310,"column":8},"skip":true}]},"27":{"line":313,"type":"binary-expr","locations":[{"start":{"line":313,"column":27},"end":{"line":313,"column":43},"skip":true},{"start":{"line":313,"column":47},"end":{"line":313,"column":53},"skip":true}]},"28":{"line":317,"type":"if","locations":[{"start":{"line":317,"column":12},"end":{"line":317,"column":12},"skip":true},{"start":{"line":317,"column":12},"end":{"line":317,"column":12},"skip":true}]}},"code":["/*","example.js","","quickstart example","","instruction","    1. save this script as example.js","    2. run the shell command:","        $ npm install npmtest-protobufjs && PORT=8081 node example.js","    3. play with the browser-demo on http://127.0.0.1:8081","*/","","","","/* istanbul instrument in package npmtest_protobufjs */","/*jslint","    bitwise: true,","    browser: true,","    maxerr: 8,","    maxlen: 96,","    node: true,","    nomen: true,","    regexp: true,","    stupid: true","*/","(function () {","    'use strict';","    var local;","","","","    // run shared js-env code - pre-init","    (function () {","        // init local","        local = {};","        // init modeJs","        local.modeJs = (function () {","            try {","                return typeof navigator.userAgent === 'string' &&","                    typeof document.querySelector('body') === 'object' &&","                    typeof XMLHttpRequest.prototype.open === 'function' &&","                    'browser';","            } catch (errorCaughtBrowser) {","                return module.exports &&","                    typeof process.versions.node === 'string' &&","                    typeof require('http').createServer === 'function' &&","                    'node';","            }","        }());","        // init global","        local.global = local.modeJs === 'browser'","            ? window","            : global;","        // init utility2_rollup","        local = local.global.utility2_rollup || (local.modeJs === 'browser'","            ? local.global.utility2_npmtest_protobufjs","            : global.utility2_moduleExports);","        // export local","        local.global.local = local;","    }());","    switch (local.modeJs) {","","","","    // post-init","    // run browser js-env code - post-init","    /* istanbul ignore next */","    case 'browser':","        local.testRunBrowser = function (event) {","            if (!event || (event &&","                    event.currentTarget &&","                    event.currentTarget.className &&","                    event.currentTarget.className.includes &&","                    event.currentTarget.className.includes('onreset'))) {","                // reset output","                Array.from(","                    document.querySelectorAll('body > .resettable')","                ).forEach(function (element) {","                    switch (element.tagName) {","                    case 'INPUT':","                    case 'TEXTAREA':","                        element.value = '';","                        break;","                    default:","                        element.textContent = '';","                    }","                });","            }","            switch (event && event.currentTarget && event.currentTarget.id) {","            case 'testRunButton1':","                // show tests","                if (document.querySelector('#testReportDiv1').style.display === 'none') {","                    document.querySelector('#testReportDiv1').style.display = 'block';","                    document.querySelector('#testRunButton1').textContent =","                        'hide internal test';","                    local.modeTest = true;","                    local.testRunDefault(local);","                // hide tests","                } else {","                    document.querySelector('#testReportDiv1').style.display = 'none';","                    document.querySelector('#testRunButton1').textContent = 'run internal test';","                }","                break;","            // custom-case","            default:","                break;","            }","            if (document.querySelector('#inputTextareaEval1') && (!event || (event &&","                    event.currentTarget &&","                    event.currentTarget.className &&","                    event.currentTarget.className.includes &&","                    event.currentTarget.className.includes('oneval')))) {","                // try to eval input-code","                try {","                    /*jslint evil: true*/","                    eval(document.querySelector('#inputTextareaEval1').value);","                } catch (errorCaught) {","                    console.error(errorCaught);","                }","            }","        };","        // log stderr and stdout to #outputTextareaStdout1","        ['error', 'log'].forEach(function (key) {","            console[key + '_original'] = console[key];","            console[key] = function () {","                var element;","                console[key + '_original'].apply(console, arguments);","                element = document.querySelector('#outputTextareaStdout1');","                if (!element) {","                    return;","                }","                // append text to #outputTextareaStdout1","                element.value += Array.from(arguments).map(function (arg) {","                    return typeof arg === 'string'","                        ? arg","                        : JSON.stringify(arg, null, 4);","                }).join(' ') + '\\n';","                // scroll textarea to bottom","                element.scrollTop = element.scrollHeight;","            };","        });","        // init event-handling","        ['change', 'click', 'keyup'].forEach(function (event) {","            Array.from(document.querySelectorAll('.on' + event)).forEach(function (element) {","                element.addEventListener(event, local.testRunBrowser);","            });","        });","        // run tests","        local.testRunBrowser();","        break;","","","","    // run node js-env code - post-init","    /* istanbul ignore next */","    case 'node':","        // export local","        module.exports = local;","        // require modules","        local.fs = require('fs');","        local.http = require('http');","        local.url = require('url');","        // init assets","        local.assetsDict = local.assetsDict || {};","        /* jslint-ignore-begin */","        local.assetsDict['/assets.index.template.html'] = '\\","<!doctype html>\\n\\","<html lang=\"en\">\\n\\","<head>\\n\\","<meta charset=\"UTF-8\">\\n\\","<meta name=\"viewport\" content=\"width=device-width, initial-scale=1\">\\n\\","<title>{{env.npm_package_name}} (v{{env.npm_package_version}})</title>\\n\\","<style>\\n\\","/*csslint\\n\\","    box-sizing: false,\\n\\","    universal-selector: false\\n\\","*/\\n\\","* {\\n\\","    box-sizing: border-box;\\n\\","}\\n\\","body {\\n\\","    background: #dde;\\n\\","    font-family: Arial, Helvetica, sans-serif;\\n\\","    margin: 2rem;\\n\\","}\\n\\","body > * {\\n\\","    margin-bottom: 1rem;\\n\\","}\\n\\",".utility2FooterDiv {\\n\\","    margin-top: 20px;\\n\\","    text-align: center;\\n\\","}\\n\\","</style>\\n\\","<style>\\n\\","/*csslint\\n\\","*/\\n\\","textarea {\\n\\","    font-family: monospace;\\n\\","    height: 10rem;\\n\\","    width: 100%;\\n\\","}\\n\\","textarea[readonly] {\\n\\","    background: #ddd;\\n\\","}\\n\\","</style>\\n\\","</head>\\n\\","<body>\\n\\","<!-- utility2-comment\\n\\","<div id=\"ajaxProgressDiv1\" style=\"background: #d00; height: 2px; left: 0; margin: 0; padding: 0; position: fixed; top: 0; transition: background 0.5s, width 1.5s; width: 25%;\"></div>\\n\\","utility2-comment -->\\n\\","<h1>\\n\\","<!-- utility2-comment\\n\\","    <a\\n\\","        {{#if env.npm_package_homepage}}\\n\\","        href=\"{{env.npm_package_homepage}}\"\\n\\","        {{/if env.npm_package_homepage}}\\n\\","        target=\"_blank\"\\n\\","    >\\n\\","utility2-comment -->\\n\\","        {{env.npm_package_name}} (v{{env.npm_package_version}})\\n\\","<!-- utility2-comment\\n\\","    </a>\\n\\","utility2-comment -->\\n\\","</h1>\\n\\","<h3>{{env.npm_package_description}}</h3>\\n\\","<!-- utility2-comment\\n\\","<h4><a download href=\"assets.app.js\">download standalone app</a></h4>\\n\\","<button class=\"onclick onreset\" id=\"testRunButton1\">run internal test</button><br>\\n\\","<div id=\"testReportDiv1\" style=\"display: none;\"></div>\\n\\","utility2-comment -->\\n\\","\\n\\","\\n\\","\\n\\","<label>stderr and stdout</label>\\n\\","<textarea class=\"resettable\" id=\"outputTextareaStdout1\" readonly></textarea>\\n\\","<!-- utility2-comment\\n\\","{{#if isRollup}}\\n\\","<script src=\"assets.app.js\"></script>\\n\\","{{#unless isRollup}}\\n\\","utility2-comment -->\\n\\","<script src=\"assets.utility2.rollup.js\"></script>\\n\\","<script src=\"jsonp.utility2._stateInit?callback=window.utility2._stateInit\"></script>\\n\\","<script src=\"assets.npmtest_protobufjs.rollup.js\"></script>\\n\\","<script src=\"assets.example.js\"></script>\\n\\","<script src=\"assets.test.js\"></script>\\n\\","<!-- utility2-comment\\n\\","{{/if isRollup}}\\n\\","utility2-comment -->\\n\\","<div class=\"utility2FooterDiv\">\\n\\","    [ this app was created with\\n\\","    <a href=\"https://github.com/kaizhu256/node-utility2\" target=\"_blank\">utility2</a>\\n\\","    ]\\n\\","</div>\\n\\","</body>\\n\\","</html>\\n\\","';","        /* jslint-ignore-end */","        if (local.templateRender) {","            local.assetsDict['/'] = local.templateRender(","                local.assetsDict['/assets.index.template.html'],","                {","                    env: local.objectSetDefault(local.env, {","                        npm_package_description: 'the greatest app in the world!',","                        npm_package_name: 'my-app',","                        npm_package_nameAlias: 'my_app',","                        npm_package_version: '0.0.1'","                    })","                }","            );","        } else {","            local.assetsDict['/'] = local.assetsDict['/assets.index.template.html']","                .replace((/\\{\\{env\\.(\\w+?)\\}\\}/g), function (match0, match1) {","                    // jslint-hack","                    String(match0);","                    switch (match1) {","                    case 'npm_package_description':","                        return 'the greatest app in the world!';","                    case 'npm_package_name':","                        return 'my-app';","                    case 'npm_package_nameAlias':","                        return 'my_app';","                    case 'npm_package_version':","                        return '0.0.1';","                    }","                });","        }","        // run the cli","        if (local.global.utility2_rollup || module !== require.main) {","            break;","        }","        local.assetsDict['/assets.example.js'] =","            local.assetsDict['/assets.example.js'] ||","            local.fs.readFileSync(__filename, 'utf8');","        // bug-workaround - long $npm_package_buildCustomOrg","        /* jslint-ignore-begin */","        local.assetsDict['/assets.npmtest_protobufjs.rollup.js'] =","            local.assetsDict['/assets.npmtest_protobufjs.rollup.js'] ||","            local.fs.readFileSync(","                local.npmtest_protobufjs.__dirname + '/lib.npmtest_protobufjs.js',","                'utf8'","            ).replace((/^#!/), '//');","        /* jslint-ignore-end */","        local.assetsDict['/favicon.ico'] = local.assetsDict['/favicon.ico'] || '';","        // if $npm_config_timeout_exit exists,","        // then exit this process after $npm_config_timeout_exit ms","        if (Number(process.env.npm_config_timeout_exit)) {","            setTimeout(process.exit, Number(process.env.npm_config_timeout_exit));","        }","        // start server","        if (local.global.utility2_serverHttp1) {","            break;","        }","        process.env.PORT = process.env.PORT || '8081';","        console.error('server starting on port ' + process.env.PORT);","        local.http.createServer(function (request, response) {","            request.urlParsed = local.url.parse(request.url);","            if (local.assetsDict[request.urlParsed.pathname] !== undefined) {","                response.end(local.assetsDict[request.urlParsed.pathname]);","                return;","            }","            response.statusCode = 404;","            response.end();","        }).listen(process.env.PORT);","        break;","    }","}());",""],"l":{"26":2,"28":2,"33":2,"35":2,"37":2,"38":2,"39":2,"44":1,"51":2,"55":2,"59":2,"61":2,"69":1,"70":2,"76":2,"79":2,"82":2,"83":2,"85":1,"89":2,"92":1,"93":1,"94":1,"96":1,"97":1,"100":1,"101":1,"103":1,"106":1,"108":2,"114":1,"116":1,"118":1,"123":1,"124":2,"125":2,"126":3,"127":3,"128":3,"129":3,"130":1,"133":3,"134":3,"139":3,"143":1,"144":3,"145":1,"149":1,"150":1,"158":1,"160":1,"161":1,"162":1,"164":1,"166":1,"258":1,"259":1,"271":1,"274":6,"275":6,"277":1,"279":2,"281":1,"283":2,"288":1,"289":1,"291":1,"296":1,"303":1,"306":1,"307":1,"310":1,"311":1,"313":1,"314":1,"315":1,"316":1,"317":1,"318":1,"319":1,"321":1,"322":1,"324":1}},"/home/travis/build/npmtest/node-npmtest-protobufjs/node_modules/protobufjs/index.js":{"path":"/home/travis/build/npmtest/node-npmtest-protobufjs/node_modules/protobufjs/index.js","s":{"1":1},"b":{},"f":{},"fnMap":{},"statementMap":{"1":{"start":{"line":4,"column":0},"end":{"line":4,"column":40}}},"branchMap":{},"code":["// full library entry point.","","\"use strict\";","module.exports = require(\"./src/index\");",""],"l":{"4":1}},"/home/travis/build/npmtest/node-npmtest-protobufjs/node_modules/protobufjs/src/index.js":{"path":"/home/travis/build/npmtest/node-npmtest-protobufjs/node_modules/protobufjs/src/index.js","s":{"1":1,"2":1,"3":1,"4":1,"5":1,"6":1},"b":{},"f":{},"fnMap":{},"statementMap":{"1":{"start":{"line":2,"column":0},"end":{"line":2,"column":57}},"2":{"start":{"line":4,"column":0},"end":{"line":4,"column":24}},"3":{"start":{"line":7,"column":0},"end":{"line":7,"column":50}},"4":{"start":{"line":8,"column":0},"end":{"line":8,"column":47}},"5":{"start":{"line":9,"column":0},"end":{"line":9,"column":48}},"6":{"start":{"line":12,"column":0},"end":{"line":12,"column":73}}},"branchMap":{},"code":["\"use strict\";","var protobuf = module.exports = require(\"./index-light\");","","protobuf.build = \"full\";","","// Parser","protobuf.tokenize         = require(\"./tokenize\");","protobuf.parse            = require(\"./parse\");","protobuf.common           = require(\"./common\");","","// Configure parser","protobuf.Root._configure(protobuf.Type, protobuf.parse, protobuf.common);",""],"l":{"2":1,"4":1,"7":1,"8":1,"9":1,"12":1}},"/home/travis/build/npmtest/node-npmtest-protobufjs/node_modules/protobufjs/src/index-light.js":{"path":"/home/travis/build/npmtest/node-npmtest-protobufjs/node_modules/protobufjs/src/index-light.js","s":{"1":1,"2":1,"3":1,"4":0,"5":0,"6":0,"7":0,"8":0,"9":0,"10":1,"11":1,"12":0,"13":0,"14":0,"15":1,"16":1,"17":1,"18":1,"19":1,"20":1,"21":1,"22":1,"23":1,"24":1,"25":1,"26":1,"27":1,"28":1,"29":1,"30":1,"31":1,"32":1,"33":1,"34":1,"35":1,"36":1},"b":{"1":[0,0],"2":[0,0],"3":[0,0]},"f":{"1":0,"2":0},"fnMap":{"1":{"name":"load","line":23,"loc":{"start":{"line":23,"column":0},"end":{"line":23,"column":40}}},"2":{"name":"loadSync","line":66,"loc":{"start":{"line":66,"column":0},"end":{"line":66,"column":34}}}},"statementMap":{"1":{"start":{"line":2,"column":0},"end":{"line":2,"column":59}},"2":{"start":{"line":4,"column":0},"end":{"line":4,"column":25}},"3":{"start":{"line":23,"column":0},"end":{"line":30,"column":1}},"4":{"start":{"line":24,"column":4},"end":{"line":28,"column":35}},"5":{"start":{"line":25,"column":8},"end":{"line":25,"column":24}},"6":{"start":{"line":26,"column":8},"end":{"line":26,"column":35}},"7":{"start":{"line":27,"column":11},"end":{"line":28,"column":35}},"8":{"start":{"line":28,"column":8},"end":{"line":28,"column":35}},"9":{"start":{"line":29,"column":4},"end":{"line":29,"column":41}},"10":{"start":{"line":56,"column":0},"end":{"line":56,"column":21}},"11":{"start":{"line":66,"column":0},"end":{"line":70,"column":1}},"12":{"start":{"line":67,"column":4},"end":{"line":68,"column":35}},"13":{"start":{"line":68,"column":8},"end":{"line":68,"column":35}},"14":{"start":{"line":69,"column":4},"end":{"line":69,"column":35}},"15":{"start":{"line":72,"column":0},"end":{"line":72,"column":29}},"16":{"start":{"line":75,"column":0},"end":{"line":75,"column":49}},"17":{"start":{"line":76,"column":0},"end":{"line":76,"column":49}},"18":{"start":{"line":77,"column":0},"end":{"line":77,"column":50}},"19":{"start":{"line":78,"column":0},"end":{"line":78,"column":51}},"20":{"start":{"line":81,"column":0},"end":{"line":81,"column":48}},"21":{"start":{"line":82,"column":0},"end":{"line":82,"column":51}},"22":{"start":{"line":83,"column":0},"end":{"line":83,"column":46}},"23":{"start":{"line":84,"column":0},"end":{"line":84,"column":46}},"24":{"start":{"line":85,"column":0},"end":{"line":85,"column":46}},"25":{"start":{"line":86,"column":0},"end":{"line":86,"column":47}},"26":{"start":{"line":87,"column":0},"end":{"line":87,"column":47}},"27":{"start":{"line":88,"column":0},"end":{"line":88,"column":50}},"28":{"start":{"line":89,"column":0},"end":{"line":89,"column":49}},"29":{"start":{"line":90,"column":0},"end":{"line":90,"column":48}},"30":{"start":{"line":93,"column":0},"end":{"line":93,"column":47}},"31":{"start":{"line":94,"column":0},"end":{"line":94,"column":49}},"32":{"start":{"line":97,"column":0},"end":{"line":97,"column":47}},"33":{"start":{"line":98,"column":0},"end":{"line":98,"column":46}},"34":{"start":{"line":101,"column":0},"end":{"line":101,"column":52}},"35":{"start":{"line":102,"column":0},"end":{"line":102,"column":63}},"36":{"start":{"line":103,"column":0},"end":{"line":103,"column":40}}},"branchMap":{"1":{"line":24,"type":"if","locations":[{"start":{"line":24,"column":4},"end":{"line":24,"column":4}},{"start":{"line":24,"column":4},"end":{"line":24,"column":4}}]},"2":{"line":27,"type":"if","locations":[{"start":{"line":27,"column":11},"end":{"line":27,"column":11}},{"start":{"line":27,"column":11},"end":{"line":27,"column":11}}]},"3":{"line":67,"type":"if","locations":[{"start":{"line":67,"column":4},"end":{"line":67,"column":4}},{"start":{"line":67,"column":4},"end":{"line":67,"column":4}}]}},"code":["\"use strict\";","var protobuf = module.exports = require(\"./index-minimal\");","","protobuf.build = \"light\";","","/**"," * A node-style callback as used by {@link load} and {@link Root#load}."," * @typedef LoadCallback"," * @type {function}"," * @param {?Error} error Error, if any, otherwise `null`"," * @param {Root} [root] Root, if there hasn't been an error"," * @returns {undefined}"," */","","/**"," * Loads one or multiple .proto or preprocessed .json files into a common root namespace and calls the callback."," * @param {string|string[]} filename One or multiple files to load"," * @param {Root} root Root namespace, defaults to create a new one if omitted."," * @param {LoadCallback} callback Callback function"," * @returns {undefined}"," * @see {@link Root#load}"," */","function load(filename, root, callback) {","    if (typeof root === \"function\") {","        callback = root;","        root = new protobuf.Root();","    } else if (!root)","        root = new protobuf.Root();","    return root.load(filename, callback);","}","","/**"," * Loads one or multiple .proto or preprocessed .json files into a common root namespace and calls the callback."," * @name load"," * @function"," * @param {string|string[]} filename One or multiple files to load"," * @param {LoadCallback} callback Callback function"," * @returns {undefined}"," * @see {@link Root#load}"," * @variation 2"," */","// function load(filename:string, callback:LoadCallback):undefined","","/**"," * Loads one or multiple .proto or preprocessed .json files into a common root namespace and returns a promise."," * @name load"," * @function"," * @param {string|string[]} filename One or multiple files to load"," * @param {Root} [root] Root namespace, defaults to create a new one if omitted."," * @returns {Promise<Root>} Promise"," * @see {@link Root#load}"," * @variation 3"," */","// function load(filename:string, [root:Root]):Promise<Root>","","protobuf.load = load;","","/**"," * Synchronously loads one or multiple .proto or preprocessed .json files into a common root namespace (node only)."," * @param {string|string[]} filename One or multiple files to load"," * @param {Root} [root] Root namespace, defaults to create a new one if omitted."," * @returns {Root} Root namespace"," * @throws {Error} If synchronous fetching is not supported (i.e. in browsers) or if a file's syntax is invalid"," * @see {@link Root#loadSync}"," */","function loadSync(filename, root) {","    if (!root)","        root = new protobuf.Root();","    return root.loadSync(filename);","}","","protobuf.loadSync = loadSync;","","// Serialization","protobuf.encoder          = require(\"./encoder\");","protobuf.decoder          = require(\"./decoder\");","protobuf.verifier         = require(\"./verifier\");","protobuf.converter        = require(\"./converter\");","","// Reflection","protobuf.ReflectionObject = require(\"./object\");","protobuf.Namespace        = require(\"./namespace\");","protobuf.Root             = require(\"./root\");","protobuf.Enum             = require(\"./enum\");","protobuf.Type             = require(\"./type\");","protobuf.Field            = require(\"./field\");","protobuf.OneOf            = require(\"./oneof\");","protobuf.MapField         = require(\"./mapfield\");","protobuf.Service          = require(\"./service\");","protobuf.Method           = require(\"./method\");","","// Runtime","protobuf.Class            = require(\"./class\");","protobuf.Message          = require(\"./message\");","","// Utility","protobuf.types            = require(\"./types\");","protobuf.util             = require(\"./util\");","","// Configure reflection","protobuf.ReflectionObject._configure(protobuf.Root);","protobuf.Namespace._configure(protobuf.Type, protobuf.Service);","protobuf.Root._configure(protobuf.Type);",""],"l":{"2":1,"4":1,"23":1,"24":0,"25":0,"26":0,"27":0,"28":0,"29":0,"56":1,"66":1,"67":0,"68":0,"69":0,"72":1,"75":1,"76":1,"77":1,"78":1,"81":1,"82":1,"83":1,"84":1,"85":1,"86":1,"87":1,"88":1,"89":1,"90":1,"93":1,"94":1,"97":1,"98":1,"101":1,"102":1,"103":1}},"/home/travis/build/npmtest/node-npmtest-protobufjs/node_modules/protobufjs/src/index-minimal.js":{"path":"/home/travis/build/npmtest/node-npmtest-protobufjs/node_modules/protobufjs/src/index-minimal.js","s":{"1":1,"2":1,"3":1,"4":1,"5":1,"6":1,"7":1,"8":1,"9":1,"10":1,"11":1,"12":1,"13":1,"14":1,"15":1},"b":{},"f":{"1":1},"fnMap":{"1":{"name":"configure","line":45,"loc":{"start":{"line":45,"column":0},"end":{"line":45,"column":21}},"skip":true}},"statementMap":{"1":{"start":{"line":2,"column":0},"end":{"line":2,"column":23}},"2":{"start":{"line":10,"column":0},"end":{"line":10,"column":27}},"3":{"start":{"line":27,"column":0},"end":{"line":27,"column":20}},"4":{"start":{"line":30,"column":0},"end":{"line":30,"column":44}},"5":{"start":{"line":31,"column":0},"end":{"line":31,"column":51}},"6":{"start":{"line":32,"column":0},"end":{"line":32,"column":44}},"7":{"start":{"line":33,"column":0},"end":{"line":33,"column":51}},"8":{"start":{"line":36,"column":0},"end":{"line":36,"column":50}},"9":{"start":{"line":37,"column":0},"end":{"line":37,"column":41}},"10":{"start":{"line":38,"column":0},"end":{"line":38,"column":34}},"11":{"start":{"line":45,"column":0},"end":{"line":48,"column":1},"skip":true},"12":{"start":{"line":46,"column":4},"end":{"line":46,"column":54},"skip":true},"13":{"start":{"line":47,"column":4},"end":{"line":47,"column":31},"skip":true},"14":{"start":{"line":51,"column":0},"end":{"line":51,"column":50}},"15":{"start":{"line":52,"column":0},"end":{"line":52,"column":12}}},"branchMap":{},"code":["\"use strict\";","var protobuf = exports;","","/**"," * Build type, one of `\"full\"`, `\"light\"` or `\"minimal\"`."," * @name build"," * @type {string}"," * @const"," */","protobuf.build = \"minimal\";","","/**"," * Named roots."," * This is where pbjs stores generated structures (the option `-r, --root` specifies a name)."," * Can also be used manually to make roots available accross modules."," * @name roots"," * @type {Object.<string,Root>}"," * @example"," * // pbjs -r myroot -o compiled.js ..."," *"," * // in another module:"," * require(\"./compiled.js\");"," *"," * // in any subsequent module:"," * var root = protobuf.roots[\"myroot\"];"," */","protobuf.roots = {};","","// Serialization","protobuf.Writer       = require(\"./writer\");","protobuf.BufferWriter = require(\"./writer_buffer\");","protobuf.Reader       = require(\"./reader\");","protobuf.BufferReader = require(\"./reader_buffer\");","","// Utility","protobuf.util         = require(\"./util/minimal\");","protobuf.rpc          = require(\"./rpc\");","protobuf.configure    = configure;","","/* istanbul ignore next */","/**"," * Reconfigures the library according to the environment."," * @returns {undefined}"," */","function configure() {","    protobuf.Reader._configure(protobuf.BufferReader);","    protobuf.util._configure();","}","","// Configure serialization","protobuf.Writer._configure(protobuf.BufferWriter);","configure();",""],"l":{"2":1,"10":1,"27":1,"30":1,"31":1,"32":1,"33":1,"36":1,"37":1,"38":1,"45":1,"46":1,"47":1,"51":1,"52":1}},"/home/travis/build/npmtest/node-npmtest-protobufjs/node_modules/protobufjs/src/writer.js":{"path":"/home/travis/build/npmtest/node-npmtest-protobufjs/node_modules/protobufjs/src/writer.js","s":{"1":1,"2":1,"3":1,"4":1,"5":1,"6":0,"7":0,"8":0,"9":0,"10":1,"11":1,"12":0,"13":0,"14":0,"15":0,"16":1,"17":0,"18":0,"19":0,"20":0,"21":1,"22":0,"23":0,"24":0,"25":1,"26":0,"27":1,"28":1,"29":1,"30":0,"31":0,"32":0,"33":1,"34":0,"35":1,"36":0,"37":0,"38":0,"39":0,"40":1,"41":0,"42":0,"43":0,"44":1,"45":1,"46":1,"47":0,"48":0,"49":1,"50":0,"51":1,"52":0,"53":1,"54":0,"55":0,"56":0,"57":0,"58":0,"59":0,"60":0,"61":0,"62":1,"63":0,"64":0,"65":1,"66":1,"67":0,"68":0,"69":1,"70":0,"71":1,"72":0,"73":0,"74":0,"75":0,"76":1,"77":0,"78":1,"79":1,"80":0,"81":0,"82":1,"83":1,"84":0,"85":1,"86":0,"87":1,"88":0,"89":0,"90":0,"91":1,"92":0,"93":0,"94":0,"95":0,"96":0,"97":0,"98":0,"99":0,"100":1,"101":0,"102":0,"103":1,"104":0,"105":0,"106":0,"107":0,"108":1,"109":0,"110":0,"111":0,"112":0,"113":0,"114":0,"115":0,"116":0,"117":1,"118":0,"119":0,"120":0,"121":0,"122":0,"123":0,"124":0,"125":1,"126":0,"127":0,"128":0,"129":0,"130":0,"131":0,"132":1,"133":1},"b":{"1":[1,0],"2":[1,0],"3":[0,0],"4":[0,0],"5":[0,0],"6":[0,0],"7":[0,0],"8":[0,0],"9":[1,0],"10":[0,0],"11":[0,0],"12":[0,0],"13":[0,0],"14":[0,0]},"f":{"1":0,"2":0,"3":0,"4":0,"5":0,"6":0,"7":0,"8":0,"9":0,"10":0,"11":0,"12":0,"13":0,"14":0,"15":0,"16":0,"17":0,"18":0,"19":0,"20":0,"21":0,"22":0,"23":0,"24":0,"25":0,"26":0,"27":0,"28":0,"29":0,"30":0,"31":0,"32":0,"33":1},"fnMap":{"1":{"name":"Op","line":21,"loc":{"start":{"line":21,"column":0},"end":{"line":21,"column":26}}},"2":{"name":"noop","line":49,"loc":{"start":{"line":49,"column":0},"end":{"line":49,"column":16}},"skip":true},"3":{"name":"State","line":60,"loc":{"start":{"line":60,"column":0},"end":{"line":60,"column":23}}},"4":{"name":"Writer","line":92,"loc":{"start":{"line":92,"column":0},"end":{"line":92,"column":18}}},"5":{"name":"create_buffer_setup","line":131,"loc":{"start":{"line":131,"column":6},"end":{"line":131,"column":37}}},"6":{"name":"create_buffer","line":132,"loc":{"start":{"line":132,"column":32},"end":{"line":132,"column":57}}},"7":{"name":"create_array","line":137,"loc":{"start":{"line":137,"column":6},"end":{"line":137,"column":30}},"skip":true},"8":{"name":"alloc","line":146,"loc":{"start":{"line":146,"column":15},"end":{"line":146,"column":36}}},"9":{"name":"push","line":162,"loc":{"start":{"line":162,"column":24},"end":{"line":162,"column":52}}},"10":{"name":"writeByte","line":168,"loc":{"start":{"line":168,"column":0},"end":{"line":168,"column":34}}},"11":{"name":"writeVarint32","line":172,"loc":{"start":{"line":172,"column":0},"end":{"line":172,"column":38}}},"12":{"name":"VarintOp","line":189,"loc":{"start":{"line":189,"column":0},"end":{"line":189,"column":28}}},"13":{"name":"write_uint32","line":203,"loc":{"start":{"line":203,"column":26},"end":{"line":203,"column":55}}},"14":{"name":"write_int32","line":223,"loc":{"start":{"line":223,"column":25},"end":{"line":223,"column":53}}},"15":{"name":"write_sint32","line":234,"loc":{"start":{"line":234,"column":26},"end":{"line":234,"column":55}}},"16":{"name":"writeVarint64","line":238,"loc":{"start":{"line":238,"column":0},"end":{"line":238,"column":38}}},"17":{"name":"write_uint64","line":257,"loc":{"start":{"line":257,"column":26},"end":{"line":257,"column":55}}},"18":{"name":"write_sint64","line":277,"loc":{"start":{"line":277,"column":26},"end":{"line":277,"column":55}}},"19":{"name":"write_bool","line":287,"loc":{"start":{"line":287,"column":24},"end":{"line":287,"column":51}}},"20":{"name":"writeFixed32","line":291,"loc":{"start":{"line":291,"column":0},"end":{"line":291,"column":37}}},"21":{"name":"write_fixed32","line":303,"loc":{"start":{"line":303,"column":27},"end":{"line":303,"column":57}}},"22":{"name":"write_fixed64","line":321,"loc":{"start":{"line":321,"column":27},"end":{"line":321,"column":57}}},"23":{"name":"write_float","line":341,"loc":{"start":{"line":341,"column":25},"end":{"line":341,"column":53}}},"24":{"name":"write_double","line":351,"loc":{"start":{"line":351,"column":26},"end":{"line":351,"column":55}}},"25":{"name":"writeBytes_set","line":356,"loc":{"start":{"line":356,"column":6},"end":{"line":356,"column":45}}},"26":{"name":"writeBytes_for","line":360,"loc":{"start":{"line":360,"column":6},"end":{"line":360,"column":45}},"skip":true},"27":{"name":"write_bytes","line":370,"loc":{"start":{"line":370,"column":25},"end":{"line":370,"column":53}}},"28":{"name":"write_string","line":387,"loc":{"start":{"line":387,"column":26},"end":{"line":387,"column":55}}},"29":{"name":"fork","line":399,"loc":{"start":{"line":399,"column":24},"end":{"line":399,"column":40}}},"30":{"name":"reset","line":410,"loc":{"start":{"line":410,"column":25},"end":{"line":410,"column":42}}},"31":{"name":"ldelim","line":427,"loc":{"start":{"line":427,"column":26},"end":{"line":427,"column":44}}},"32":{"name":"finish","line":444,"loc":{"start":{"line":444,"column":26},"end":{"line":444,"column":44}}},"33":{"name":"(anonymous_33)","line":457,"loc":{"start":{"line":457,"column":20},"end":{"line":457,"column":44}}}},"statementMap":{"1":{"start":{"line":2,"column":0},"end":{"line":2,"column":24}},"2":{"start":{"line":4,"column":0},"end":{"line":4,"column":42}},"3":{"start":{"line":6,"column":0},"end":{"line":6,"column":17}},"4":{"start":{"line":8,"column":0},"end":{"line":10,"column":26}},"5":{"start":{"line":21,"column":0},"end":{"line":46,"column":1}},"6":{"start":{"line":27,"column":4},"end":{"line":27,"column":17}},"7":{"start":{"line":33,"column":4},"end":{"line":33,"column":19}},"8":{"start":{"line":39,"column":4},"end":{"line":39,"column":26}},"9":{"start":{"line":45,"column":4},"end":{"line":45,"column":19}},"10":{"start":{"line":49,"column":0},"end":{"line":49,"column":18},"skip":true},"11":{"start":{"line":60,"column":0},"end":{"line":85,"column":1}},"12":{"start":{"line":66,"column":4},"end":{"line":66,"column":28}},"13":{"start":{"line":72,"column":4},"end":{"line":72,"column":28}},"14":{"start":{"line":78,"column":4},"end":{"line":78,"column":26}},"15":{"start":{"line":84,"column":4},"end":{"line":84,"column":30}},"16":{"start":{"line":92,"column":0},"end":{"line":123,"column":1}},"17":{"start":{"line":98,"column":4},"end":{"line":98,"column":17}},"18":{"start":{"line":104,"column":4},"end":{"line":104,"column":35}},"19":{"start":{"line":110,"column":4},"end":{"line":110,"column":26}},"20":{"start":{"line":116,"column":4},"end":{"line":116,"column":23}},"21":{"start":{"line":130,"column":0},"end":{"line":139,"column":6}},"22":{"start":{"line":132,"column":8},"end":{"line":134,"column":13}},"23":{"start":{"line":133,"column":12},"end":{"line":133,"column":38}},"24":{"start":{"line":138,"column":8},"end":{"line":138,"column":28},"skip":true},"25":{"start":{"line":146,"column":0},"end":{"line":148,"column":2}},"26":{"start":{"line":147,"column":4},"end":{"line":147,"column":32}},"27":{"start":{"line":152,"column":0},"end":{"line":153,"column":74}},"28":{"start":{"line":153,"column":4},"end":{"line":153,"column":74}},"29":{"start":{"line":162,"column":0},"end":{"line":166,"column":2}},"30":{"start":{"line":163,"column":4},"end":{"line":163,"column":54}},"31":{"start":{"line":164,"column":4},"end":{"line":164,"column":20}},"32":{"start":{"line":165,"column":4},"end":{"line":165,"column":16}},"33":{"start":{"line":168,"column":0},"end":{"line":170,"column":1}},"34":{"start":{"line":169,"column":4},"end":{"line":169,"column":25}},"35":{"start":{"line":172,"column":0},"end":{"line":178,"column":1}},"36":{"start":{"line":173,"column":4},"end":{"line":176,"column":5}},"37":{"start":{"line":174,"column":8},"end":{"line":174,"column":37}},"38":{"start":{"line":175,"column":8},"end":{"line":175,"column":19}},"39":{"start":{"line":177,"column":4},"end":{"line":177,"column":19}},"40":{"start":{"line":189,"column":0},"end":{"line":193,"column":1}},"41":{"start":{"line":190,"column":4},"end":{"line":190,"column":19}},"42":{"start":{"line":191,"column":4},"end":{"line":191,"column":26}},"43":{"start":{"line":192,"column":4},"end":{"line":192,"column":19}},"44":{"start":{"line":195,"column":0},"end":{"line":195,"column":49}},"45":{"start":{"line":196,"column":0},"end":{"line":196,"column":38}},"46":{"start":{"line":203,"column":0},"end":{"line":215,"column":2}},"47":{"start":{"line":206,"column":4},"end":{"line":213,"column":16}},"48":{"start":{"line":214,"column":4},"end":{"line":214,"column":16}},"49":{"start":{"line":223,"column":0},"end":{"line":227,"column":2}},"50":{"start":{"line":224,"column":4},"end":{"line":226,"column":29}},"51":{"start":{"line":234,"column":0},"end":{"line":236,"column":2}},"52":{"start":{"line":235,"column":4},"end":{"line":235,"column":57}},"53":{"start":{"line":238,"column":0},"end":{"line":249,"column":1}},"54":{"start":{"line":239,"column":4},"end":{"line":243,"column":5}},"55":{"start":{"line":240,"column":8},"end":{"line":240,"column":40}},"56":{"start":{"line":241,"column":8},"end":{"line":241,"column":53}},"57":{"start":{"line":242,"column":8},"end":{"line":242,"column":22}},"58":{"start":{"line":244,"column":4},"end":{"line":247,"column":5}},"59":{"start":{"line":245,"column":8},"end":{"line":245,"column":40}},"60":{"start":{"line":246,"column":8},"end":{"line":246,"column":30}},"61":{"start":{"line":248,"column":4},"end":{"line":248,"column":24}},"62":{"start":{"line":257,"column":0},"end":{"line":260,"column":2}},"63":{"start":{"line":258,"column":4},"end":{"line":258,"column":36}},"64":{"start":{"line":259,"column":4},"end":{"line":259,"column":57}},"65":{"start":{"line":269,"column":0},"end":{"line":269,"column":49}},"66":{"start":{"line":277,"column":0},"end":{"line":280,"column":2}},"67":{"start":{"line":278,"column":4},"end":{"line":278,"column":47}},"68":{"start":{"line":279,"column":4},"end":{"line":279,"column":57}},"69":{"start":{"line":287,"column":0},"end":{"line":289,"column":2}},"70":{"start":{"line":288,"column":4},"end":{"line":288,"column":50}},"71":{"start":{"line":291,"column":0},"end":{"line":296,"column":1}},"72":{"start":{"line":292,"column":4},"end":{"line":292,"column":38}},"73":{"start":{"line":293,"column":4},"end":{"line":293,"column":38}},"74":{"start":{"line":294,"column":4},"end":{"line":294,"column":38}},"75":{"start":{"line":295,"column":4},"end":{"line":295,"column":31}},"76":{"start":{"line":303,"column":0},"end":{"line":305,"column":2}},"77":{"start":{"line":304,"column":4},"end":{"line":304,"column":51}},"78":{"start":{"line":313,"column":0},"end":{"line":313,"column":53}},"79":{"start":{"line":321,"column":0},"end":{"line":324,"column":2}},"80":{"start":{"line":322,"column":4},"end":{"line":322,"column":36}},"81":{"start":{"line":323,"column":4},"end":{"line":323,"column":78}},"82":{"start":{"line":333,"column":0},"end":{"line":333,"column":53}},"83":{"start":{"line":341,"column":0},"end":{"line":343,"column":2}},"84":{"start":{"line":342,"column":4},"end":{"line":342,"column":56}},"85":{"start":{"line":351,"column":0},"end":{"line":353,"column":2}},"86":{"start":{"line":352,"column":4},"end":{"line":352,"column":57}},"87":{"start":{"line":355,"column":0},"end":{"line":363,"column":6}},"88":{"start":{"line":357,"column":8},"end":{"line":357,"column":26}},"89":{"start":{"line":361,"column":8},"end":{"line":362,"column":34},"skip":true},"90":{"start":{"line":362,"column":12},"end":{"line":362,"column":34},"skip":true},"91":{"start":{"line":370,"column":0},"end":{"line":380,"column":2}},"92":{"start":{"line":371,"column":4},"end":{"line":371,"column":33}},"93":{"start":{"line":372,"column":4},"end":{"line":373,"column":42}},"94":{"start":{"line":373,"column":8},"end":{"line":373,"column":42}},"95":{"start":{"line":374,"column":4},"end":{"line":378,"column":5}},"96":{"start":{"line":375,"column":8},"end":{"line":375,"column":59}},"97":{"start":{"line":376,"column":8},"end":{"line":376,"column":37}},"98":{"start":{"line":377,"column":8},"end":{"line":377,"column":20}},"99":{"start":{"line":379,"column":4},"end":{"line":379,"column":57}},"100":{"start":{"line":387,"column":0},"end":{"line":392,"column":2}},"101":{"start":{"line":388,"column":4},"end":{"line":388,"column":33}},"102":{"start":{"line":389,"column":4},"end":{"line":391,"column":37}},"103":{"start":{"line":399,"column":0},"end":{"line":404,"column":2}},"104":{"start":{"line":400,"column":4},"end":{"line":400,"column":34}},"105":{"start":{"line":401,"column":4},"end":{"line":401,"column":47}},"106":{"start":{"line":402,"column":4},"end":{"line":402,"column":17}},"107":{"start":{"line":403,"column":4},"end":{"line":403,"column":16}},"108":{"start":{"line":410,"column":0},"end":{"line":421,"column":2}},"109":{"start":{"line":411,"column":4},"end":{"line":419,"column":5}},"110":{"start":{"line":412,"column":8},"end":{"line":412,"column":39}},"111":{"start":{"line":413,"column":8},"end":{"line":413,"column":39}},"112":{"start":{"line":414,"column":8},"end":{"line":414,"column":38}},"113":{"start":{"line":415,"column":8},"end":{"line":415,"column":39}},"114":{"start":{"line":417,"column":8},"end":{"line":417,"column":51}},"115":{"start":{"line":418,"column":8},"end":{"line":418,"column":22}},"116":{"start":{"line":420,"column":4},"end":{"line":420,"column":16}},"117":{"start":{"line":427,"column":0},"end":{"line":438,"column":2}},"118":{"start":{"line":428,"column":4},"end":{"line":430,"column":24}},"119":{"start":{"line":431,"column":4},"end":{"line":431,"column":29}},"120":{"start":{"line":432,"column":4},"end":{"line":436,"column":5}},"121":{"start":{"line":433,"column":8},"end":{"line":433,"column":35}},"122":{"start":{"line":434,"column":8},"end":{"line":434,"column":25}},"123":{"start":{"line":435,"column":8},"end":{"line":435,"column":24}},"124":{"start":{"line":437,"column":4},"end":{"line":437,"column":16}},"125":{"start":{"line":444,"column":0},"end":{"line":455,"column":2}},"126":{"start":{"line":445,"column":4},"end":{"line":447,"column":17}},"127":{"start":{"line":448,"column":4},"end":{"line":452,"column":5}},"128":{"start":{"line":449,"column":8},"end":{"line":449,"column":36}},"129":{"start":{"line":450,"column":8},"end":{"line":450,"column":24}},"130":{"start":{"line":451,"column":8},"end":{"line":451,"column":25}},"131":{"start":{"line":454,"column":4},"end":{"line":454,"column":15}},"132":{"start":{"line":457,"column":0},"end":{"line":459,"column":2}},"133":{"start":{"line":458,"column":4},"end":{"line":458,"column":33}}},"branchMap":{"1":{"line":130,"type":"cond-expr","locations":[{"start":{"line":131,"column":6},"end":{"line":135,"column":5}},{"start":{"line":137,"column":6},"end":{"line":139,"column":5},"skip":true}]},"2":{"line":152,"type":"if","locations":[{"start":{"line":152,"column":0},"end":{"line":152,"column":0}},{"start":{"line":152,"column":0},"end":{"line":152,"column":0},"skip":true}]},"3":{"line":207,"type":"cond-expr","locations":[{"start":{"line":208,"column":30},"end":{"line":208,"column":31}},{"start":{"line":209,"column":10},"end":{"line":212,"column":31}}]},"4":{"line":209,"type":"cond-expr","locations":[{"start":{"line":209,"column":30},"end":{"line":209,"column":31}},{"start":{"line":210,"column":10},"end":{"line":212,"column":31}}]},"5":{"line":210,"type":"cond-expr","locations":[{"start":{"line":210,"column":30},"end":{"line":210,"column":31}},{"start":{"line":211,"column":10},"end":{"line":212,"column":31}}]},"6":{"line":211,"type":"cond-expr","locations":[{"start":{"line":211,"column":30},"end":{"line":211,"column":31}},{"start":{"line":212,"column":30},"end":{"line":212,"column":31}}]},"7":{"line":224,"type":"cond-expr","locations":[{"start":{"line":225,"column":10},"end":{"line":225,"column":66}},{"start":{"line":226,"column":10},"end":{"line":226,"column":28}}]},"8":{"line":288,"type":"cond-expr","locations":[{"start":{"line":288,"column":43},"end":{"line":288,"column":44}},{"start":{"line":288,"column":47},"end":{"line":288,"column":48}}]},"9":{"line":355,"type":"cond-expr","locations":[{"start":{"line":356,"column":6},"end":{"line":358,"column":5}},{"start":{"line":360,"column":6},"end":{"line":363,"column":5},"skip":true}]},"10":{"line":372,"type":"if","locations":[{"start":{"line":372,"column":4},"end":{"line":372,"column":4}},{"start":{"line":372,"column":4},"end":{"line":372,"column":4}}]},"11":{"line":374,"type":"if","locations":[{"start":{"line":374,"column":4},"end":{"line":374,"column":4}},{"start":{"line":374,"column":4},"end":{"line":374,"column":4}}]},"12":{"line":389,"type":"cond-expr","locations":[{"start":{"line":390,"column":10},"end":{"line":390,"column":55}},{"start":{"line":391,"column":10},"end":{"line":391,"column":36}}]},"13":{"line":411,"type":"if","locations":[{"start":{"line":411,"column":4},"end":{"line":411,"column":4}},{"start":{"line":411,"column":4},"end":{"line":411,"column":4}}]},"14":{"line":432,"type":"if","locations":[{"start":{"line":432,"column":4},"end":{"line":432,"column":4}},{"start":{"line":432,"column":4},"end":{"line":432,"column":4}}]}},"code":["\"use strict\";","module.exports = Writer;","","var util      = require(\"./util/minimal\");","","var BufferWriter; // cyclic","","var LongBits  = util.LongBits,","    base64    = util.base64,","    utf8      = util.utf8;","","/**"," * Constructs a new writer operation instance."," * @classdesc Scheduled writer operation."," * @constructor"," * @param {function(*, Uint8Array, number)} fn Function to call"," * @param {number} len Value byte length"," * @param {*} val Value 
[...]
ch (er) {","    return false;","  }","  return range.test(version);","}","","exports.maxSatisfying = maxSatisfying;","function maxSatisfying(versions, range, loose) {","  return versions.filter(function(version) {","    return satisfies(version, range, loose);","  }).sort(function(a, b) {","    return rcompare(a, b, loose);","  })[0] || null;","}","","exports.minSatisfying = minSatisfying;","function minSatisfying(versions, range, loose) {","  return versions.filter(function(version) {","    return satisfies(version, range, loose);","  }).sort(function(a, b) {","    return compare(a, b, loose);","  })[0] || null;","}","","exports.validRange = validRange;","function validRange(range, loose) {","  try {","    // Return '*' instead of '' so that truthiness works.","    // This will throw if it's invalid anyway","    return new Range(range, loose).range || '*';","  } catch (er) {","    return null;","  }","}","","// Determine if version is less than all the versions possible in the range","exports.ltr = ltr;","function ltr(version, range, loose) {","  return outside(version, range, '<', loose);","}","","// Determine if version is greater than all the versions possible in the range.","exports.gtr = gtr;","function gtr(version, range, loose) {","  return outside(version, range, '>', loose);","}","","exports.outside = outside;","function outside(version, range, hilo, loose) {","  version = new SemVer(version, loose);","  range = new Range(range, loose);","","  var gtfn, ltefn, ltfn, comp, ecomp;","  switch (hilo) {","    case '>':","      gtfn = gt;","      ltefn = lte;","      ltfn = lt;","      comp = '>';","      ecomp = '>=';","      break;","    case '<':","      gtfn = lt;","      ltefn = gte;","      ltfn = gt;","      comp = '<';","      ecomp = '<=';","      break;","    default:","      throw new TypeError('Must provide a hilo val of \"<\" or \">\"');","  }","","  // If it satisifes the range it is not outside","  if (satisfies(version, range, loose)) {","    return false;","  }","","  // From now on, variable terms are as if we're in \"gtr\" mode.","  // but note that everything is flipped for the \"ltr\" function.","","  for (var i = 0; i < range.set.length; ++i) {","    var comparators = range.set[i];","","    var high = null;","    var low = null;","","    comparators.forEach(function(comparator) {","      if (comparator.semver === ANY) {","        comparator = new Comparator('>=0.0.0')","      }","      high = high || comparator;","      low = low || comparator;","      if (gtfn(comparator.semver, high.semver, loose)) {","        high = comparator;","      } else if (ltfn(comparator.semver, low.semver, loose)) {","        low = comparator;","      }","    });","","    // If the edge version comparator has a operator then our version","    // isn't outside it","    if (high.operator === comp || high.operator === ecomp) {","      return false;","    }","","    // If the lowest version comparator has an operator and our version","    // is less than it then it isn't higher than the range","    if ((!low.operator || low.operator === comp) &&","        ltefn(version, low.semver)) {","      return false;","    } else if (low.operator === ecomp && ltfn(version, low.semver)) {","      return false;","    }","  }","  return true;","}","","exports.prerelease = prerelease;","function prerelease(version, loose) {","  var parsed = parse(version, loose);","  return (parsed && parsed.prerelease.length) ? parsed.prerelease : null;","}",""],"l":{"1":1,"4":1,"5":1,"9":0,"10":0,"11":0,"12":0,"15":1,"19":1,"21":1,"22":1,"25":1,"26":1,"27":1,"35":1,"36":1,"37":1,"38":1,"45":1,"46":1,"52":1,"53":1,"57":1,"58":1,"65":1,"66":1,"69":1,"70":1,"78":1,"79":1,"82":1,"83":1,"89":1,"90":1,"96":1,"97":1,"110":1,"111":1,"115":1,"120":1,"124":1,"125":1,"127":1,"128":1,"133":1,"134":1,"135":1,"136":1,"138":1,"139":1,"146":1,"147":1,"154":1,"155":1,"156":1,"157":1,"161":1,"162":1,"164":1,"165":1,"166":1,"167":1,"169":1,"170":1,"171":1,"172":1,"176":1,"177":1,"179":1,"180":1,"181":1,"182":1,"184":1,"185":1,"186":1,"187":1,"190":1,"191":1,"192":1,"193":1,"198":1,"199":1,"203":1,"204":1,"211":1,"212":1,"217":1,"218":1,"224":1,"225":1,"229":1,"230":34,"231":34,"232":31,"235":1,"236":1,"237":0,"238":0,"240":0,"241":0,"243":0,"244":0,"246":0,"247":0,"248":0,"250":0,"251":0,"253":0,"257":1,"258":1,"259":0,"260":0,"264":1,"265":1,"266":0,"267":0,"270":1,"272":1,"273":187,"274":74,"275":74,"277":0,"278":113,"279":0,"282":113,"283":0,"285":113,"286":0,"288":113,"289":113,"290":113,"292":113,"293":0,"295":113,"298":113,"299":113,"300":113,"302":113,"303":0,"305":113,"306":0,"308":113,"309":0,"312":113,"313":113,"315":0,"316":0,"317":0,"318":0,"319":0,"321":0,"324":113,"325":113,"328":1,"329":113,"330":113,"331":0,"332":113,"335":1,"336":0,"339":1,"340":74,"341":74,"342":0,"344":74,"347":1,"348":74,"349":0,"351":74,"356":1,"357":31,"358":0,"361":31,"362":0,"363":31,"364":0,"365":31,"366":31,"368":0,"369":0,"370":0,"371":0,"372":0,"373":0,"374":0,"375":0,"376":0,"377":0,"378":0,"379":0,"380":0,"382":0,"388":1,"389":0,"391":0,"392":0,"393":0,"394":0,"395":0,"396":0,"398":0,"399":0,"400":0,"401":0,"402":0,"407":0,"408":0,"409":0,"410":0,"414":0,"415":0,"416":0,"417":0,"424":0,"425":0,"426":0,"427":0,"428":0,"429":0,"435":0,"436":0,"437":0,"438":0,"439":0,"445":0,"446":0,"447":0,"448":0,"452":0,"453":0,"455":0,"456":0,"457":0,"458":0,"459":0,"462":0,"463":0,"465":0,"468":0,"469":0,"470":0,"472":0,"474":0,"477":0,"479":0,"480":0,"481":0,"484":1,"485":1,"486":0,"487":0,"488":0,"491":0,"492":0,"494":0,"498":1,"499":1,"500":0,"501":0,"503":0,"504":0,"505":0,"506":0,"507":0,"508":0,"509":0,"513":0,"515":0,"516":0,"517":0,"518":0,"525":1,"527":1,"528":1,"529":152,"530":152,"532":152,"533":152,"534":152,"537":152,"544":1,"545":1,"546":0,"549":1,"550":1,"551":0,"554":1,"555":1,"556":0,"559":1,"560":1,"561":0,"564":1,"565":1,"566":74,"569":1,"570":1,"571":0,"574":1,"575":1,"576":0,"579":1,"580":1,"581":0,"582":0,"586":1,"587":1,"588":0,"589":0,"593":1,"594":1,"595":0,"598":1,"599":1,"600":35,"603":1,"604":1,"605":4,"608":1,"609":1,"610":0,"613":1,"614":1,"615":35,"618":1,"619":1,"620":0,"623":1,"624":1,"625":74,"626":74,"628":0,"629":0,"630":0,"631":0,"633":0,"634":0,"635":0,"636":0,"637":4,"638":0,"639":0,"640":35,"641":35,"642":0,"643":0,"645":74,"648":1,"649":1,"650":74,"651":0,"652":0,"654":0,"657":74,"658":0,"660":74,"661":74,"662":74,"664":74,"665":0,"667":74,"669":74,"672":1,"673":1,"674":74,"675":74,"677":74,"678":0,"680":74,"681":74,"682":0,"685":74,"686":0,"688":74,"691":1,"692":74,"695":1,"696":74,"698":74,"699":0,"701":74,"702":0,"704":74,"708":1,"709":1,"710":39,"711":0,"713":39,"714":0,"716":39,"719":39,"720":39,"721":39,"724":39,"727":39,"728":0,"731":39,"734":1,"735":39,"736":39,"738":39,"741":1,"742":0,"745":1,"746":39,"747":39,"748":39,"750":39,"751":39,"752":39,"754":39,"755":39,"758":39,"761":39,"764":39,"769":39,"770":39,"771":39,"773":39,"775":0,"776":0,"779":39,"780":74,"783":39,"787":1,"788":1,"789":0,"790":0,"791":0,"799":1,"800":39,"801":39,"802":39,"803":39,"804":39,"805":39,"806":39,"807":39,"808":39,"809":39,"812":1,"813":327,"822":1,"823":39,"824":74,"828":1,"829":74,"830":74,"831":0,"832":0,"834":0,"835":0,"836":0,"837":0,"838":0,"840":0,"841":0,"842":0,"843":0,"844":0,"845":0,"849":0,"852":0,"853":0,"863":1,"864":39,"865":39,"869":1,"870":39,"871":39,"872":39,"873":35,"874":35,"876":35,"877":0,"878":35,"879":0,"880":35,"881":0,"882":0,"884":0,"885":35,"886":0,"887":0,"888":0,"889":0,"890":0,"891":0,"894":0,"897":0,"900":35,"901":35,"902":0,"903":0,"906":0,"909":35,"913":35,"914":35,"918":1,"919":39,"920":39,"921":74,"925":1,"926":74,"927":74,"928":74,"929":74,"930":74,"931":74,"932":74,"933":74,"935":74,"936":0,"938":74,"939":0,"941":0,"944":0,"946":74,"948":0,"949":0,"950":0,"951":0,"953":0,"957":0,"958":0,"959":0,"960":0,"961":0,"962":0,"963":0,"964":0,"966":0,"969":0,"970":0,"971":0,"973":0,"976":0,"977":74,"978":0,"979":74,"980":0,"983":74,"985":74,"991":1,"992":39,"994":39,"1002":1,"1006":0,"1007":0,"1008":0,"1009":0,"1010":0,"1011":0,"1013":0,"1015":0,"1016":0,"1017":0,"1018":0,"1019":0,"1020":0,"1021":0,"1022":0,"1024":0,"1026":0,"1031":1,"1032":39,"1033":0,"1035":39,"1036":39,"1038":39,"1039":39,"1040":39,"1042":0,"1045":1,"1046":39,"1047":74,"1048":0,"1051":39,"1057":0,"1058":0,"1059":0,"1060":0,"1062":0,"1063":0,"1064":0,"1067":0,"1072":0,"1075":39,"1078":1,"1079":1,"1080":39,"1081":39,"1083":0,"1085":39,"1088":1,"1089":1,"1090":0,"1091":0,"1093":0,"1097":1,"1098":1,"1099":0,"1100":0,"1102":0,"1106":1,"1107":1,"1108":0,"1111":0,"1113":0,"1118":1,"1119":1,"1120":0,"1124":1,"1125":1,"1126":0,"1129":1,"1130":1,"1131":0,"1132":0,"1134":0,"1135":0,"1137":0,"1138":0,"1139":0,"1140":0,"1141":0,"1142":0,"1144":0,"1145":0,"1146":0,"1147":0,"1148":0,"1149":0,"1151":0,"1155":0,"1156":0,"1162":0,"1163":0,"1165":0,"1166":0,"1168":0,"1169":0,"1170":0,"1172":0,"1173":0,"1174":0,"1175":0,"1176":0,"1177":0,"1183":0,"1184":0,"1189":0,"1191":0,"1192":0,"1193":0,"1196":0,"1199":1,"1200":1,"1201":0,"1202":0}},"/home/travis/build/npmtest/node-npmtest-protobufjs/node_modules/protobufjs/scripts/gentests.js":{"path":"/home/travis/build/npmtest/node-npmtest-protobufjs/node_modules/protobufjs/scripts/gentests.js","s":{"1":2,"2":0,"3":0,"4":0,"5":0,"6":0,"7":0,"8":0,"9":0,"10":0,"11":0,"12":0,"13":0,"14":0,"15":0,"16":0,"17":0,"18":0,"19":0,"20":0,"21":0,"22":0,"23":0,"24":0},"b":{"1":[0,0],"2":[0,0],"3":[0,0],"4":[0,0]},"f":{"1":0,"2":0,"3":0,"4":0,"5":0},"fnMap":{"1":{"name":"(anonymous_1)","line":17,"loc":{"start":{"line":17,"column":9},"end":{"line":17,"column":40}}},"2":{"name":"(anonymous_2)","line":26,"loc":{"start":{"line":26,"column":23},"end":{"line":26,"column":38}}},"3":{"name":"(anonymous_3)","line":28,"loc":{"start":{"line":28,"column":9},"end":{"line":28,"column":31}}},"4":{"name":"(anonymous_4)","line":48,"loc":{"start":{"line":48,"column":9},"end":{"line":48,"column":24}}},"5":{"name":"(anonymous_5)","line":53,"loc":{"start":{"line":53,"column":7},"end":{"line":53,"column":29}}}},"statementMap":{"1":{"start":{"line":2,"column":0},"end":{"line":5,"column":34}},"2":{"start":{"line":7,"column":0},"end":{"line":42,"column":3}},"3":{"start":{"line":18,"column":4},"end":{"line":18,"column":48}},"4":{"start":{"line":19,"column":4},"end":{"line":20,"column":59}},"5":{"start":{"line":20,"column":8},"end":{"line":20,"column":59}},"6":{"start":{"line":21,"column":4},"end":{"line":41,"column":7}},"7":{"start":{"line":27,"column":8},"end":{"line":27,"column":27}},"8":{"start":{"line":29,"column":8},"end":{"line":30,"column":22}},"9":{"start":{"line":30,"column":12},"end":{"line":30,"column":22}},"10":{"start":{"line":31,"column":8},"end":{"line":31,"column":95}},"11":{"start":{"line":32,"column":8},"end":{"line":32,"column":106}},"12":{"start":{"line":33,"column":8},"end":{"line":33,"column":68}},"13":{"start":{"line":34,"column":8},"end":{"line":40,"column":9}},"14":{"start":{"line":35,"column":12},"end":{"line":35,"column":53}},"15":{"start":{"line":37,"column":12},"end":{"line":39,"column":13}},"16":{"start":{"line":38,"column":16},"end":{"line":38,"column":69}},"17":{"start":{"line":44,"column":0},"end":{"line":60,"column":3}},"18":{"start":{"line":49,"column":4},"end":{"line":49,"column":45}},"19":{"start":{"line":50,"column":4},"end":{"line":59,"column":7}},"20":{"start":{"line":54,"column":8},"end":{"line":55,"column":22}},"21":{"start":{"line":55,"column":12},"end":{"line":55,"column":22}},"22":{"start":{"line":56,"column":8},"end":{"line":56,"column":88}},"23":{"start":{"line":57,"column":8},"end":{"line":57,"column":97}},"24":{"start":{"line":58,"column":8},"end":{"line":58,"column":68}}},"branchMap":{"1":{"line":19,"type":"if","locations":[{"start":{"line":19,"column":4},"end":{"line":19,"column":4}},{"start":{"line":19,"column":4},"end":{"line":19,"column":4}}]},"2":{"line":29,"type":"if","locations":[{"start":{"line":29,"column":8},"end":{"line":29,"column":8}},{"start":{"line":29,"column":8},"end":{"line":29,"column":8}}]},"3":{"line":37,"type":"if","locations":[{"start":{"line":37,"column":12},"end":{"line":37,"column":12}},{"start":{"line":37,"column":12},"end":{"line":37,"column":12}}]},"4":{"line":54,"type":"if","locations":[{"start":{"line":54,"column":8},"end":{"line":54,"column":8}},{"start":{"line":54,"column":8},"end":{"line":54,"column":8}}]}},"code":["\"use strict\";","var fs   = require(\"fs\"),","    path = require(\"path\"),","    pbjs = require(\"../cli/pbjs\"),","    pbts = require(\"../cli/pbts\");","","[","    { file: \"tests/data/comments.proto\", flags: [] },","    { file: \"tests/data/convert.proto\", flags: [] },","    { file: \"tests/data/mapbox/vector_tile.proto\", flags: [] },","    { file: \"tests/data/package.proto\", flags: [] },","    { file: \"tests/data/rpc.proto\", flags: [ \"es6\" ] },","    { file: \"tests/data/rpc.proto\", flags: [] },","    { file: \"tests/data/test.proto\", flags: [] },","    { file: \"bench/data/bench.proto\", flags: [\"no-create\", \"no-verify\", \"no-delimited\", \"no-convert\", \"no-comments\"], out: \"bench/data/static_pbjs.js\" }","]",".forEach(function({ file, flags, out }) {","    var basename = file.replace(/\\.proto$/, \"\");","    if (!out)","        out = [ basename ].concat(flags).join(\"-\") + \".js\";","    pbjs.main([","        \"--target\", \"static-module\",","        \"--wrap\", \"commonjs\",","        \"--root\", \"test_\" + path.basename(basename, \".js\"),","        file","    ].concat(flags.map(function(flag) {","        return \"--\" + flag;","    })), function(err, output) {","        if (err)","            throw err;","        var pathToProtobufjs = path.relative(path.dirname(out), \"minimal\").replace(/\\\\/g, \"/\");","        fs.writeFileSync(out, output.replace(/\"protobufjs\\/minimal\"/g, JSON.stringify(pathToProtobufjs)));","        process.stdout.write(\"pbjs: \" + file + \" -> \" + out + \"\\n\");","        try {","            require(path.join(__dirname, \"..\", out));","        } catch (err) {","            if (!flags.includes(\"es6\")) {","                process.stderr.write(\"ERROR: \" + err.message + \"\\n\");","            }","        }","    });","});","","[","    \"tests/data/rpc.js\",","    \"tests/data/test.js\",","]",".forEach(function(file) {","    var out = file.replace(/\\.js$/, \".d.ts\");","    pbts.main([","        \"--no-comments\",","        file","    ], function(err, output) {","        if (err)","            throw err;","        var pathToProtobufjs = path.relative(path.dirname(out), \"\").replace(/\\\\/g, \"/\");","        fs.writeFileSync(out, output.replace(/\"protobufjs\"/g, JSON.stringify(pathToProtobufjs)));","        process.stdout.write(\"pbts: \" + file + \" -> \" + out + \"\\n\");","    });","});"],"l":{"2":2,"7":0,"18":0,"19":0,"20":0,"21":0,"27":0,"29":0,"30":0,"31":0,"32":0,"33":0,"34":0,"35":0,"37":0,"38":0,"44":0,"49":0,"50":0,"54":0,"55":0,"56":0,"57":0,"58":0}},"/home/travis/build/npmtest/node-npmtest-protobufjs/node_modules/protobufjs/scripts/gulpfile.js":{"path":"/home/travis/build/npmtest/node-npmtest-protobufjs/node_modules/protobufjs/scripts/gulpfile.js","s":{"1":2,"2":0,"3":1,"4":0,"5":0,"6":0,"7":0,"8":0,"9":0,"10":0,"11":0,"12":0},"b":{},"f":{"1":0,"2":0},"fnMap":{"1":{"name":"defineTask","line":6,"loc":{"start":{"line":6,"column":0},"end":{"line":6,"column":41}}},"2":{"name":"(anonymous_2)","line":16,"loc":{"start":{"line":16,"column":56},"end":{"line":16,"column":75}}}},"statementMap":{"1":{"start":{"line":1,"column":0},"end":{"line":2,"column":33}},"2":{"start":{"line":4,"column":0},"end":{"line":4,"column":21}},"3":{"start":{"line":6,"column":0},"end":{"line":24,"column":1}},"4":{"start":{"line":7,"column":4},"end":{"line":10,"column":8}},"5":{"start":{"line":11,"column":4},"end":{"line":15,"column":8}},"6":{"start":{"line":16,"column":4},"end":{"line":22,"column":7}},"7":{"start":{"line":17,"column":8},"end":{"line":21,"column":10}},"8":{"start":{"line":23,"column":4},"end":{"line":23,"column":77}},"9":{"start":{"line":26,"column":0},"end":{"line":26,"column":65}},"10":{"start":{"line":27,"column":0},"end":{"line":27,"column":65}},"11":{"start":{"line":28,"column":0},"end":{"line":28,"column":65}},"12":{"start":{"line":30,"column":0},"end":{"line":30,"column":34}}},"branchMap":{},"code":["var gulp   = require(\"gulp\"),","    bundle = require(\"./bundle\");","","var defaultTask = [];","","function defineTask(name, entry, target) {","    gulp.task(name + \"-bundle\", bundle.bind(this, {","        entry    : entry,","        target   : target","    }));","    gulp.task(name + \"-minify\" , [ name + \"-bundle\" ], bundle.bind(this, {","        entry    : entry,","        target   : target,","        compress : true","    }));","    gulp.task(name + \"-compress\", [ name + \"-minify\" ], function(callback) {","        bundle.compress(","            target + \"/protobuf.min.js\",","            target + \"/protobuf.min.js.gz\",","            callback","        );","    });","    defaultTask.push(name + \"-bundle\", name + \"-minify\", name + \"-compress\");","}","","defineTask(\"full\"   , \"../src/index\"        , \"../dist\"        );","defineTask(\"light\"  , \"../src/index-light\"  , \"../dist/light\"  );","defineTask(\"minimal\", \"../src/index-minimal\", \"../dist/minimal\");","","gulp.task(\"default\", defaultTask);",""],"l":{"1":2,"4":0,"6":1,"7":0,"11":0,"16":0,"17":0,"23":0,"26":0,"27":0,"28":0,"30":0}},"/home/travis/build/npmtest/node-npmtest-protobufjs/node_modules/protobufjs/scripts/pages.js":{"path":"/home/travis/build/npmtest/node-npmtest-protobufjs/node_modules/protobufjs/scripts/pages.js","s":{"1":2,"2":0,"3":0,"4":0,"5":0,"6":0},"b":{"1":[0,0]},"f":{"1":0,"2":0},"fnMap":{"1":{"name":"(anonymous_1)","line":8,"loc":{"start":{"line":8,"column":12},"end":{"line":8,"column":30}}},"2":{"name":"(anonymous_2)","line":11,"loc":{"start":{"line":11,"column":3},"end":{"line":11,"column":17}}}},"statementMap":{"1":{"start":{"line":4,"column":0},"end":{"line":5,"column":30}},"2":{"start":{"line":7,"column":0},"end":{"line":16,"column":3}},"3":{"start":{"line":9,"column":8},"end":{"line":9,"column":29}},"4":{"start":{"line":12,"column":4},"end":{"line":15,"column":28}},"5":{"start":{"line":13,"column":8},"end":{"line":13,"column":27}},"6":{"start":{"line":15,"column":8},"end":{"line":15,"column":28}}},"branchMap":{"1":{"line":12,"type":"if","locations":[{"start":{"line":12,"column":4},"end":{"line":12,"column":4}},{"start":{"line":12,"column":4},"end":{"line":12,"column":4}}]}},"code":["/*eslint-disable no-console*/","\"use strict\";","","var ghpages = require(\"gh-pages\"),","    path    = require(\"path\");","","ghpages.publish(path.join(__dirname, \"..\", \"docs\"), {","    logger: function(message) {","        console.log(message);","    }","}, function(err) {","    if (err)","        console.error(err);","    else","        console.log(\"done\");","});",""],"l":{"4":2,"7":0,"9":0,"12":0,"13":0,"15":0}},"/home/travis/build/npmtest/node-npmtest-protobufjs/node_modules/protobufjs/scripts/prepublish.js":{"path":"/home/travis/build/npmtest/node-npmtest-protobufjs/node_modules/protobufjs/scripts/prepublish.js","s":{"1":1,"2":1,"3":2},"b":{},"f":{"1":2},"fnMap":{"1":{"name":"(anonymous_1)","line":11,"loc":{"start":{"line":11,"column":9},"end":{"line":11,"column":24}}}},"statementMap":{"1":{"start":{"line":3,"column":0},"end":{"line":4,"column":25}},"2":{"start":{"line":7,"column":0},"end":{"line":13,"column":3}},"3":{"start":{"line":12,"column":4},"end":{"line":12,"column":99}}},"branchMap":{},"code":["\"use strict\";","","var path = require(\"path\"),","    fs   = require(\"fs\");","","// ensure LF on bin files","[","    path.join(__dirname, \"..\", \"bin\", \"pbjs\"),","    path.join(__dirname, \"..\", \"bin\", \"pbts\")","]",".forEach(function(file) {","    fs.writeFileSync(file, fs.readFileSync(file).toString(\"utf8\").replace(/\\r?\\n/g, \"\\n\"), \"utf8\");","});",""],"l":{"3":1,"7":1,"12":2}}}